[INFO] Start training with config:
{
  "data_root": "/home/cislab301b/peter/ORAN-Traffic-Prediction/Dataset/colosseum-oran-coloran-dataset",
  "train_dirs": [
    "tr0-9",
    "tr11-14",
    "tr16-27"
  ],
  "val_dirs": [
    "tr10"
  ],
  "test_dirs": [
    "tr15"
  ],
  "slice_type": "urllc",
  "val_split": 0.2,
  "sequence_length": 30,
  "horizon": 1,
  "chunk_size": 64,
  "batch_size": 1024,
  "epochs": 100,
  "learning_rate": 0.0001,
  "weight_decay": 0.0,
  "scheduler": "cosine",
  "patience": 30,
  "seed": 42,
  "rnn_type": "bilstm",
  "lstm_hidden": 128,
  "lstm_layers": 2,
  "lstm_dropout": 0.3,
  "d_model": 128,
  "n_heads": 4,
  "n_layers": 3,
  "dim_feedforward": 512,
  "vit_dropout": 0.3,
  "lambda_smooth": 0.0,
  "loss_type": "mse",
  "weight_alpha": 4.0,
  "weight_quantile": 0.9,
  "weight_upper_quantile": 0.99,
  "lambda_ref_iqr": 104.0,
  "disable_scale_aware_lambda": false,
  "num_workers": 0,
  "device": "auto",
  "output_dir": "/home/cislab301b/peter/ORAN-Traffic-Prediction/model8/results/urllc_20260422_201530"
}
[INFO] Device: cuda
[INFO] Val trials (explicit): ['tr10']
[INFO] Slice=urllc | train_csv=1800 | val_csv=94 | test_csv=69
[INFO] Loading train CSV files...
[INFO] Loading val CSV files...
[INFO] Loading test CSV files...
[INFO] Use explicit val dirs: train=1800 val=94 (--val_split ignored)
[INFO] Train feature non-zero ratio:
  - dl_buffer: 0.0905
  - ul_buffer: 0.0036
  - tx_brate: 0.8822
  - rx_brate: 0.2708
  - ul_sinr: 0.2552
  - dl_mcs: 0.8819
  - ul_mcs: 0.2552
  - phr: 0.2525
  - tx_pkts: 0.8822
  - rx_pkts: 0.3029
  - dl_cqi: 1.0000
  - rx_errors_ul: 0.1811
  - dl_n_samples: 0.8822
  - ul_n_samples: 0.3029
  - sum_requested_prbs: 0.8822
[INFO] Windows | train=3621873 val=187544 test=140561
[INFO] Input feature dimension: 15 (['dl_buffer', 'ul_buffer', 'tx_brate', 'rx_brate', 'ul_sinr', 'dl_mcs', 'ul_mcs', 'phr', 'tx_pkts', 'rx_pkts', 'dl_cqi', 'rx_errors_ul', 'dl_n_samples', 'ul_n_samples', 'sum_requested_prbs'])
[INFO] lambda_smooth | base=0.000000, effective=0.000000, target_iqr=103.000000, multiplier=1.004843, scale_aware=on
/home/cislab301b/miniforge3/envs/peter/lib/python3.12/site-packages/torch/nn/modules/transformer.py:392: UserWarning: enable_nested_tensor is True, but self.use_nested_tensor is False because encoder_layer.norm_first was True
  warnings.warn(
[INFO] loss_type=mse (unweighted)
[Epoch 001] train=3.188993 (main=3.188993, smooth=0.823044) | val=1.201491 (main=1.201491, smooth=0.792655) | lr=9.997533e-05 | time=144.61s
[INFO] Saved new best checkpoint at epoch 1.
[Epoch 002] train=2.930913 (main=2.930913, smooth=0.821552) | val=1.392041 (main=1.392041, smooth=0.792201) | lr=9.990134e-05 | time=146.10s
[Epoch 003] train=2.753196 (main=2.753196, smooth=0.820503) | val=1.070003 (main=1.070003, smooth=0.792836) | lr=9.977810e-05 | time=152.34s
[INFO] Saved new best checkpoint at epoch 3.
[Epoch 004] train=2.790563 (main=2.790563, smooth=0.819189) | val=1.637924 (main=1.637924, smooth=0.794661) | lr=9.960574e-05 | time=154.35s
[Epoch 005] train=2.782125 (main=2.782125, smooth=0.818784) | val=1.175320 (main=1.175320, smooth=0.792710) | lr=9.938442e-05 | time=152.50s
[Epoch 006] train=2.967754 (main=2.967754, smooth=0.818433) | val=3.105908 (main=3.105908, smooth=0.795050) | lr=9.911436e-05 | time=153.27s
[Epoch 007] train=2.855419 (main=2.855419, smooth=0.817704) | val=1.872440 (main=1.872440, smooth=0.791696) | lr=9.879584e-05 | time=153.11s
[Epoch 008] train=2.767898 (main=2.767898, smooth=0.814758) | val=1.322184 (main=1.322184, smooth=0.792597) | lr=9.842916e-05 | time=150.93s
[Epoch 009] train=2.754184 (main=2.754184, smooth=0.814293) | val=1.511155 (main=1.511155, smooth=0.793127) | lr=9.801468e-05 | time=151.09s
[Epoch 010] train=2.848312 (main=2.848312, smooth=0.813823) | val=1.611098 (main=1.611098, smooth=0.791139) | lr=9.755283e-05 | time=155.85s
[Epoch 011] train=2.769327 (main=2.769327, smooth=0.813051) | val=2.192059 (main=2.192059, smooth=0.795505) | lr=9.704404e-05 | time=153.43s
[Epoch 012] train=2.778556 (main=2.778556, smooth=0.813359) | val=1.578006 (main=1.578006, smooth=0.794347) | lr=9.648882e-05 | time=151.19s
[Epoch 013] train=2.782815 (main=2.782815, smooth=0.812407) | val=1.394987 (main=1.394987, smooth=0.793806) | lr=9.588773e-05 | time=153.14s
[Epoch 014] train=2.795484 (main=2.795484, smooth=0.811876) | val=1.236729 (main=1.236729, smooth=0.799276) | lr=9.524135e-05 | time=154.64s
[Epoch 015] train=2.748082 (main=2.748082, smooth=0.811791) | val=1.343500 (main=1.343500, smooth=0.792588) | lr=9.455033e-05 | time=149.03s
[Epoch 016] train=2.726552 (main=2.726552, smooth=0.811631) | val=2.029316 (main=2.029316, smooth=0.792789) | lr=9.381533e-05 | time=150.82s
[Epoch 017] train=2.736679 (main=2.736679, smooth=0.811512) | val=2.144150 (main=2.144150, smooth=0.792832) | lr=9.303710e-05 | time=151.94s
[Epoch 018] train=2.745394 (main=2.745394, smooth=0.810838) | val=1.899143 (main=1.899143, smooth=0.796444) | lr=9.221640e-05 | time=150.44s
[Epoch 019] train=2.740177 (main=2.740177, smooth=0.810751) | val=1.805751 (main=1.805751, smooth=0.793186) | lr=9.135403e-05 | time=149.57s
[Epoch 020] train=2.756601 (main=2.756601, smooth=0.810540) | val=1.803902 (main=1.803902, smooth=0.793548) | lr=9.045085e-05 | time=159.14s
[Epoch 021] train=2.741847 (main=2.741847, smooth=0.811161) | val=1.310826 (main=1.310826, smooth=0.793760) | lr=8.950775e-05 | time=145.43s
[Epoch 022] train=2.757698 (main=2.757698, smooth=0.810966) | val=1.441758 (main=1.441758, smooth=0.794945) | lr=8.852566e-05 | time=155.82s
[Epoch 023] train=2.733071 (main=2.733071, smooth=0.810482) | val=1.327187 (main=1.327187, smooth=0.794026) | lr=8.750555e-05 | time=152.07s
[Epoch 024] train=2.768340 (main=2.768340, smooth=0.810409) | val=1.470609 (main=1.470609, smooth=0.792918) | lr=8.644843e-05 | time=155.07s
[Epoch 025] train=2.720939 (main=2.720939, smooth=0.810691) | val=1.460073 (main=1.460073, smooth=0.791005) | lr=8.535534e-05 | time=151.93s
[Epoch 026] train=2.742043 (main=2.742043, smooth=0.810034) | val=1.298156 (main=1.298156, smooth=0.793345) | lr=8.422736e-05 | time=154.43s
[Epoch 027] train=2.703571 (main=2.703571, smooth=0.809895) | val=1.277348 (main=1.277348, smooth=0.793090) | lr=8.306559e-05 | time=153.39s
[Epoch 028] train=2.713007 (main=2.713007, smooth=0.809419) | val=1.858148 (main=1.858148, smooth=0.792782) | lr=8.187120e-05 | time=156.94s
[Epoch 029] train=2.718125 (main=2.718125, smooth=0.809617) | val=1.575443 (main=1.575443, smooth=0.791341) | lr=8.064535e-05 | time=158.36s
[Epoch 030] train=2.702168 (main=2.702168, smooth=0.809476) | val=1.671263 (main=1.671263, smooth=0.790749) | lr=7.938926e-05 | time=106.62s
[Epoch 031] train=2.700665 (main=2.700665, smooth=0.808928) | val=2.034313 (main=2.034313, smooth=0.795282) | lr=7.810417e-05 | time=105.00s
[Epoch 032] train=2.646505 (main=2.646505, smooth=0.809406) | val=1.193652 (main=1.193652, smooth=0.793505) | lr=7.679134e-05 | time=105.17s
[Epoch 033] train=2.822016 (main=2.822016, smooth=0.809426) | val=1.295685 (main=1.295685, smooth=0.790915) | lr=7.545207e-05 | time=73.02s
[INFO] Early stopping triggered at epoch 33.
[INFO] Best epoch=3, best_val_loss=1.070003
[INFO] Test metrics | MAE=80.659935, RMSE=147.445969, R2=0.442355, MAPE=38.243122, valid_ratio=0.8988
[INFO] Prediction subplot groups (experiments): 5
[INFO] Training finished.
