[INFO] Start training with config:
{
  "data_root": "/home/cislab301b/peter/ORAN-Traffic-Prediction/Dataset/colosseum-oran-coloran-dataset",
  "train_dirs": [
    "tr0-9",
    "tr11-14",
    "tr16-27"
  ],
  "val_dirs": [
    "tr10"
  ],
  "test_dirs": [
    "tr15"
  ],
  "slice_type": "embb",
  "val_split": 0.2,
  "sequence_length": 30,
  "horizon": 1,
  "chunk_size": 64,
  "batch_size": 512,
  "epochs": 100,
  "learning_rate": 1e-05,
  "weight_decay": 0.0,
  "scheduler": "cosine",
  "patience": 20,
  "seed": 42,
  "rnn_type": "lstm",
  "lstm_hidden": 128,
  "lstm_layers": 2,
  "lstm_dropout": 0.2,
  "d_model": 128,
  "n_heads": 4,
  "n_layers": 3,
  "dim_feedforward": 512,
  "vit_dropout": 0.2,
  "lambda_smooth": 0.0,
  "loss_type": "mse",
  "weight_alpha": 4.0,
  "weight_quantile": 0.9,
  "weight_upper_quantile": 0.99,
  "lambda_ref_iqr": 104.0,
  "disable_scale_aware_lambda": false,
  "num_workers": 0,
  "device": "auto",
  "output_dir": "/home/cislab301b/peter/ORAN-Traffic-Prediction/model8/results/embb_20260422_214606"
}
[INFO] Device: cuda
[INFO] Val trials (explicit): ['tr10']
[INFO] Slice=embb | train_csv=1810 | val_csv=95 | test_csv=68
[INFO] Loading train CSV files...
[INFO] Loading val CSV files...
[INFO] Loading test CSV files...
[INFO] Use explicit val dirs: train=1810 val=95 (--val_split ignored)
[INFO] Train feature non-zero ratio:
  - dl_buffer: 0.8416
  - ul_buffer: 0.0067
  - tx_brate: 0.8828
  - rx_brate: 0.3706
  - ul_sinr: 0.3041
  - dl_mcs: 0.8826
  - ul_mcs: 0.3041
  - phr: 0.3490
  - tx_pkts: 0.8828
  - rx_pkts: 0.3920
  - dl_cqi: 1.0000
  - rx_errors_ul: 0.2545
  - dl_n_samples: 0.8828
  - ul_n_samples: 0.3920
  - sum_requested_prbs: 0.1603
[INFO] Windows | train=3612577 val=187158 test=136464
[INFO] Input feature dimension: 15 (['dl_buffer', 'ul_buffer', 'tx_brate', 'rx_brate', 'ul_sinr', 'dl_mcs', 'ul_mcs', 'phr', 'tx_pkts', 'rx_pkts', 'dl_cqi', 'rx_errors_ul', 'dl_n_samples', 'ul_n_samples', 'sum_requested_prbs'])
[INFO] lambda_smooth | base=0.000000, effective=0.000000, target_iqr=2520.000000, multiplier=0.203150, scale_aware=on
/home/cislab301b/miniforge3/envs/peter/lib/python3.12/site-packages/torch/nn/modules/transformer.py:392: UserWarning: enable_nested_tensor is True, but self.use_nested_tensor is False because encoder_layer.norm_first was True
  warnings.warn(
[INFO] loss_type=mse (unweighted)
[Epoch 001] train=0.055010 (main=0.055010, smooth=0.098450) | val=0.020394 (main=0.020394, smooth=0.083463) | lr=9.997533e-06 | time=137.69s
[INFO] Saved new best checkpoint at epoch 1.
[Epoch 002] train=0.027618 (main=0.027618, smooth=0.090309) | val=0.018867 (main=0.018867, smooth=0.083040) | lr=9.990134e-06 | time=165.90s
[INFO] Saved new best checkpoint at epoch 2.
[Epoch 003] train=0.026489 (main=0.026489, smooth=0.086427) | val=0.018197 (main=0.018197, smooth=0.082945) | lr=9.977810e-06 | time=172.05s
[INFO] Saved new best checkpoint at epoch 3.
[Epoch 004] train=0.025696 (main=0.025696, smooth=0.084120) | val=0.017945 (main=0.017945, smooth=0.082736) | lr=9.960574e-06 | time=165.82s
[INFO] Saved new best checkpoint at epoch 4.
[Epoch 005] train=0.025260 (main=0.025260, smooth=0.082335) | val=0.017867 (main=0.017867, smooth=0.082618) | lr=9.938442e-06 | time=171.50s
[INFO] Saved new best checkpoint at epoch 5.
[Epoch 006] train=0.025071 (main=0.025071, smooth=0.080993) | val=0.016988 (main=0.016988, smooth=0.082551) | lr=9.911436e-06 | time=173.02s
[INFO] Saved new best checkpoint at epoch 6.
[Epoch 007] train=0.024788 (main=0.024788, smooth=0.080004) | val=0.016976 (main=0.016976, smooth=0.082552) | lr=9.879584e-06 | time=165.55s
[INFO] Saved new best checkpoint at epoch 7.
[Epoch 008] train=0.024442 (main=0.024442, smooth=0.079088) | val=0.017080 (main=0.017080, smooth=0.082576) | lr=9.842916e-06 | time=166.88s
[Epoch 009] train=0.024287 (main=0.024287, smooth=0.078335) | val=0.017362 (main=0.017362, smooth=0.082549) | lr=9.801468e-06 | time=176.44s
[Epoch 010] train=0.023283 (main=0.023283, smooth=0.077957) | val=0.018402 (main=0.018402, smooth=0.082784) | lr=9.755283e-06 | time=173.69s
[Epoch 011] train=0.022604 (main=0.022604, smooth=0.077847) | val=0.019024 (main=0.019024, smooth=0.082641) | lr=9.704404e-06 | time=168.79s
[Epoch 012] train=0.022187 (main=0.022187, smooth=0.077293) | val=0.019365 (main=0.019365, smooth=0.082689) | lr=9.648882e-06 | time=170.82s
[Epoch 013] train=0.021847 (main=0.021847, smooth=0.076937) | val=0.018515 (main=0.018515, smooth=0.082724) | lr=9.588773e-06 | time=169.82s
[Epoch 014] train=0.021669 (main=0.021669, smooth=0.076762) | val=0.018528 (main=0.018528, smooth=0.082622) | lr=9.524135e-06 | time=173.19s
[Epoch 015] train=0.021474 (main=0.021474, smooth=0.076392) | val=0.019184 (main=0.019184, smooth=0.083199) | lr=9.455033e-06 | time=168.50s
[Epoch 016] train=0.021309 (main=0.021309, smooth=0.075873) | val=0.019468 (main=0.019468, smooth=0.083217) | lr=9.381533e-06 | time=172.89s
[Epoch 017] train=0.021127 (main=0.021127, smooth=0.075555) | val=0.018791 (main=0.018791, smooth=0.083144) | lr=9.303710e-06 | time=172.96s
[Epoch 018] train=0.021015 (main=0.021015, smooth=0.075241) | val=0.020342 (main=0.020342, smooth=0.083777) | lr=9.221640e-06 | time=174.23s
[Epoch 019] train=0.020794 (main=0.020794, smooth=0.074925) | val=0.019607 (main=0.019607, smooth=0.082471) | lr=9.135403e-06 | time=169.62s
[Epoch 020] train=0.020688 (main=0.020688, smooth=0.074725) | val=0.019412 (main=0.019412, smooth=0.083505) | lr=9.045085e-06 | time=179.27s
[Epoch 021] train=0.020669 (main=0.020669, smooth=0.074485) | val=0.019741 (main=0.019741, smooth=0.083235) | lr=8.950775e-06 | time=173.75s
[Epoch 022] train=0.020565 (main=0.020565, smooth=0.074257) | val=0.020632 (main=0.020632, smooth=0.082934) | lr=8.852566e-06 | time=170.78s
[Epoch 023] train=0.020436 (main=0.020436, smooth=0.074038) | val=0.020066 (main=0.020066, smooth=0.082919) | lr=8.750555e-06 | time=165.85s
[Epoch 024] train=0.020405 (main=0.020405, smooth=0.073575) | val=0.020254 (main=0.020254, smooth=0.083092) | lr=8.644843e-06 | time=171.99s
[Epoch 025] train=0.020104 (main=0.020104, smooth=0.073584) | val=0.020791 (main=0.020791, smooth=0.082905) | lr=8.535534e-06 | time=168.64s
[Epoch 026] train=0.019066 (main=0.019066, smooth=0.073241) | val=0.019440 (main=0.019440, smooth=0.082660) | lr=8.422736e-06 | time=166.35s
[Epoch 027] train=0.018409 (main=0.018409, smooth=0.072799) | val=0.020854 (main=0.020854, smooth=0.082254) | lr=8.306559e-06 | time=177.69s
[INFO] Early stopping triggered at epoch 27.
[INFO] Best epoch=7, best_val_loss=0.016976
[INFO] Test metrics | MAE=138.916351, RMSE=213.700348, R2=0.957863, MAPE=7.075224, valid_ratio=0.8977
[INFO] Prediction subplot groups (experiments): 5
[INFO] Training finished.
