[INFO] Start training with config:
{
  "data_root": "/home/cislab301b/peter/ORAN-Traffic-Prediction/Dataset/colosseum-oran-coloran-dataset",
  "train_dirs": [
    "tr0"
  ],
  "test_dirs": [
    "tr1"
  ],
  "slice_type": "mmtc",
  "val_split": 0.2,
  "sequence_length": 15,
  "horizon": 1,
  "chunk_size": 64,
  "batch_size": 256,
  "epochs": 1,
  "learning_rate": 0.0001,
  "weight_decay": 0.0,
  "scheduler": "cosine",
  "patience": 0,
  "seed": 42,
  "rnn_type": "lstm",
  "lstm_hidden": 128,
  "lstm_layers": 2,
  "lstm_dropout": 0.2,
  "d_model": 128,
  "n_heads": 4,
  "n_layers": 3,
  "dim_feedforward": 512,
  "vit_dropout": 0.2,
  "lambda_smooth": 0.1,
  "loss_type": "weighted_mse",
  "weight_alpha": 4.0,
  "weight_quantile": 0.9,
  "weight_upper_quantile": 0.99,
  "lambda_ref_iqr": 104.0,
  "disable_scale_aware_lambda": false,
  "num_workers": 0,
  "device": "cpu",
  "output_dir": "/home/cislab301b/peter/ORAN-Traffic-Prediction/model8/results/mmtc_20260415_170958"
}
[INFO] Device: cpu
[INFO] Slice=mmtc | train_csv=69 | test_csv=68
[INFO] Loading train CSV files...
[INFO] Loading test CSV files...
[INFO] Split train/val by CSV: train=56 val=13
[INFO] Train feature non-zero ratio:
  - dl_buffer: 0.0235
  - tx_brate: 0.8763
  - rx_brate: 0.2632
  - ul_sinr: 0.2491
  - dl_mcs: 0.8723
  - ul_mcs: 0.2491
  - phr: 0.2440
  - tx_pkts: 0.8763
  - rx_pkts: 0.2911
  - dl_cqi: 1.0000
  - rx_errors_ul: 0.1696
  - dl_n_samples: 0.8763
  - ul_n_samples: 0.2910
[INFO] Windows | train=110767 val=23680 test=137060
[INFO] Input feature dimension: 13 (['dl_buffer', 'tx_brate', 'rx_brate', 'ul_sinr', 'dl_mcs', 'ul_mcs', 'phr', 'tx_pkts', 'rx_pkts', 'dl_cqi', 'rx_errors_ul', 'dl_n_samples', 'ul_n_samples'])
[INFO] lambda_smooth | base=0.100000, effective=0.138778, target_iqr=54.000000, multiplier=1.387777, scale_aware=on
/home/cislab301b/miniforge3/envs/peter/lib/python3.12/site-packages/torch/nn/modules/transformer.py:392: UserWarning: enable_nested_tensor is True, but self.use_nested_tensor is False because encoder_layer.norm_first was True
  warnings.warn(
[INFO] weighted_mse | q_low(q0.90)=1.388889, q_high(q0.99)=6.555555, alpha=4.00 (weight in [1, 5.00])
[Epoch 001] train=582.707750 (main=582.588776, smooth=0.857264) | val=1526.172306 (main=1526.058033, smooth=0.823471) | lr=0.000000e+00 | time=48.89s
[INFO] Saved new best checkpoint at epoch 1.
[INFO] Best epoch=1, best_val_loss=1526.172306
[INFO] Test metrics | MAE=76.648750, RMSE=500.273987, R2=0.040360, MAPE=62.359642, valid_ratio=0.8920
[INFO] Prediction subplot groups (experiments): 5
[INFO] Training finished.
