[INFO] Start training with config:
{
  "data_root": "/home/cislab301b/peter/ORAN-Traffic-Prediction/Dataset/colosseum-oran-coloran-dataset",
  "train_dirs": [
    "tr0-26"
  ],
  "test_dirs": [
    "tr27"
  ],
  "slice_type": "urllc",
  "val_split": 0.2,
  "sequence_length": 15,
  "horizon": 1,
  "chunk_size": 64,
  "batch_size": 1024,
  "epochs": 500,
  "learning_rate": 0.0001,
  "weight_decay": 0.0,
  "scheduler": "cosine",
  "patience": 0,
  "seed": 42,
  "rnn_type": "bilstm",
  "lstm_hidden": 128,
  "lstm_layers": 2,
  "lstm_dropout": 0.2,
  "d_model": 128,
  "n_heads": 4,
  "n_layers": 3,
  "dim_feedforward": 512,
  "vit_dropout": 0.2,
  "lambda_smooth": 0.05,
  "lambda_ref_iqr": 104.0,
  "disable_scale_aware_lambda": true,
  "num_workers": 0,
  "device": "auto",
  "output_dir": "/home/cislab301b/peter/ORAN-Traffic-Prediction/model8/results/urllc_20260414_173421"
}
[INFO] Device: cuda
[INFO] Slice=urllc | train_csv=1896 | test_csv=67
[INFO] Loading train CSV files...
[INFO] Loading test CSV files...
[INFO] Split train/val by CSV: train=1517 val=379
[INFO] Train feature non-zero ratio:
  - dl_buffer: 0.0902
  - tx_brate: 0.8815
  - rx_brate: 0.2698
  - ul_sinr: 0.2542
  - dl_mcs: 0.8812
  - ul_mcs: 0.2542
  - phr: 0.2505
  - tx_pkts: 0.8815
  - rx_pkts: 0.3007
  - dl_cqi: 1.0000
  - rx_errors_ul: 0.1798
  - dl_n_samples: 0.8815
  - ul_n_samples: 0.3007
[INFO] Windows | train=3068069 val=774066 test=137173
[INFO] Input feature dimension: 13 (['dl_buffer', 'tx_brate', 'rx_brate', 'ul_sinr', 'dl_mcs', 'ul_mcs', 'phr', 'tx_pkts', 'rx_pkts', 'dl_cqi', 'rx_errors_ul', 'dl_n_samples', 'ul_n_samples'])
[INFO] lambda_smooth | base=0.050000, effective=0.050000, target_iqr=104.000000, multiplier=1.000000, scale_aware=off
/home/cislab301b/miniforge3/envs/peter/lib/python3.12/site-packages/torch/nn/modules/transformer.py:392: UserWarning: enable_nested_tensor is True, but self.use_nested_tensor is False because encoder_layer.norm_first was True
  warnings.warn(
[Epoch 001] train=3.568646 (main=3.528214, smooth=0.808634) | val=1.560617 (main=1.520643, smooth=0.799494) | lr=9.999901e-05 | time=87.33s
[INFO] Saved new best checkpoint at epoch 1.
[Epoch 002] train=3.099807 (main=3.059502, smooth=0.806113) | val=1.314703 (main=1.274871, smooth=0.796624) | lr=9.999605e-05 | time=105.92s
[INFO] Saved new best checkpoint at epoch 2.
[Epoch 003] train=3.283688 (main=3.243391, smooth=0.805938) | val=1.643431 (main=1.603788, smooth=0.792848) | lr=9.999112e-05 | time=102.40s
[Epoch 004] train=3.079285 (main=3.039035, smooth=0.804995) | val=1.418172 (main=1.378513, smooth=0.793188) | lr=9.998421e-05 | time=104.63s
[Epoch 005] train=3.082061 (main=3.041841, smooth=0.804384) | val=1.489389 (main=1.449663, smooth=0.794521) | lr=9.997533e-05 | time=102.72s
[Epoch 006] train=3.071663 (main=3.031473, smooth=0.803802) | val=1.477924 (main=1.438250, smooth=0.793472) | lr=9.996447e-05 | time=114.90s
[Epoch 007] train=3.016646 (main=2.976490, smooth=0.803115) | val=1.414426 (main=1.374564, smooth=0.797250) | lr=9.995165e-05 | time=105.60s
[Epoch 008] train=3.066123 (main=3.026011, smooth=0.802230) | val=1.691759 (main=1.652221, smooth=0.790768) | lr=9.993685e-05 | time=100.69s
[Epoch 009] train=3.019546 (main=2.979491, smooth=0.801097) | val=1.338926 (main=1.299375, smooth=0.791024) | lr=9.992008e-05 | time=113.06s
[Epoch 010] train=3.027533 (main=2.987490, smooth=0.800854) | val=1.507256 (main=1.467550, smooth=0.794118) | lr=9.990134e-05 | time=105.65s
[Epoch 011] train=3.053210 (main=3.013198, smooth=0.800225) | val=1.528976 (main=1.489479, smooth=0.789951) | lr=9.988063e-05 | time=102.02s
[Epoch 012] train=3.047755 (main=3.007766, smooth=0.799783) | val=1.589889 (main=1.550016, smooth=0.797463) | lr=9.985795e-05 | time=106.95s
[Epoch 013] train=3.086831 (main=3.046874, smooth=0.799155) | val=1.557446 (main=1.517957, smooth=0.789785) | lr=9.983330e-05 | time=110.55s
[Epoch 014] train=3.050447 (main=3.010463, smooth=0.799672) | val=1.580885 (main=1.541360, smooth=0.790492) | lr=9.980668e-05 | time=104.29s
[Epoch 015] train=3.059567 (main=3.019623, smooth=0.798882) | val=1.299501 (main=1.260017, smooth=0.789681) | lr=9.977810e-05 | time=103.23s
[INFO] Saved new best checkpoint at epoch 15.
[Epoch 016] train=3.051914 (main=3.011975, smooth=0.798783) | val=1.586120 (main=1.546445, smooth=0.793499) | lr=9.974755e-05 | time=106.98s
[Epoch 017] train=3.061690 (main=3.021798, smooth=0.797833) | val=1.323998 (main=1.284481, smooth=0.790341) | lr=9.971504e-05 | time=116.75s
[Epoch 018] train=3.064662 (main=3.024782, smooth=0.797611) | val=1.571704 (main=1.532190, smooth=0.790286) | lr=9.968057e-05 | time=105.90s
[Epoch 019] train=3.175123 (main=3.135258, smooth=0.797315) | val=1.358835 (main=1.319081, smooth=0.795077) | lr=9.964413e-05 | time=105.26s
[Epoch 020] train=3.039100 (main=2.999258, smooth=0.796835) | val=1.594911 (main=1.555322, smooth=0.791777) | lr=9.960574e-05 | time=113.41s
[Epoch 021] train=3.023988 (main=2.984144, smooth=0.796896) | val=1.592469 (main=1.553019, smooth=0.789000) | lr=9.956538e-05 | time=109.84s
[Epoch 022] train=3.013539 (main=2.973705, smooth=0.796685) | val=1.408894 (main=1.369088, smooth=0.796132) | lr=9.952307e-05 | time=94.93s
[Epoch 023] train=2.972655 (main=2.932802, smooth=0.797067) | val=1.485182 (main=1.445585, smooth=0.791935) | lr=9.947881e-05 | time=110.81s
[Epoch 024] train=3.020040 (main=2.980207, smooth=0.796647) | val=1.355660 (main=1.315853, smooth=0.796140) | lr=9.943259e-05 | time=117.12s
[Epoch 025] train=3.030135 (main=2.990292, smooth=0.796850) | val=1.484361 (main=1.444885, smooth=0.789525) | lr=9.938442e-05 | time=112.89s
[Epoch 026] train=2.990221 (main=2.950408, smooth=0.796267) | val=1.977540 (main=1.937867, smooth=0.793457) | lr=9.933430e-05 | time=113.08s
[Epoch 027] train=3.058193 (main=3.018396, smooth=0.795940) | val=1.527148 (main=1.487636, smooth=0.790254) | lr=9.928223e-05 | time=102.07s
[Epoch 028] train=3.023721 (main=2.983915, smooth=0.796134) | val=1.350878 (main=1.311298, smooth=0.791597) | lr=9.922822e-05 | time=114.95s
[Epoch 029] train=2.997284 (main=2.957489, smooth=0.795891) | val=2.169087 (main=2.129460, smooth=0.792539) | lr=9.917226e-05 | time=100.10s
[Epoch 030] train=3.011663 (main=2.971876, smooth=0.795743) | val=1.303553 (main=1.263993, smooth=0.791191) | lr=9.911436e-05 | time=114.90s
[Epoch 031] train=3.019473 (main=2.979698, smooth=0.795502) | val=1.583438 (main=1.543760, smooth=0.793557) | lr=9.905453e-05 | time=92.50s
[Epoch 032] train=3.008682 (main=2.968926, smooth=0.795118) | val=1.425550 (main=1.385994, smooth=0.791113) | lr=9.899275e-05 | time=104.49s
[Epoch 033] train=2.995892 (main=2.956151, smooth=0.794824) | val=1.335040 (main=1.295428, smooth=0.792242) | lr=9.892905e-05 | time=96.37s
[Epoch 034] train=2.985832 (main=2.946082, smooth=0.795013) | val=1.564633 (main=1.525097, smooth=0.790725) | lr=9.886341e-05 | time=111.12s
[Epoch 035] train=2.969726 (main=2.929985, smooth=0.794802) | val=1.446367 (main=1.406831, smooth=0.790728) | lr=9.879584e-05 | time=102.35s
[Epoch 036] train=2.976726 (main=2.937014, smooth=0.794255) | val=1.394630 (main=1.355217, smooth=0.788265) | lr=9.872634e-05 | time=109.74s
[Epoch 037] train=3.005650 (main=2.965934, smooth=0.794336) | val=1.544923 (main=1.505394, smooth=0.790582) | lr=9.865493e-05 | time=110.12s
[Epoch 038] train=2.956049 (main=2.916302, smooth=0.794939) | val=1.373662 (main=1.334046, smooth=0.792322) | lr=9.858159e-05 | time=116.47s
[Epoch 039] train=3.004953 (main=2.965226, smooth=0.794532) | val=1.432700 (main=1.393279, smooth=0.788402) | lr=9.850633e-05 | time=121.06s
[Epoch 040] train=3.003515 (main=2.963807, smooth=0.794162) | val=1.494891 (main=1.455262, smooth=0.792579) | lr=9.842916e-05 | time=118.37s
[Epoch 041] train=3.023357 (main=2.983630, smooth=0.794542) | val=1.602041 (main=1.562432, smooth=0.792186) | lr=9.835007e-05 | time=119.35s
[Epoch 042] train=2.974735 (main=2.935007, smooth=0.794567) | val=1.746712 (main=1.707111, smooth=0.792013) | lr=9.826908e-05 | time=116.42s
[Epoch 043] train=2.982544 (main=2.942818, smooth=0.794521) | val=1.529639 (main=1.490132, smooth=0.790151) | lr=9.818618e-05 | time=121.05s
[Epoch 044] train=3.057456 (main=3.017719, smooth=0.794736) | val=1.368021 (main=1.328378, smooth=0.792850) | lr=9.810138e-05 | time=119.87s
[Epoch 045] train=2.932345 (main=2.892656, smooth=0.793771) | val=2.001535 (main=1.962121, smooth=0.788279) | lr=9.801468e-05 | time=110.64s
[Epoch 046] train=3.022352 (main=2.982644, smooth=0.794149) | val=1.365866 (main=1.326279, smooth=0.791739) | lr=9.792609e-05 | time=122.18s
[Epoch 047] train=2.969099 (main=2.929412, smooth=0.793737) | val=1.520941 (main=1.481405, smooth=0.790711) | lr=9.783560e-05 | time=125.57s
[Epoch 048] train=2.963047 (main=2.923363, smooth=0.793683) | val=1.336316 (main=1.296980, smooth=0.786732) | lr=9.774323e-05 | time=123.90s
[Epoch 049] train=2.979392 (main=2.939743, smooth=0.792977) | val=1.302182 (main=1.262530, smooth=0.793046) | lr=9.764897e-05 | time=115.41s
[Epoch 050] train=2.996907 (main=2.957250, smooth=0.793148) | val=1.432864 (main=1.393418, smooth=0.788914) | lr=9.755283e-05 | time=119.76s
[Epoch 051] train=2.970134 (main=2.930480, smooth=0.793086) | val=1.328340 (main=1.288973, smooth=0.787324) | lr=9.745481e-05 | time=118.03s
[Epoch 052] train=3.095222 (main=3.055446, smooth=0.795512) | val=1.322548 (main=1.283025, smooth=0.790447) | lr=9.735492e-05 | time=118.83s
[Epoch 053] train=3.012506 (main=2.972752, smooth=0.795091) | val=1.370158 (main=1.330735, smooth=0.788452) | lr=9.725315e-05 | time=120.21s
[Epoch 054] train=2.947584 (main=2.907848, smooth=0.794713) | val=1.386290 (main=1.346851, smooth=0.788773) | lr=9.714953e-05 | time=115.99s
[Epoch 055] train=2.969763 (main=2.930029, smooth=0.794685) | val=1.608641 (main=1.569265, smooth=0.787513) | lr=9.704404e-05 | time=127.71s
[Epoch 056] train=2.987011 (main=2.947290, smooth=0.794436) | val=1.462001 (main=1.422499, smooth=0.790047) | lr=9.693669e-05 | time=119.87s
[Epoch 057] train=2.988042 (main=2.948287, smooth=0.795105) | val=1.591983 (main=1.552593, smooth=0.787792) | lr=9.682749e-05 | time=115.42s
[Epoch 058] train=2.986302 (main=2.946558, smooth=0.794880) | val=1.412322 (main=1.372895, smooth=0.788554) | lr=9.671645e-05 | time=110.82s
[Epoch 059] train=2.984778 (main=2.945056, smooth=0.794453) | val=1.372548 (main=1.333005, smooth=0.790859) | lr=9.660356e-05 | time=127.14s
[Epoch 060] train=2.985042 (main=2.945346, smooth=0.793914) | val=1.375265 (main=1.335643, smooth=0.792440) | lr=9.648882e-05 | time=124.81s
[Epoch 061] train=2.970216 (main=2.930524, smooth=0.793847) | val=1.369835 (main=1.330176, smooth=0.793176) | lr=9.637226e-05 | time=114.84s
[Epoch 062] train=2.944686 (main=2.905009, smooth=0.793539) | val=1.434894 (main=1.395371, smooth=0.790444) | lr=9.625386e-05 | time=117.42s
[Epoch 063] train=3.002576 (main=2.962899, smooth=0.793551) | val=1.411218 (main=1.371842, smooth=0.787528) | lr=9.613364e-05 | time=115.91s
[Epoch 064] train=2.983151 (main=2.943490, smooth=0.793225) | val=1.420454 (main=1.381067, smooth=0.787734) | lr=9.601159e-05 | time=127.19s
[Epoch 065] train=2.953754 (main=2.914101, smooth=0.793052) | val=1.613472 (main=1.573954, smooth=0.790357) | lr=9.588773e-05 | time=116.21s
[Epoch 066] train=2.960166 (main=2.920507, smooth=0.793192) | val=1.628997 (main=1.589574, smooth=0.788456) | lr=9.576206e-05 | time=127.20s
[Epoch 067] train=2.978674 (main=2.939026, smooth=0.792961) | val=1.509303 (main=1.469734, smooth=0.791374) | lr=9.563458e-05 | time=118.83s
[Epoch 068] train=3.082897 (main=3.043251, smooth=0.792908) | val=1.487600 (main=1.448177, smooth=0.788448) | lr=9.550530e-05 | time=124.54s
[Epoch 069] train=2.966465 (main=2.926824, smooth=0.792821) | val=1.396362 (main=1.356863, smooth=0.789979) | lr=9.537422e-05 | time=121.37s
[Epoch 070] train=2.937013 (main=2.897373, smooth=0.792808) | val=1.564132 (main=1.524679, smooth=0.789043) | lr=9.524135e-05 | time=113.36s
[Epoch 071] train=2.962063 (main=2.922434, smooth=0.792567) | val=1.498154 (main=1.458624, smooth=0.790604) | lr=9.510670e-05 | time=126.85s
[Epoch 072] train=2.965333 (main=2.925694, smooth=0.792776) | val=1.531838 (main=1.492361, smooth=0.789545) | lr=9.497026e-05 | time=115.26s
[Epoch 073] train=2.944796 (main=2.905181, smooth=0.792316) | val=1.343664 (main=1.304197, smooth=0.789332) | lr=9.483205e-05 | time=109.00s
[Epoch 074] train=2.969833 (main=2.930225, smooth=0.792158) | val=1.406964 (main=1.367450, smooth=0.790282) | lr=9.469207e-05 | time=117.13s
[Epoch 075] train=2.966782 (main=2.927196, smooth=0.791717) | val=1.572878 (main=1.533309, smooth=0.791372) | lr=9.455033e-05 | time=119.84s
[Epoch 076] train=2.953678 (main=2.914101, smooth=0.791533) | val=1.510573 (main=1.471027, smooth=0.790910) | lr=9.440682e-05 | time=119.88s
[Epoch 077] train=2.953869 (main=2.914294, smooth=0.791489) | val=1.735637 (main=1.696170, smooth=0.789355) | lr=9.426157e-05 | time=115.65s
[Epoch 078] train=2.962453 (main=2.922883, smooth=0.791397) | val=1.344388 (main=1.304898, smooth=0.789806) | lr=9.411456e-05 | time=118.16s
[Epoch 079] train=2.921716 (main=2.882166, smooth=0.791006) | val=1.582736 (main=1.543340, smooth=0.787913) | lr=9.396582e-05 | time=115.80s
[Epoch 080] train=2.995288 (main=2.955726, smooth=0.791238) | val=1.367089 (main=1.327601, smooth=0.789766) | lr=9.381533e-05 | time=120.17s
[Epoch 081] train=2.967675 (main=2.928140, smooth=0.790702) | val=1.471939 (main=1.432402, smooth=0.790735) | lr=9.366312e-05 | time=120.63s
[Epoch 082] train=2.944600 (main=2.905061, smooth=0.790787) | val=1.384952 (main=1.345392, smooth=0.791196) | lr=9.350919e-05 | time=140.74s
[Epoch 083] train=2.929003 (main=2.889472, smooth=0.790611) | val=1.657783 (main=1.618261, smooth=0.790422) | lr=9.335354e-05 | time=115.83s
[Epoch 084] train=2.960888 (main=2.921362, smooth=0.790513) | val=1.436410 (main=1.396927, smooth=0.789673) | lr=9.319617e-05 | time=124.71s
[Epoch 085] train=2.964346 (main=2.924835, smooth=0.790222) | val=1.596236 (main=1.556696, smooth=0.790794) | lr=9.303710e-05 | time=131.83s
[Epoch 086] train=2.952275 (main=2.912751, smooth=0.790474) | val=1.555569 (main=1.516116, smooth=0.789053) | lr=9.287633e-05 | time=126.49s
[Epoch 087] train=2.974058 (main=2.934549, smooth=0.790175) | val=1.546053 (main=1.506445, smooth=0.792159) | lr=9.271387e-05 | time=130.63s
[Epoch 088] train=2.916669 (main=2.877154, smooth=0.790307) | val=1.371484 (main=1.332076, smooth=0.788148) | lr=9.254972e-05 | time=127.99s
[Epoch 089] train=2.944721 (main=2.905223, smooth=0.789955) | val=1.454725 (main=1.415284, smooth=0.788822) | lr=9.238390e-05 | time=122.06s
[Epoch 090] train=2.943804 (main=2.904294, smooth=0.790207) | val=1.503457 (main=1.464023, smooth=0.788683) | lr=9.221640e-05 | time=115.41s
[Epoch 091] train=2.959308 (main=2.919829, smooth=0.789588) | val=1.418665 (main=1.379191, smooth=0.789481) | lr=9.204723e-05 | time=128.15s
[Epoch 092] train=2.957993 (main=2.918513, smooth=0.789601) | val=1.451754 (main=1.412348, smooth=0.788117) | lr=9.187640e-05 | time=129.16s
[Epoch 093] train=2.938238 (main=2.898776, smooth=0.789259) | val=1.429309 (main=1.389914, smooth=0.787911) | lr=9.170392e-05 | time=116.31s
[Epoch 094] train=2.938695 (main=2.899222, smooth=0.789450) | val=1.393474 (main=1.354022, smooth=0.789030) | lr=9.152979e-05 | time=117.85s
[Epoch 095] train=2.957650 (main=2.918191, smooth=0.789183) | val=1.415455 (main=1.376006, smooth=0.788990) | lr=9.135403e-05 | time=126.24s
[Epoch 096] train=2.915582 (main=2.876136, smooth=0.788929) | val=1.694215 (main=1.654795, smooth=0.788396) | lr=9.117663e-05 | time=125.59s
[Epoch 097] train=2.947632 (main=2.908191, smooth=0.788820) | val=1.454612 (main=1.415090, smooth=0.790440) | lr=9.099761e-05 | time=112.97s
[Epoch 098] train=2.956268 (main=2.916803, smooth=0.789310) | val=1.454593 (main=1.415081, smooth=0.790256) | lr=9.081696e-05 | time=123.41s
[Epoch 099] train=2.998569 (main=2.959131, smooth=0.788755) | val=1.458913 (main=1.419481, smooth=0.788644) | lr=9.063471e-05 | time=126.41s
[Epoch 100] train=2.920729 (main=2.881314, smooth=0.788310) | val=1.364698 (main=1.325301, smooth=0.787935) | lr=9.045085e-05 | time=119.23s
[Epoch 101] train=2.949399 (main=2.910000, smooth=0.787982) | val=1.422268 (main=1.382525, smooth=0.794851) | lr=9.026539e-05 | time=123.03s
[Epoch 102] train=2.913008 (main=2.873596, smooth=0.788245) | val=1.356702 (main=1.317164, smooth=0.790766) | lr=9.007835e-05 | time=123.64s
[Epoch 103] train=2.946453 (main=2.907028, smooth=0.788484) | val=1.514156 (main=1.474534, smooth=0.792437) | lr=8.988972e-05 | time=117.89s
[Epoch 104] train=2.940713 (main=2.901303, smooth=0.788207) | val=1.527296 (main=1.487829, smooth=0.789342) | lr=8.969952e-05 | time=122.33s
[Epoch 105] train=2.943862 (main=2.904461, smooth=0.788014) | val=1.553935 (main=1.514499, smooth=0.788717) | lr=8.950775e-05 | time=119.67s
[Epoch 106] train=2.920982 (main=2.881575, smooth=0.788141) | val=1.369879 (main=1.330410, smooth=0.789372) | lr=8.931442e-05 | time=130.79s
[Epoch 107] train=2.936450 (main=2.897071, smooth=0.787583) | val=1.482933 (main=1.443514, smooth=0.788370) | lr=8.911954e-05 | time=126.19s
[Epoch 108] train=2.928356 (main=2.888992, smooth=0.787267) | val=1.425192 (main=1.385823, smooth=0.787376) | lr=8.892312e-05 | time=119.38s
[Epoch 109] train=2.924559 (main=2.885204, smooth=0.787101) | val=1.431477 (main=1.392014, smooth=0.789262) | lr=8.872515e-05 | time=119.29s
[Epoch 110] train=2.926750 (main=2.887405, smooth=0.786901) | val=1.464634 (main=1.425280, smooth=0.787082) | lr=8.852566e-05 | time=119.85s
[Epoch 111] train=2.923027 (main=2.883689, smooth=0.786769) | val=1.488915 (main=1.449514, smooth=0.788016) | lr=8.832465e-05 | time=129.38s
[Epoch 112] train=2.903295 (main=2.863951, smooth=0.786874) | val=1.384141 (main=1.344694, smooth=0.788944) | lr=8.812213e-05 | time=126.57s
[Epoch 113] train=2.912885 (main=2.873565, smooth=0.786396) | val=1.581179 (main=1.541651, smooth=0.790556) | lr=8.791810e-05 | time=123.22s
[Epoch 114] train=2.931663 (main=2.892324, smooth=0.786769) | val=1.471294 (main=1.431836, smooth=0.789148) | lr=8.771257e-05 | time=125.17s
[Epoch 115] train=2.924466 (main=2.885139, smooth=0.786538) | val=1.629671 (main=1.590162, smooth=0.790175) | lr=8.750555e-05 | time=123.88s
[Epoch 116] train=2.915790 (main=2.876471, smooth=0.786382) | val=1.487380 (main=1.447976, smooth=0.788077) | lr=8.729706e-05 | time=133.16s
[Epoch 117] train=2.918280 (main=2.878978, smooth=0.786038) | val=1.462052 (main=1.422571, smooth=0.789636) | lr=8.708709e-05 | time=118.00s
[Epoch 118] train=2.919957 (main=2.880682, smooth=0.785506) | val=1.550792 (main=1.511244, smooth=0.790963) | lr=8.687566e-05 | time=121.32s
[Epoch 119] train=2.919681 (main=2.880384, smooth=0.785944) | val=1.509468 (main=1.469993, smooth=0.789491) | lr=8.666277e-05 | time=129.48s
[Epoch 120] train=2.908853 (main=2.869564, smooth=0.785783) | val=1.611237 (main=1.571838, smooth=0.787982) | lr=8.644843e-05 | time=124.90s
[Epoch 121] train=2.911313 (main=2.872049, smooth=0.785284) | val=1.559409 (main=1.519928, smooth=0.789605) | lr=8.623266e-05 | time=124.14s
[Epoch 122] train=2.929491 (main=2.890205, smooth=0.785735) | val=1.563674 (main=1.524252, smooth=0.788455) | lr=8.601545e-05 | time=128.54s
[Epoch 123] train=2.913494 (main=2.874242, smooth=0.785041) | val=1.399322 (main=1.359945, smooth=0.787536) | lr=8.579682e-05 | time=126.90s
[Epoch 124] train=2.900059 (main=2.860812, smooth=0.784937) | val=1.373476 (main=1.334129, smooth=0.786940) | lr=8.557678e-05 | time=120.17s
[Epoch 125] train=2.909232 (main=2.870018, smooth=0.784267) | val=1.420704 (main=1.381292, smooth=0.788253) | lr=8.535534e-05 | time=140.69s
[Epoch 126] train=2.921091 (main=2.881860, smooth=0.784621) | val=1.422678 (main=1.383270, smooth=0.788144) | lr=8.513250e-05 | time=120.20s
[Epoch 127] train=2.902193 (main=2.862974, smooth=0.784378) | val=1.482183 (main=1.442792, smooth=0.787821) | lr=8.490827e-05 | time=126.71s
[Epoch 128] train=2.899849 (main=2.860645, smooth=0.784079) | val=1.500436 (main=1.461013, smooth=0.788458) | lr=8.468267e-05 | time=127.91s
[Epoch 129] train=2.900461 (main=2.861286, smooth=0.783514) | val=1.516422 (main=1.477117, smooth=0.786099) | lr=8.445569e-05 | time=119.89s
[Epoch 130] train=2.901602 (main=2.862429, smooth=0.783442) | val=1.575900 (main=1.536395, smooth=0.790101) | lr=8.422736e-05 | time=129.97s
[Epoch 131] train=2.898442 (main=2.859257, smooth=0.783697) | val=1.436255 (main=1.396887, smooth=0.787366) | lr=8.399767e-05 | time=119.97s
[Epoch 132] train=2.902975 (main=2.863810, smooth=0.783286) | val=1.445879 (main=1.406525, smooth=0.787074) | lr=8.376664e-05 | time=116.85s
[Epoch 133] train=2.895821 (main=2.856647, smooth=0.783471) | val=1.403593 (main=1.364085, smooth=0.790147) | lr=8.353428e-05 | time=101.05s
[Epoch 134] train=2.936170 (main=2.897015, smooth=0.783097) | val=1.357945 (main=1.318611, smooth=0.786675) | lr=8.330059e-05 | time=96.37s
[Epoch 135] train=2.899322 (main=2.860183, smooth=0.782772) | val=1.589337 (main=1.549929, smooth=0.788171) | lr=8.306559e-05 | time=99.83s
[Epoch 136] train=2.895451 (main=2.856296, smooth=0.783110) | val=1.420296 (main=1.380875, smooth=0.788429) | lr=8.282929e-05 | time=102.52s
[Epoch 137] train=2.894962 (main=2.855822, smooth=0.782794) | val=1.476232 (main=1.436740, smooth=0.789826) | lr=8.259169e-05 | time=106.15s
[Epoch 138] train=2.885326 (main=2.846202, smooth=0.782476) | val=1.460923 (main=1.421541, smooth=0.787633) | lr=8.235280e-05 | time=104.78s
[Epoch 139] train=2.896802 (main=2.857688, smooth=0.782267) | val=1.376580 (main=1.337071, smooth=0.790177) | lr=8.211263e-05 | time=101.83s
[Epoch 140] train=2.902655 (main=2.863556, smooth=0.781972) | val=1.467377 (main=1.427780, smooth=0.791940) | lr=8.187120e-05 | time=101.83s
[Epoch 141] train=2.936675 (main=2.897566, smooth=0.782168) | val=1.519620 (main=1.480133, smooth=0.789736) | lr=8.162851e-05 | time=103.33s
[Epoch 142] train=2.902622 (main=2.863536, smooth=0.781706) | val=1.522047 (main=1.482615, smooth=0.788647) | lr=8.138457e-05 | time=102.02s
[Epoch 143] train=2.892786 (main=2.853711, smooth=0.781517) | val=1.493187 (main=1.453709, smooth=0.789573) | lr=8.113939e-05 | time=100.77s
[Epoch 144] train=2.892491 (main=2.853411, smooth=0.781599) | val=1.335860 (main=1.296345, smooth=0.790291) | lr=8.089298e-05 | time=100.97s
[Epoch 145] train=2.919663 (main=2.880600, smooth=0.781259) | val=1.493028 (main=1.453548, smooth=0.789593) | lr=8.064535e-05 | time=95.85s
[Epoch 146] train=2.901740 (main=2.862707, smooth=0.780660) | val=1.544579 (main=1.505259, smooth=0.786413) | lr=8.039651e-05 | time=102.85s
[Epoch 147] train=2.891520 (main=2.852495, smooth=0.780514) | val=1.591733 (main=1.552275, smooth=0.789170) | lr=8.014648e-05 | time=104.60s
[Epoch 148] train=2.901906 (main=2.862872, smooth=0.780695) | val=1.475644 (main=1.436202, smooth=0.788839) | lr=7.989525e-05 | time=105.46s
[Epoch 149] train=2.881552 (main=2.842504, smooth=0.780956) | val=1.367797 (main=1.328334, smooth=0.789250) | lr=7.964284e-05 | time=103.78s
[Epoch 150] train=2.882315 (main=2.843312, smooth=0.780055) | val=1.564352 (main=1.524845, smooth=0.790138) | lr=7.938926e-05 | time=99.21s
[Epoch 151] train=2.890155 (main=2.851154, smooth=0.780019) | val=1.519588 (main=1.480247, smooth=0.786807) | lr=7.913452e-05 | time=98.55s
[Epoch 152] train=2.900696 (main=2.861713, smooth=0.779656) | val=1.358832 (main=1.319495, smooth=0.786727) | lr=7.887864e-05 | time=99.73s
[Epoch 153] train=2.896738 (main=2.857767, smooth=0.779413) | val=1.512919 (main=1.473414, smooth=0.790110) | lr=7.862161e-05 | time=99.01s
[Epoch 154] train=2.882732 (main=2.843754, smooth=0.779558) | val=1.421900 (main=1.382400, smooth=0.790000) | lr=7.836345e-05 | time=99.17s
[Epoch 155] train=2.901069 (main=2.862087, smooth=0.779638) | val=1.415030 (main=1.375643, smooth=0.787740) | lr=7.810417e-05 | time=106.08s
[Epoch 156] train=2.892502 (main=2.853547, smooth=0.779097) | val=1.409471 (main=1.369951, smooth=0.790404) | lr=7.784378e-05 | time=122.35s
[Epoch 157] train=2.898762 (main=2.859801, smooth=0.779214) | val=1.575473 (main=1.536063, smooth=0.788196) | lr=7.758229e-05 | time=124.17s
[Epoch 158] train=2.878842 (main=2.839909, smooth=0.778656) | val=1.384648 (main=1.345208, smooth=0.788789) | lr=7.731972e-05 | time=127.05s
[Epoch 159] train=2.882202 (main=2.843273, smooth=0.778576) | val=1.507876 (main=1.468395, smooth=0.789607) | lr=7.705606e-05 | time=125.83s
[Epoch 160] train=2.865946 (main=2.827033, smooth=0.778257) | val=1.406831 (main=1.367200, smooth=0.792621) | lr=7.679134e-05 | time=128.86s
[Epoch 161] train=2.873617 (main=2.834732, smooth=0.777690) | val=1.494000 (main=1.454551, smooth=0.788993) | lr=7.652556e-05 | time=118.54s
[Epoch 162] train=2.867276 (main=2.828360, smooth=0.778310) | val=1.453633 (main=1.414053, smooth=0.791613) | lr=7.625873e-05 | time=133.95s
[Epoch 163] train=2.886940 (main=2.848063, smooth=0.777547) | val=1.434393 (main=1.394949, smooth=0.788881) | lr=7.599087e-05 | time=135.18s
[Epoch 164] train=2.865186 (main=2.826347, smooth=0.776789) | val=1.695069 (main=1.655601, smooth=0.789351) | lr=7.572198e-05 | time=129.48s
[Epoch 165] train=2.869347 (main=2.830487, smooth=0.777190) | val=1.368763 (main=1.329334, smooth=0.788593) | lr=7.545207e-05 | time=135.15s
[Epoch 166] train=2.887865 (main=2.849019, smooth=0.776923) | val=1.468532 (main=1.429066, smooth=0.789330) | lr=7.518116e-05 | time=122.39s
[Epoch 167] train=2.882883 (main=2.844039, smooth=0.776879) | val=1.434667 (main=1.395113, smooth=0.791087) | lr=7.490926e-05 | time=122.61s
[Epoch 168] train=2.926917 (main=2.888075, smooth=0.776848) | val=1.435642 (main=1.396263, smooth=0.787587) | lr=7.463637e-05 | time=129.60s
[Epoch 169] train=2.878399 (main=2.839594, smooth=0.776105) | val=1.525960 (main=1.486469, smooth=0.789813) | lr=7.436251e-05 | time=122.46s
[Epoch 170] train=2.855606 (main=2.816791, smooth=0.776290) | val=1.322491 (main=1.282954, smooth=0.790734) | lr=7.408768e-05 | time=126.49s
[Epoch 171] train=2.850698 (main=2.811906, smooth=0.775846) | val=1.658851 (main=1.619439, smooth=0.788236) | lr=7.381191e-05 | time=128.10s
[Epoch 172] train=2.831128 (main=2.792323, smooth=0.776096) | val=1.328204 (main=1.288776, smooth=0.788557) | lr=7.353520e-05 | time=113.82s
[Epoch 173] train=2.885708 (main=2.846940, smooth=0.775369) | val=1.400834 (main=1.361354, smooth=0.789608) | lr=7.325755e-05 | time=122.29s
[Epoch 174] train=2.857950 (main=2.819196, smooth=0.775064) | val=1.621523 (main=1.582082, smooth=0.788824) | lr=7.297899e-05 | time=122.31s
[Epoch 175] train=2.870609 (main=2.831861, smooth=0.774968) | val=1.401602 (main=1.362013, smooth=0.791778) | lr=7.269952e-05 | time=131.36s
[Epoch 176] train=2.868454 (main=2.829750, smooth=0.774094) | val=1.477313 (main=1.437922, smooth=0.787833) | lr=7.241916e-05 | time=129.23s
[Epoch 177] train=2.862697 (main=2.823958, smooth=0.774789) | val=1.388895 (main=1.349323, smooth=0.791443) | lr=7.213791e-05 | time=129.58s
[Epoch 178] train=2.872876 (main=2.834162, smooth=0.774291) | val=1.451629 (main=1.412213, smooth=0.788320) | lr=7.185579e-05 | time=120.06s
[Epoch 179] train=2.835274 (main=2.796568, smooth=0.774116) | val=1.634144 (main=1.594635, smooth=0.790187) | lr=7.157280e-05 | time=121.85s
[Epoch 180] train=2.878367 (main=2.839650, smooth=0.774349) | val=1.447292 (main=1.407893, smooth=0.787976) | lr=7.128896e-05 | time=115.47s
[Epoch 181] train=2.856346 (main=2.817671, smooth=0.773489) | val=1.590270 (main=1.550828, smooth=0.788840) | lr=7.100429e-05 | time=127.39s
[Epoch 182] train=2.846336 (main=2.807633, smooth=0.774073) | val=1.366028 (main=1.326539, smooth=0.789780) | lr=7.071878e-05 | time=124.60s
[Epoch 183] train=2.867877 (main=2.829200, smooth=0.773553) | val=1.448937 (main=1.409580, smooth=0.787139) | lr=7.043245e-05 | time=131.28s
[Epoch 184] train=2.855086 (main=2.816432, smooth=0.773068) | val=1.440994 (main=1.401406, smooth=0.791765) | lr=7.014532e-05 | time=115.46s
[Epoch 185] train=2.860850 (main=2.822226, smooth=0.772483) | val=1.436029 (main=1.396638, smooth=0.787812) | lr=6.985739e-05 | time=133.35s
[Epoch 186] train=2.839074 (main=2.800442, smooth=0.772636) | val=1.502277 (main=1.462781, smooth=0.789913) | lr=6.956868e-05 | time=123.25s
[Epoch 187] train=2.852742 (main=2.814109, smooth=0.772671) | val=1.469210 (main=1.429574, smooth=0.792737) | lr=6.927920e-05 | time=133.13s
[Epoch 188] train=2.848261 (main=2.809644, smooth=0.772329) | val=1.453846 (main=1.414281, smooth=0.791300) | lr=6.898895e-05 | time=129.25s
[Epoch 189] train=2.845809 (main=2.807206, smooth=0.772062) | val=1.562763 (main=1.523284, smooth=0.789577) | lr=6.869796e-05 | time=123.05s
[Epoch 190] train=2.846229 (main=2.807651, smooth=0.771555) | val=1.508638 (main=1.469268, smooth=0.787408) | lr=6.840623e-05 | time=133.25s
[Epoch 191] train=2.853283 (main=2.814722, smooth=0.771214) | val=1.453343 (main=1.413782, smooth=0.791204) | lr=6.811377e-05 | time=121.49s
[Epoch 192] train=2.852689 (main=2.814136, smooth=0.771062) | val=1.456134 (main=1.416666, smooth=0.789362) | lr=6.782059e-05 | time=123.69s
[Epoch 193] train=2.883999 (main=2.845409, smooth=0.771796) | val=1.551090 (main=1.511633, smooth=0.789131) | lr=6.752672e-05 | time=123.83s
[Epoch 194] train=2.843317 (main=2.804772, smooth=0.770902) | val=1.448207 (main=1.408623, smooth=0.791692) | lr=6.723215e-05 | time=117.24s
[Epoch 195] train=2.848739 (main=2.810191, smooth=0.770954) | val=1.552847 (main=1.513334, smooth=0.790266) | lr=6.693690e-05 | time=124.07s
[Epoch 196] train=2.842307 (main=2.803780, smooth=0.770532) | val=1.434510 (main=1.395103, smooth=0.788143) | lr=6.664098e-05 | time=124.97s
[Epoch 197] train=2.849774 (main=2.811271, smooth=0.770060) | val=1.522063 (main=1.482531, smooth=0.790636) | lr=6.634440e-05 | time=120.59s
[Epoch 198] train=2.851945 (main=2.813433, smooth=0.770223) | val=1.489022 (main=1.449578, smooth=0.788875) | lr=6.604718e-05 | time=132.04s
[Epoch 199] train=2.859222 (main=2.820721, smooth=0.770011) | val=1.488318 (main=1.448903, smooth=0.788301) | lr=6.574933e-05 | time=124.85s
[Epoch 200] train=2.846540 (main=2.808062, smooth=0.769557) | val=1.480203 (main=1.440695, smooth=0.790166) | lr=6.545085e-05 | time=122.37s
[Epoch 201] train=2.855611 (main=2.817132, smooth=0.769586) | val=1.458409 (main=1.419008, smooth=0.788010) | lr=6.515176e-05 | time=121.96s
[Epoch 202] train=2.855215 (main=2.816714, smooth=0.770025) | val=1.429870 (main=1.390276, smooth=0.791875) | lr=6.485208e-05 | time=122.40s
[Epoch 203] train=2.846223 (main=2.807772, smooth=0.769019) | val=1.536425 (main=1.496912, smooth=0.790257) | lr=6.455181e-05 | time=133.26s
[Epoch 204] train=2.845230 (main=2.806769, smooth=0.769210) | val=1.474999 (main=1.435497, smooth=0.790053) | lr=6.425096e-05 | time=132.22s
[Epoch 205] train=2.843105 (main=2.804663, smooth=0.768841) | val=1.590596 (main=1.551208, smooth=0.787756) | lr=6.394956e-05 | time=124.52s
[Epoch 206] train=2.837161 (main=2.798740, smooth=0.768433) | val=1.500906 (main=1.461407, smooth=0.789968) | lr=6.364760e-05 | time=124.45s
[Epoch 207] train=2.833505 (main=2.794999, smooth=0.770126) | val=1.544728 (main=1.505148, smooth=0.791606) | lr=6.334510e-05 | time=120.39s
[Epoch 208] train=2.870433 (main=2.832000, smooth=0.768663) | val=1.516792 (main=1.477255, smooth=0.790736) | lr=6.304208e-05 | time=119.39s
[Epoch 209] train=2.831523 (main=2.793109, smooth=0.768282) | val=1.559535 (main=1.519866, smooth=0.793390) | lr=6.273854e-05 | time=112.90s
[Epoch 210] train=2.835204 (main=2.796799, smooth=0.768105) | val=1.415182 (main=1.375616, smooth=0.791312) | lr=6.243449e-05 | time=116.98s
[Epoch 211] train=2.850555 (main=2.812173, smooth=0.767628) | val=1.450093 (main=1.410599, smooth=0.789875) | lr=6.212996e-05 | time=126.21s
[Epoch 212] train=2.841071 (main=2.802728, smooth=0.766853) | val=1.524752 (main=1.485128, smooth=0.792476) | lr=6.182495e-05 | time=120.45s
[Epoch 213] train=2.830590 (main=2.792249, smooth=0.766819) | val=1.537053 (main=1.497540, smooth=0.790249) | lr=6.151947e-05 | time=123.79s
[Epoch 214] train=2.830486 (main=2.792169, smooth=0.766334) | val=1.502006 (main=1.462460, smooth=0.790924) | lr=6.121354e-05 | time=118.35s
[Epoch 215] train=2.827332 (main=2.789018, smooth=0.766278) | val=1.512456 (main=1.472826, smooth=0.792592) | lr=6.090716e-05 | time=127.19s
[Epoch 216] train=2.832776 (main=2.794451, smooth=0.766507) | val=1.502318 (main=1.462751, smooth=0.791345) | lr=6.060036e-05 | time=125.24s
[Epoch 217] train=2.818339 (main=2.780043, smooth=0.765904) | val=1.418631 (main=1.378999, smooth=0.792631) | lr=6.029313e-05 | time=126.41s
[Epoch 218] train=2.830336 (main=2.792066, smooth=0.765402) | val=1.456374 (main=1.416821, smooth=0.791059) | lr=5.998550e-05 | time=124.08s
[Epoch 219] train=2.824680 (main=2.786405, smooth=0.765485) | val=1.447524 (main=1.408022, smooth=0.790041) | lr=5.967747e-05 | time=130.49s
[Epoch 220] train=2.827845 (main=2.789587, smooth=0.765174) | val=1.498768 (main=1.459187, smooth=0.791623) | lr=5.936907e-05 | time=131.33s
[Epoch 221] train=2.818804 (main=2.780553, smooth=0.765018) | val=1.411965 (main=1.372394, smooth=0.791415) | lr=5.906029e-05 | time=115.27s
[Epoch 222] train=2.830120 (main=2.791892, smooth=0.764562) | val=1.477646 (main=1.438134, smooth=0.790243) | lr=5.875115e-05 | time=128.97s
[Epoch 223] train=2.826866 (main=2.788629, smooth=0.764735) | val=1.517215 (main=1.477574, smooth=0.792815) | lr=5.844167e-05 | time=127.29s
[Epoch 224] train=2.825360 (main=2.787135, smooth=0.764512) | val=1.513302 (main=1.473712, smooth=0.791806) | lr=5.813186e-05 | time=125.34s
[Epoch 225] train=2.822068 (main=2.783848, smooth=0.764390) | val=1.452060 (main=1.412574, smooth=0.789719) | lr=5.782172e-05 | time=124.14s
[Epoch 226] train=2.823718 (main=2.785491, smooth=0.764549) | val=1.552162 (main=1.512552, smooth=0.792205) | lr=5.751128e-05 | time=128.76s
[Epoch 227] train=2.836868 (main=2.798634, smooth=0.764672) | val=1.421931 (main=1.382203, smooth=0.794546) | lr=5.720054e-05 | time=133.98s
[Epoch 228] train=2.808299 (main=2.770095, smooth=0.764077) | val=1.614399 (main=1.574836, smooth=0.791273) | lr=5.688951e-05 | time=129.53s
[Epoch 229] train=2.826346 (main=2.788152, smooth=0.763887) | val=1.468273 (main=1.428876, smooth=0.787939) | lr=5.657822e-05 | time=122.94s
[Epoch 230] train=2.810959 (main=2.772775, smooth=0.763683) | val=1.470288 (main=1.430661, smooth=0.792529) | lr=5.626666e-05 | time=124.42s
[Epoch 231] train=2.809288 (main=2.771134, smooth=0.763090) | val=1.571860 (main=1.532294, smooth=0.791327) | lr=5.595486e-05 | time=121.51s
[Epoch 232] train=2.815541 (main=2.777380, smooth=0.763211) | val=1.456689 (main=1.417295, smooth=0.787881) | lr=5.564282e-05 | time=124.08s
[Epoch 233] train=2.813703 (main=2.775572, smooth=0.762614) | val=1.503352 (main=1.463695, smooth=0.793140) | lr=5.533056e-05 | time=128.05s
[Epoch 234] train=2.818602 (main=2.780483, smooth=0.762386) | val=1.515632 (main=1.476036, smooth=0.791927) | lr=5.501809e-05 | time=127.68s
[Epoch 235] train=2.814606 (main=2.776502, smooth=0.762093) | val=1.542121 (main=1.502555, smooth=0.791325) | lr=5.470542e-05 | time=114.30s
[Epoch 236] train=2.812672 (main=2.774559, smooth=0.762246) | val=1.447420 (main=1.407917, smooth=0.790049) | lr=5.439256e-05 | time=107.84s
[Epoch 237] train=2.810892 (main=2.772793, smooth=0.761983) | val=1.544976 (main=1.505274, smooth=0.794041) | lr=5.407953e-05 | time=121.52s
[Epoch 238] train=2.813832 (main=2.775740, smooth=0.761846) | val=1.469397 (main=1.429846, smooth=0.791020) | lr=5.376634e-05 | time=118.09s
[Epoch 239] train=2.818796 (main=2.780714, smooth=0.761642) | val=1.547117 (main=1.507641, smooth=0.789512) | lr=5.345300e-05 | time=120.78s
[Epoch 240] train=2.966268 (main=2.928140, smooth=0.762565) | val=1.427119 (main=1.387531, smooth=0.791753) | lr=5.313953e-05 | time=104.56s
[Epoch 241] train=2.813210 (main=2.775120, smooth=0.761803) | val=1.408853 (main=1.369289, smooth=0.791289) | lr=5.282593e-05 | time=127.14s
[Epoch 242] train=2.808953 (main=2.770900, smooth=0.761060) | val=1.569088 (main=1.529561, smooth=0.790548) | lr=5.251222e-05 | time=119.26s
[Epoch 243] train=2.837505 (main=2.799433, smooth=0.761429) | val=1.552581 (main=1.512908, smooth=0.793449) | lr=5.219841e-05 | time=104.11s
[Epoch 244] train=2.799867 (main=2.761827, smooth=0.760803) | val=1.545827 (main=1.506145, smooth=0.793650) | lr=5.188451e-05 | time=132.53s
[Epoch 245] train=2.812300 (main=2.774254, smooth=0.760928) | val=1.520900 (main=1.481281, smooth=0.792373) | lr=5.157054e-05 | time=113.67s
[Epoch 246] train=2.819958 (main=2.781945, smooth=0.760253) | val=1.486583 (main=1.446927, smooth=0.793111) | lr=5.125650e-05 | time=117.13s
[Epoch 247] train=2.810907 (main=2.772896, smooth=0.760229) | val=1.513285 (main=1.473712, smooth=0.791455) | lr=5.094242e-05 | time=127.11s
[Epoch 248] train=2.812979 (main=2.774973, smooth=0.760109) | val=1.511073 (main=1.471566, smooth=0.790152) | lr=5.062830e-05 | time=127.58s
[Epoch 249] train=2.790333 (main=2.752353, smooth=0.759591) | val=1.378577 (main=1.338946, smooth=0.792613) | lr=5.031416e-05 | time=102.04s
[Epoch 250] train=2.829060 (main=2.791054, smooth=0.760128) | val=1.448431 (main=1.408711, smooth=0.794395) | lr=5.000000e-05 | time=103.15s
[Epoch 251] train=2.818968 (main=2.780978, smooth=0.759799) | val=1.471024 (main=1.431464, smooth=0.791191) | lr=4.968584e-05 | time=109.31s
[Epoch 252] train=2.824585 (main=2.786597, smooth=0.759760) | val=1.524479 (main=1.484931, smooth=0.790962) | lr=4.937170e-05 | time=119.12s
[Epoch 253] train=2.820180 (main=2.782217, smooth=0.759259) | val=1.509541 (main=1.469932, smooth=0.792170) | lr=4.905758e-05 | time=122.89s
[Epoch 254] train=2.808882 (main=2.770924, smooth=0.759146) | val=1.486269 (main=1.446735, smooth=0.790669) | lr=4.874350e-05 | time=121.02s
[Epoch 255] train=2.818334 (main=2.780393, smooth=0.758834) | val=1.477362 (main=1.437774, smooth=0.791766) | lr=4.842946e-05 | time=117.58s
[Epoch 256] train=2.801577 (main=2.763601, smooth=0.759535) | val=1.461441 (main=1.421891, smooth=0.790996) | lr=4.811549e-05 | time=116.87s
[Epoch 257] train=2.804506 (main=2.766555, smooth=0.759038) | val=1.514722 (main=1.475077, smooth=0.792892) | lr=4.780159e-05 | time=104.89s
[Epoch 258] train=2.808784 (main=2.770861, smooth=0.758456) | val=1.499798 (main=1.460343, smooth=0.789107) | lr=4.748778e-05 | time=123.15s
[Epoch 259] train=2.802923 (main=2.765001, smooth=0.758443) | val=1.552102 (main=1.512546, smooth=0.791109) | lr=4.717407e-05 | time=121.53s
[Epoch 260] train=2.802097 (main=2.764210, smooth=0.757735) | val=1.579194 (main=1.539569, smooth=0.792512) | lr=4.686047e-05 | time=127.09s
[Epoch 261] train=2.802923 (main=2.765023, smooth=0.757996) | val=1.521553 (main=1.481848, smooth=0.794095) | lr=4.654700e-05 | time=119.47s
[Epoch 262] train=2.802584 (main=2.764695, smooth=0.757786) | val=1.483350 (main=1.443813, smooth=0.790757) | lr=4.623366e-05 | time=116.22s
[Epoch 263] train=2.802642 (main=2.764759, smooth=0.757673) | val=1.486810 (main=1.447227, smooth=0.791651) | lr=4.592047e-05 | time=119.64s
[Epoch 264] train=2.804095 (main=2.766235, smooth=0.757193) | val=1.450803 (main=1.411130, smooth=0.793459) | lr=4.560744e-05 | time=127.83s
[Epoch 265] train=2.804942 (main=2.767103, smooth=0.756785) | val=1.503892 (main=1.464311, smooth=0.791612) | lr=4.529458e-05 | time=119.03s
[Epoch 266] train=2.798447 (main=2.760610, smooth=0.756745) | val=1.550424 (main=1.510750, smooth=0.793480) | lr=4.498191e-05 | time=123.48s
[Epoch 267] train=2.795761 (main=2.757905, smooth=0.757122) | val=1.464199 (main=1.424601, smooth=0.791968) | lr=4.466944e-05 | time=127.10s
[Epoch 268] train=2.801180 (main=2.763354, smooth=0.756533) | val=1.483022 (main=1.443488, smooth=0.790666) | lr=4.435718e-05 | time=126.31s
[Epoch 269] train=2.791660 (main=2.753856, smooth=0.756077) | val=1.510041 (main=1.470456, smooth=0.791697) | lr=4.404514e-05 | time=119.93s
[Epoch 270] train=2.802434 (main=2.764626, smooth=0.756154) | val=1.486827 (main=1.447115, smooth=0.794245) | lr=4.373334e-05 | time=119.17s
[Epoch 271] train=2.790072 (main=2.752277, smooth=0.755900) | val=1.547184 (main=1.507531, smooth=0.793045) | lr=4.342178e-05 | time=117.46s
[Epoch 272] train=2.789713 (main=2.751905, smooth=0.756176) | val=1.460025 (main=1.420472, smooth=0.791048) | lr=4.311049e-05 | time=117.64s
[Epoch 273] train=2.797214 (main=2.759437, smooth=0.755533) | val=1.496607 (main=1.456914, smooth=0.793875) | lr=4.279946e-05 | time=119.29s
[Epoch 274] train=2.789541 (main=2.751767, smooth=0.755469) | val=1.470203 (main=1.430686, smooth=0.790342) | lr=4.248872e-05 | time=107.62s
[Epoch 275] train=2.790406 (main=2.752626, smooth=0.755614) | val=1.479506 (main=1.439944, smooth=0.791238) | lr=4.217828e-05 | time=122.57s
[Epoch 276] train=2.789134 (main=2.751374, smooth=0.755210) | val=1.516210 (main=1.476444, smooth=0.795318) | lr=4.186814e-05 | time=115.24s
[Epoch 277] train=2.779389 (main=2.741625, smooth=0.755261) | val=1.464360 (main=1.424703, smooth=0.793139) | lr=4.155833e-05 | time=126.27s
[Epoch 278] train=2.776685 (main=2.738950, smooth=0.754716) | val=1.422755 (main=1.383080, smooth=0.793509) | lr=4.124885e-05 | time=102.81s
[Epoch 279] train=2.798098 (main=2.760361, smooth=0.754745) | val=1.461881 (main=1.422260, smooth=0.792420) | lr=4.093971e-05 | time=122.72s
[Epoch 280] train=2.778547 (main=2.740845, smooth=0.754044) | val=1.496468 (main=1.456770, smooth=0.793963) | lr=4.063093e-05 | time=121.31s
[Epoch 281] train=2.783795 (main=2.746070, smooth=0.754510) | val=1.513293 (main=1.473657, smooth=0.792737) | lr=4.032253e-05 | time=116.50s
[Epoch 282] train=2.784103 (main=2.746405, smooth=0.753958) | val=1.485604 (main=1.445793, smooth=0.796221) | lr=4.001450e-05 | time=114.28s
[Epoch 283] train=2.784672 (main=2.746966, smooth=0.754117) | val=1.551932 (main=1.512268, smooth=0.793291) | lr=3.970687e-05 | time=113.07s
[Epoch 284] train=2.776590 (main=2.738866, smooth=0.754477) | val=1.468038 (main=1.428373, smooth=0.793298) | lr=3.939964e-05 | time=129.14s
[Epoch 285] train=2.775294 (main=2.737614, smooth=0.753607) | val=1.561078 (main=1.521554, smooth=0.790473) | lr=3.909284e-05 | time=115.72s
[Epoch 286] train=2.786301 (main=2.748621, smooth=0.753607) | val=1.488856 (main=1.449201, smooth=0.793102) | lr=3.878646e-05 | time=114.66s
[Epoch 287] train=2.784700 (main=2.747046, smooth=0.753087) | val=1.519764 (main=1.480137, smooth=0.792534) | lr=3.848053e-05 | time=113.26s
[Epoch 288] train=2.779234 (main=2.741557, smooth=0.753539) | val=1.486396 (main=1.446699, smooth=0.793947) | lr=3.817505e-05 | time=103.97s
[Epoch 289] train=2.781912 (main=2.744259, smooth=0.753043) | val=1.496708 (main=1.457018, smooth=0.793799) | lr=3.787004e-05 | time=122.53s
[Epoch 290] train=2.804416 (main=2.766730, smooth=0.753723) | val=1.376123 (main=1.336543, smooth=0.791585) | lr=3.756551e-05 | time=116.71s
[Epoch 291] train=2.804436 (main=2.766769, smooth=0.753329) | val=1.511514 (main=1.471862, smooth=0.793049) | lr=3.726146e-05 | time=114.64s
[Epoch 292] train=2.777227 (main=2.739596, smooth=0.752625) | val=1.583113 (main=1.543460, smooth=0.793051) | lr=3.695792e-05 | time=118.35s
[Epoch 293] train=2.783469 (main=2.745842, smooth=0.752544) | val=1.509576 (main=1.469841, smooth=0.794709) | lr=3.665490e-05 | time=120.52s
[Epoch 294] train=2.776715 (main=2.739098, smooth=0.752347) | val=1.517369 (main=1.477681, smooth=0.793750) | lr=3.635240e-05 | time=110.04s
[Epoch 295] train=2.782408 (main=2.744791, smooth=0.752326) | val=1.533650 (main=1.493944, smooth=0.794113) | lr=3.605044e-05 | time=117.34s
[Epoch 296] train=2.775683 (main=2.738064, smooth=0.752381) | val=1.539542 (main=1.500006, smooth=0.790711) | lr=3.574904e-05 | time=119.35s
[Epoch 297] train=2.779007 (main=2.741391, smooth=0.752319) | val=1.498397 (main=1.458651, smooth=0.794906) | lr=3.544819e-05 | time=116.94s
[Epoch 298] train=2.784079 (main=2.746499, smooth=0.751603) | val=1.497084 (main=1.457490, smooth=0.791885) | lr=3.514792e-05 | time=111.55s
[Epoch 299] train=2.784192 (main=2.746580, smooth=0.752236) | val=1.474593 (main=1.434901, smooth=0.793839) | lr=3.484824e-05 | time=114.01s
[Epoch 300] train=2.773696 (main=2.736125, smooth=0.751405) | val=1.517368 (main=1.477676, smooth=0.793844) | lr=3.454915e-05 | time=106.59s
[Epoch 301] train=2.779975 (main=2.742384, smooth=0.751809) | val=1.507234 (main=1.467453, smooth=0.795613) | lr=3.425067e-05 | time=113.08s
[Epoch 302] train=2.774243 (main=2.736667, smooth=0.751519) | val=1.469217 (main=1.429616, smooth=0.792016) | lr=3.395282e-05 | time=116.66s
[Epoch 303] train=2.769244 (main=2.731695, smooth=0.750981) | val=1.505763 (main=1.466040, smooth=0.794452) | lr=3.365560e-05 | time=124.71s
[Epoch 304] train=2.769821 (main=2.732267, smooth=0.751086) | val=1.507504 (main=1.467897, smooth=0.792129) | lr=3.335902e-05 | time=123.76s
[Epoch 305] train=2.767349 (main=2.729803, smooth=0.750904) | val=1.454786 (main=1.415022, smooth=0.795288) | lr=3.306310e-05 | time=119.12s
[Epoch 306] train=2.773812 (main=2.736295, smooth=0.750342) | val=1.462081 (main=1.422423, smooth=0.793159) | lr=3.276785e-05 | time=114.90s
[Epoch 307] train=2.776211 (main=2.738702, smooth=0.750186) | val=1.496885 (main=1.457170, smooth=0.794299) | lr=3.247328e-05 | time=120.24s
[Epoch 308] train=2.761833 (main=2.724314, smooth=0.750387) | val=1.458309 (main=1.418760, smooth=0.790976) | lr=3.217941e-05 | time=113.83s
[Epoch 309] train=2.769833 (main=2.732342, smooth=0.749831) | val=1.487286 (main=1.447545, smooth=0.794807) | lr=3.188623e-05 | time=116.80s
[Epoch 310] train=2.768315 (main=2.730820, smooth=0.749895) | val=1.445627 (main=1.406036, smooth=0.791831) | lr=3.159377e-05 | time=116.98s
[Epoch 311] train=2.771401 (main=2.733929, smooth=0.749446) | val=1.502810 (main=1.463121, smooth=0.793779) | lr=3.130204e-05 | time=115.36s
[Epoch 312] train=2.765830 (main=2.728334, smooth=0.749924) | val=1.532709 (main=1.493088, smooth=0.792436) | lr=3.101105e-05 | time=118.89s
[Epoch 313] train=2.768064 (main=2.730604, smooth=0.749194) | val=1.516624 (main=1.476977, smooth=0.792945) | lr=3.072080e-05 | time=123.64s
[Epoch 314] train=2.766033 (main=2.728559, smooth=0.749475) | val=1.548339 (main=1.508633, smooth=0.794117) | lr=3.043132e-05 | time=117.76s
[Epoch 315] train=2.764140 (main=2.726677, smooth=0.749262) | val=1.465129 (main=1.425479, smooth=0.793001) | lr=3.014261e-05 | time=118.36s
[Epoch 316] train=2.766964 (main=2.729519, smooth=0.748918) | val=1.524316 (main=1.484702, smooth=0.792273) | lr=2.985468e-05 | time=107.75s
[Epoch 317] train=2.766820 (main=2.729367, smooth=0.749058) | val=1.505640 (main=1.466015, smooth=0.792502) | lr=2.956755e-05 | time=118.92s
[Epoch 318] train=2.764205 (main=2.726781, smooth=0.748484) | val=1.483712 (main=1.444035, smooth=0.793539) | lr=2.928122e-05 | time=110.27s
[Epoch 319] train=2.765039 (main=2.727593, smooth=0.748919) | val=1.497284 (main=1.457652, smooth=0.792652) | lr=2.899571e-05 | time=122.84s
[Epoch 320] train=2.760901 (main=2.723471, smooth=0.748584) | val=1.517716 (main=1.477967, smooth=0.794988) | lr=2.871104e-05 | time=107.76s
[Epoch 321] train=2.761581 (main=2.724171, smooth=0.748207) | val=1.518517 (main=1.478802, smooth=0.794286) | lr=2.842720e-05 | time=118.25s
[Epoch 322] train=2.765230 (main=2.727809, smooth=0.748419) | val=1.500950 (main=1.461230, smooth=0.794404) | lr=2.814421e-05 | time=123.33s
[Epoch 323] train=2.764741 (main=2.727346, smooth=0.747903) | val=1.476093 (main=1.436529, smooth=0.791295) | lr=2.786209e-05 | time=126.22s
[Epoch 324] train=2.759530 (main=2.722123, smooth=0.748147) | val=1.511256 (main=1.471582, smooth=0.793479) | lr=2.758084e-05 | time=123.90s
[Epoch 325] train=2.762157 (main=2.724760, smooth=0.747940) | val=1.511262 (main=1.471472, smooth=0.795786) | lr=2.730048e-05 | time=119.36s
[Epoch 326] train=2.760592 (main=2.723180, smooth=0.748237) | val=1.512797 (main=1.473013, smooth=0.795679) | lr=2.702101e-05 | time=126.01s
[Epoch 327] train=2.756551 (main=2.719152, smooth=0.747981) | val=1.478904 (main=1.439223, smooth=0.793634) | lr=2.674245e-05 | time=118.13s
[Epoch 328] train=2.756726 (main=2.719352, smooth=0.747473) | val=1.533191 (main=1.493465, smooth=0.794528) | lr=2.646480e-05 | time=114.40s
[Epoch 329] train=2.756126 (main=2.718743, smooth=0.747664) | val=1.522319 (main=1.482651, smooth=0.793355) | lr=2.618809e-05 | time=110.17s
[Epoch 330] train=2.756535 (main=2.719151, smooth=0.747677) | val=1.474202 (main=1.434525, smooth=0.793535) | lr=2.591232e-05 | time=127.38s
[Epoch 331] train=2.764263 (main=2.726886, smooth=0.747540) | val=1.475543 (main=1.435773, smooth=0.795412) | lr=2.563749e-05 | time=114.87s
[Epoch 332] train=2.764549 (main=2.727190, smooth=0.747176) | val=1.505782 (main=1.466123, smooth=0.793168) | lr=2.536363e-05 | time=115.51s
[Epoch 333] train=2.759332 (main=2.721974, smooth=0.747161) | val=1.499427 (main=1.459688, smooth=0.794776) | lr=2.509074e-05 | time=118.13s
[Epoch 334] train=2.767542 (main=2.730192, smooth=0.746992) | val=1.508125 (main=1.468451, smooth=0.793472) | lr=2.481884e-05 | time=109.05s
[Epoch 335] train=2.762164 (main=2.724799, smooth=0.747293) | val=1.466274 (main=1.426542, smooth=0.794635) | lr=2.454793e-05 | time=114.68s
[Epoch 336] train=2.759806 (main=2.722470, smooth=0.746706) | val=1.492476 (main=1.452714, smooth=0.795242) | lr=2.427802e-05 | time=118.55s
[Epoch 337] train=2.762123 (main=2.724796, smooth=0.746553) | val=1.492571 (main=1.452850, smooth=0.794420) | lr=2.400913e-05 | time=127.04s
[Epoch 338] train=2.758070 (main=2.720736, smooth=0.746674) | val=1.496937 (main=1.457196, smooth=0.794838) | lr=2.374127e-05 | time=115.54s
[Epoch 339] train=2.753055 (main=2.715730, smooth=0.746486) | val=1.518528 (main=1.478873, smooth=0.793103) | lr=2.347444e-05 | time=108.78s
[Epoch 340] train=2.745994 (main=2.708682, smooth=0.746251) | val=1.566913 (main=1.527139, smooth=0.795477) | lr=2.320866e-05 | time=114.96s
[Epoch 341] train=2.756046 (main=2.718747, smooth=0.745974) | val=1.525198 (main=1.485568, smooth=0.792610) | lr=2.294394e-05 | time=113.26s
[Epoch 342] train=2.753129 (main=2.715843, smooth=0.745713) | val=1.518885 (main=1.479170, smooth=0.794315) | lr=2.268028e-05 | time=112.57s
[Epoch 343] train=2.754602 (main=2.717299, smooth=0.746063) | val=1.493960 (main=1.454233, smooth=0.794534) | lr=2.241771e-05 | time=125.67s
[Epoch 344] train=2.751877 (main=2.714583, smooth=0.745879) | val=1.521349 (main=1.481614, smooth=0.794700) | lr=2.215622e-05 | time=122.27s
[Epoch 345] train=2.752313 (main=2.715030, smooth=0.745659) | val=1.514631 (main=1.474903, smooth=0.794571) | lr=2.189583e-05 | time=118.45s
[Epoch 346] train=2.746825 (main=2.709533, smooth=0.745853) | val=1.503416 (main=1.463683, smooth=0.794656) | lr=2.163655e-05 | time=116.22s
[Epoch 347] train=2.752039 (main=2.714773, smooth=0.745336) | val=1.505028 (main=1.465300, smooth=0.794578) | lr=2.137839e-05 | time=122.10s
[Epoch 348] train=2.749950 (main=2.712678, smooth=0.745422) | val=1.510797 (main=1.471005, smooth=0.795841) | lr=2.112136e-05 | time=124.46s
[Epoch 349] train=2.749977 (main=2.712697, smooth=0.745609) | val=1.521222 (main=1.481558, smooth=0.793272) | lr=2.086548e-05 | time=123.41s
[Epoch 350] train=2.749486 (main=2.712208, smooth=0.745564) | val=1.499704 (main=1.460008, smooth=0.793917) | lr=2.061074e-05 | time=119.23s
[Epoch 351] train=2.748513 (main=2.711271, smooth=0.744829) | val=1.536136 (main=1.496336, smooth=0.796005) | lr=2.035716e-05 | time=114.02s
[Epoch 352] train=2.751847 (main=2.714573, smooth=0.745492) | val=1.510870 (main=1.471124, smooth=0.794918) | lr=2.010475e-05 | time=116.63s
[Epoch 353] train=2.749180 (main=2.711925, smooth=0.745107) | val=1.513710 (main=1.473972, smooth=0.794755) | lr=1.985352e-05 | time=113.54s
[Epoch 354] train=2.756835 (main=2.719572, smooth=0.745262) | val=1.513662 (main=1.473902, smooth=0.795202) | lr=1.960349e-05 | time=116.08s
[Epoch 355] train=2.750392 (main=2.713142, smooth=0.745010) | val=1.504401 (main=1.464644, smooth=0.795141) | lr=1.935465e-05 | time=129.76s
[Epoch 356] train=2.749110 (main=2.711887, smooth=0.744441) | val=1.499142 (main=1.459399, smooth=0.794862) | lr=1.910702e-05 | time=117.49s
[Epoch 357] train=2.743571 (main=2.706342, smooth=0.744590) | val=1.514165 (main=1.474303, smooth=0.797230) | lr=1.886061e-05 | time=111.04s
[Epoch 358] train=2.750258 (main=2.713039, smooth=0.744369) | val=1.514151 (main=1.474402, smooth=0.794974) | lr=1.861543e-05 | time=126.29s
[Epoch 359] train=2.750616 (main=2.713402, smooth=0.744282) | val=1.503593 (main=1.463901, smooth=0.793844) | lr=1.837149e-05 | time=107.35s
[Epoch 360] train=2.751371 (main=2.714148, smooth=0.744458) | val=1.547032 (main=1.507301, smooth=0.794609) | lr=1.812880e-05 | time=118.34s
[Epoch 361] train=2.748570 (main=2.711349, smooth=0.744412) | val=1.514916 (main=1.475161, smooth=0.795082) | lr=1.788737e-05 | time=108.11s
[Epoch 362] train=2.749126 (main=2.711903, smooth=0.744458) | val=1.501962 (main=1.462276, smooth=0.793710) | lr=1.764720e-05 | time=118.65s
[Epoch 363] train=2.744509 (main=2.707284, smooth=0.744507) | val=1.479103 (main=1.439412, smooth=0.793817) | lr=1.740831e-05 | time=122.59s
[Epoch 364] train=2.732923 (main=2.695706, smooth=0.744328) | val=1.530821 (main=1.491055, smooth=0.795306) | lr=1.717071e-05 | time=119.37s
[Epoch 365] train=2.740491 (main=2.703300, smooth=0.743818) | val=1.498700 (main=1.458977, smooth=0.794457) | lr=1.693441e-05 | time=110.44s
[Epoch 366] train=2.746631 (main=2.709429, smooth=0.744037) | val=1.499730 (main=1.460003, smooth=0.794548) | lr=1.669941e-05 | time=121.68s
[Epoch 367] train=2.749175 (main=2.712006, smooth=0.743371) | val=1.495942 (main=1.456133, smooth=0.796184) | lr=1.646572e-05 | time=120.30s
[Epoch 368] train=2.745551 (main=2.708372, smooth=0.743588) | val=1.486398 (main=1.446742, smooth=0.793129) | lr=1.623336e-05 | time=119.39s
[Epoch 369] train=2.746434 (main=2.709241, smooth=0.743863) | val=1.511754 (main=1.472037, smooth=0.794340) | lr=1.600233e-05 | time=125.48s
[Epoch 370] train=2.740493 (main=2.703328, smooth=0.743296) | val=1.516165 (main=1.476428, smooth=0.794736) | lr=1.577264e-05 | time=112.05s
[Epoch 371] train=2.742677 (main=2.705506, smooth=0.743419) | val=1.517039 (main=1.477302, smooth=0.794754) | lr=1.554431e-05 | time=115.59s
[Epoch 372] train=2.742782 (main=2.705616, smooth=0.743310) | val=1.522311 (main=1.482528, smooth=0.795667) | lr=1.531733e-05 | time=114.54s
[Epoch 373] train=2.744241 (main=2.707081, smooth=0.743202) | val=1.523690 (main=1.483888, smooth=0.796057) | lr=1.509173e-05 | time=123.05s
[Epoch 374] train=2.741002 (main=2.703844, smooth=0.743155) | val=1.514135 (main=1.474330, smooth=0.796096) | lr=1.486750e-05 | time=116.39s
[Epoch 375] train=2.744189 (main=2.707036, smooth=0.743060) | val=1.517898 (main=1.478177, smooth=0.794414) | lr=1.464466e-05 | time=116.91s
[Epoch 376] train=2.741661 (main=2.704510, smooth=0.743018) | val=1.517732 (main=1.477944, smooth=0.795768) | lr=1.442322e-05 | time=109.56s
[Epoch 377] train=2.740252 (main=2.703118, smooth=0.742678) | val=1.520390 (main=1.480628, smooth=0.795234) | lr=1.420318e-05 | time=112.53s
[Epoch 378] train=2.738221 (main=2.701081, smooth=0.742805) | val=1.517844 (main=1.478063, smooth=0.795608) | lr=1.398455e-05 | time=122.46s
[Epoch 379] train=2.772309 (main=2.735099, smooth=0.744191) | val=1.525978 (main=1.486132, smooth=0.796928) | lr=1.376734e-05 | time=114.92s
[Epoch 380] train=2.743982 (main=2.706822, smooth=0.743208) | val=1.514280 (main=1.474551, smooth=0.794585) | lr=1.355157e-05 | time=123.42s
[Epoch 381] train=2.735417 (main=2.698283, smooth=0.742682) | val=1.497804 (main=1.458071, smooth=0.794658) | lr=1.333723e-05 | time=120.05s
[Epoch 382] train=2.741309 (main=2.704178, smooth=0.742622) | val=1.507976 (main=1.468266, smooth=0.794190) | lr=1.312434e-05 | time=119.97s
[Epoch 383] train=2.738822 (main=2.701707, smooth=0.742314) | val=1.494321 (main=1.454611, smooth=0.794203) | lr=1.291291e-05 | time=118.92s
[Epoch 384] train=2.734495 (main=2.697394, smooth=0.742020) | val=1.528056 (main=1.488338, smooth=0.794352) | lr=1.270294e-05 | time=120.95s
[Epoch 385] train=2.733930 (main=2.696796, smooth=0.742672) | val=1.515677 (main=1.475832, smooth=0.796903) | lr=1.249445e-05 | time=122.54s
[Epoch 386] train=2.739630 (main=2.702520, smooth=0.742198) | val=1.508948 (main=1.469115, smooth=0.796655) | lr=1.228743e-05 | time=121.30s
[Epoch 387] train=2.738913 (main=2.701798, smooth=0.742303) | val=1.505097 (main=1.465326, smooth=0.795428) | lr=1.208190e-05 | time=120.62s
[Epoch 388] train=2.741214 (main=2.704109, smooth=0.742111) | val=1.510496 (main=1.470744, smooth=0.795054) | lr=1.187787e-05 | time=127.25s
[Epoch 389] train=2.738030 (main=2.700918, smooth=0.742235) | val=1.499153 (main=1.459435, smooth=0.794374) | lr=1.167535e-05 | time=126.70s
[Epoch 390] train=2.736741 (main=2.699638, smooth=0.742064) | val=1.492798 (main=1.453095, smooth=0.794052) | lr=1.147434e-05 | time=119.67s
[Epoch 391] train=2.738517 (main=2.701426, smooth=0.741807) | val=1.494336 (main=1.454565, smooth=0.795413) | lr=1.127485e-05 | time=124.03s
[Epoch 392] train=2.736670 (main=2.699593, smooth=0.741542) | val=1.514109 (main=1.474237, smooth=0.797427) | lr=1.107688e-05 | time=116.99s
[Epoch 393] train=2.731687 (main=2.694605, smooth=0.741650) | val=1.510391 (main=1.470676, smooth=0.794302) | lr=1.088046e-05 | time=122.69s
[Epoch 394] train=2.736195 (main=2.699101, smooth=0.741872) | val=1.503055 (main=1.463325, smooth=0.794604) | lr=1.068558e-05 | time=108.47s
[Epoch 395] train=2.734285 (main=2.697212, smooth=0.741466) | val=1.506246 (main=1.466448, smooth=0.795955) | lr=1.049225e-05 | time=117.08s
[Epoch 396] train=2.735196 (main=2.698119, smooth=0.741537) | val=1.503593 (main=1.463821, smooth=0.795424) | lr=1.030048e-05 | time=104.15s
[Epoch 397] train=2.734730 (main=2.697649, smooth=0.741631) | val=1.515830 (main=1.476076, smooth=0.795071) | lr=1.011028e-05 | time=124.82s
[Epoch 398] train=2.733662 (main=2.696597, smooth=0.741294) | val=1.519300 (main=1.479489, smooth=0.796225) | lr=9.921651e-06 | time=114.11s
[Epoch 399] train=2.733582 (main=2.696532, smooth=0.741010) | val=1.520944 (main=1.481167, smooth=0.795540) | lr=9.734606e-06 | time=110.51s
[Epoch 400] train=2.734594 (main=2.697538, smooth=0.741125) | val=1.518566 (main=1.478814, smooth=0.795034) | lr=9.549150e-06 | time=123.84s
[Epoch 401] train=2.737323 (main=2.700261, smooth=0.741237) | val=1.515590 (main=1.475759, smooth=0.796622) | lr=9.365292e-06 | time=116.95s
[Epoch 402] train=2.732882 (main=2.695821, smooth=0.741212) | val=1.513758 (main=1.474011, smooth=0.794940) | lr=9.183037e-06 | time=115.20s
[Epoch 403] train=2.732602 (main=2.695545, smooth=0.741137) | val=1.501825 (main=1.462048, smooth=0.795530) | lr=9.002395e-06 | time=122.71s
[Epoch 404] train=2.741337 (main=2.704267, smooth=0.741403) | val=1.519099 (main=1.479319, smooth=0.795606) | lr=8.823370e-06 | time=106.77s
[Epoch 405] train=2.732567 (main=2.695511, smooth=0.741125) | val=1.514429 (main=1.474647, smooth=0.795633) | lr=8.645971e-06 | time=104.76s
[Epoch 406] train=2.733940 (main=2.696885, smooth=0.741094) | val=1.506423 (main=1.466646, smooth=0.795534) | lr=8.470205e-06 | time=117.45s
[Epoch 407] train=2.734180 (main=2.697125, smooth=0.741110) | val=1.510805 (main=1.471039, smooth=0.795317) | lr=8.296078e-06 | time=118.19s
[Epoch 408] train=2.729183 (main=2.692145, smooth=0.740747) | val=1.507111 (main=1.467312, smooth=0.795985) | lr=8.123598e-06 | time=115.54s
[Epoch 409] train=2.727368 (main=2.690323, smooth=0.740910) | val=1.511565 (main=1.471738, smooth=0.796532) | lr=7.952771e-06 | time=118.70s
[Epoch 410] train=2.731808 (main=2.694749, smooth=0.741179) | val=1.505202 (main=1.465432, smooth=0.795405) | lr=7.783604e-06 | time=124.42s
[Epoch 411] train=2.730797 (main=2.693747, smooth=0.741006) | val=1.505741 (main=1.466005, smooth=0.794712) | lr=7.616103e-06 | time=118.45s
[Epoch 412] train=2.730872 (main=2.693828, smooth=0.740882) | val=1.508583 (main=1.468782, smooth=0.796021) | lr=7.450276e-06 | time=120.40s
[Epoch 413] train=2.733753 (main=2.696701, smooth=0.741048) | val=1.525684 (main=1.485848, smooth=0.796720) | lr=7.286128e-06 | time=124.24s
[Epoch 414] train=2.733874 (main=2.696827, smooth=0.740935) | val=1.513242 (main=1.473436, smooth=0.796107) | lr=7.123667e-06 | time=129.55s
[Epoch 415] train=2.728510 (main=2.691495, smooth=0.740298) | val=1.514632 (main=1.474793, smooth=0.796780) | lr=6.962899e-06 | time=124.21s
[Epoch 416] train=2.729040 (main=2.692011, smooth=0.740591) | val=1.514472 (main=1.474665, smooth=0.796146) | lr=6.803829e-06 | time=123.25s
[Epoch 417] train=2.733056 (main=2.696023, smooth=0.740658) | val=1.510248 (main=1.470511, smooth=0.794741) | lr=6.646465e-06 | time=118.11s
[Epoch 418] train=2.726812 (main=2.689782, smooth=0.740589) | val=1.506173 (main=1.466375, smooth=0.795954) | lr=6.490812e-06 | time=118.66s
[Epoch 419] train=2.724965 (main=2.687940, smooth=0.740501) | val=1.463166 (main=1.423447, smooth=0.794383) | lr=6.336877e-06 | time=127.29s
[Epoch 420] train=2.739312 (main=2.702214, smooth=0.741947) | val=1.514977 (main=1.475167, smooth=0.796195) | lr=6.184666e-06 | time=124.39s
[Epoch 421] train=2.732548 (main=2.695527, smooth=0.740425) | val=1.513649 (main=1.473854, smooth=0.795900) | lr=6.034184e-06 | time=132.45s
[Epoch 422] train=2.731273 (main=2.694247, smooth=0.740520) | val=1.518648 (main=1.478862, smooth=0.795729) | lr=5.885439e-06 | time=119.82s
[Epoch 423] train=2.729648 (main=2.692639, smooth=0.740189) | val=1.525627 (main=1.485821, smooth=0.796129) | lr=5.738434e-06 | time=126.57s
[Epoch 424] train=2.727816 (main=2.690812, smooth=0.740082) | val=1.521594 (main=1.481836, smooth=0.795156) | lr=5.593178e-06 | time=118.88s
[Epoch 425] train=2.740616 (main=2.703559, smooth=0.741142) | val=1.528848 (main=1.489049, smooth=0.795973) | lr=5.449674e-06 | time=128.29s
[Epoch 426] train=2.735943 (main=2.698897, smooth=0.740914) | val=1.532378 (main=1.492545, smooth=0.796661) | lr=5.307929e-06 | time=124.37s
[Epoch 427] train=2.736200 (main=2.699138, smooth=0.741234) | val=1.497793 (main=1.458009, smooth=0.795689) | lr=5.167948e-06 | time=118.25s
[Epoch 428] train=2.718716 (main=2.681645, smooth=0.741422) | val=1.544301 (main=1.504478, smooth=0.796463) | lr=5.029737e-06 | time=121.03s
[Epoch 429] train=2.728091 (main=2.691094, smooth=0.739941) | val=1.539506 (main=1.499694, smooth=0.796246) | lr=4.893302e-06 | time=105.38s
[Epoch 430] train=2.726967 (main=2.689960, smooth=0.740151) | val=1.531186 (main=1.491400, smooth=0.795712) | lr=4.758647e-06 | time=119.70s
[Epoch 431] train=2.728144 (main=2.691147, smooth=0.739931) | val=1.529049 (main=1.489291, smooth=0.795149) | lr=4.625779e-06 | time=115.18s
[Epoch 432] train=2.726262 (main=2.689253, smooth=0.740190) | val=1.520236 (main=1.480458, smooth=0.795555) | lr=4.494701e-06 | time=121.71s
[Epoch 433] train=2.727984 (main=2.690988, smooth=0.739934) | val=1.518401 (main=1.478595, smooth=0.796125) | lr=4.365421e-06 | time=120.13s
[Epoch 434] train=2.722950 (main=2.685947, smooth=0.740064) | val=1.520001 (main=1.480205, smooth=0.795919) | lr=4.237941e-06 | time=115.07s
[Epoch 435] train=2.726949 (main=2.689950, smooth=0.739983) | val=1.520539 (main=1.480750, smooth=0.795774) | lr=4.112269e-06 | time=122.97s
[Epoch 436] train=2.729480 (main=2.692496, smooth=0.739692) | val=1.522424 (main=1.482602, smooth=0.796433) | lr=3.988408e-06 | time=118.31s
[Epoch 437] train=2.727455 (main=2.690455, smooth=0.740007) | val=1.516290 (main=1.476518, smooth=0.795449) | lr=3.866363e-06 | time=129.48s
[Epoch 438] train=2.725066 (main=2.688078, smooth=0.739758) | val=1.518235 (main=1.478413, smooth=0.796448) | lr=3.746140e-06 | time=121.49s
[Epoch 439] train=2.727104 (main=2.690091, smooth=0.740262) | val=1.521094 (main=1.481271, smooth=0.796462) | lr=3.627742e-06 | time=117.58s
[Epoch 440] train=2.725142 (main=2.688147, smooth=0.739901) | val=1.522516 (main=1.482717, smooth=0.795974) | lr=3.511176e-06 | time=114.02s
[Epoch 441] train=2.726630 (main=2.689643, smooth=0.739726) | val=1.515496 (main=1.475686, smooth=0.796185) | lr=3.396444e-06 | time=129.19s
[Epoch 442] train=2.726957 (main=2.689977, smooth=0.739612) | val=1.519606 (main=1.479787, smooth=0.796373) | lr=3.283553e-06 | time=116.86s
[Epoch 443] train=2.728692 (main=2.691690, smooth=0.740033) | val=1.514204 (main=1.474408, smooth=0.795933) | lr=3.172506e-06 | time=119.35s
[Epoch 444] train=2.766545 (main=2.729506, smooth=0.740778) | val=1.442738 (main=1.402889, smooth=0.796973) | lr=3.063307e-06 | time=119.33s
[Epoch 445] train=2.733831 (main=2.696846, smooth=0.739683) | val=1.530759 (main=1.490952, smooth=0.796154) | lr=2.955962e-06 | time=122.16s
[Epoch 446] train=2.723162 (main=2.686178, smooth=0.739687) | val=1.535091 (main=1.495211, smooth=0.797601) | lr=2.850473e-06 | time=125.05s
[Epoch 447] train=2.725707 (main=2.688711, smooth=0.739917) | val=1.520886 (main=1.481129, smooth=0.795132) | lr=2.746846e-06 | time=119.86s
[Epoch 448] train=2.725063 (main=2.688092, smooth=0.739430) | val=1.527980 (main=1.488158, smooth=0.796435) | lr=2.645085e-06 | time=117.55s
[Epoch 449] train=2.720814 (main=2.683837, smooth=0.739541) | val=1.522959 (main=1.483194, smooth=0.795304) | lr=2.545193e-06 | time=115.48s
[Epoch 450] train=2.723563 (main=2.686586, smooth=0.739543) | val=1.514179 (main=1.474389, smooth=0.795798) | lr=2.447174e-06 | time=118.87s
[Epoch 451] train=2.729206 (main=2.692217, smooth=0.739770) | val=1.517310 (main=1.477513, smooth=0.795954) | lr=2.351033e-06 | time=112.10s
[Epoch 452] train=2.724700 (main=2.687712, smooth=0.739759) | val=1.518746 (main=1.478962, smooth=0.795681) | lr=2.256773e-06 | time=122.17s
[Epoch 453] train=2.726662 (main=2.689662, smooth=0.739995) | val=1.519423 (main=1.479633, smooth=0.795799) | lr=2.164397e-06 | time=120.86s
[Epoch 454] train=2.724032 (main=2.687057, smooth=0.739503) | val=1.521123 (main=1.481305, smooth=0.796372) | lr=2.073911e-06 | time=121.52s
[Epoch 455] train=2.726132 (main=2.689136, smooth=0.739921) | val=1.516130 (main=1.476295, smooth=0.796702) | lr=1.985316e-06 | time=122.69s
[Epoch 456] train=2.728710 (main=2.691708, smooth=0.740045) | val=1.516949 (main=1.477152, smooth=0.795953) | lr=1.898616e-06 | time=120.09s
[Epoch 457] train=2.726209 (main=2.689219, smooth=0.739811) | val=1.516147 (main=1.476375, smooth=0.795447) | lr=1.813816e-06 | time=121.17s
[Epoch 458] train=2.723455 (main=2.686475, smooth=0.739590) | val=1.520434 (main=1.480615, smooth=0.796380) | lr=1.730918e-06 | time=109.94s
[Epoch 459] train=2.723363 (main=2.686385, smooth=0.739572) | val=1.519023 (main=1.479231, smooth=0.795830) | lr=1.649926e-06 | time=113.62s
[Epoch 460] train=2.722950 (main=2.685965, smooth=0.739690) | val=1.528123 (main=1.488294, smooth=0.796588) | lr=1.570842e-06 | time=114.10s
[Epoch 461] train=2.725760 (main=2.688792, smooth=0.739354) | val=1.526397 (main=1.486584, smooth=0.796262) | lr=1.493670e-06 | time=111.75s
[Epoch 462] train=2.723869 (main=2.686895, smooth=0.739484) | val=1.520980 (main=1.481193, smooth=0.795733) | lr=1.418413e-06 | time=124.97s
[Epoch 463] train=2.727246 (main=2.690284, smooth=0.739243) | val=1.521737 (main=1.481927, smooth=0.796200) | lr=1.345074e-06 | time=122.38s
[Epoch 464] train=2.723613 (main=2.686659, smooth=0.739087) | val=1.511834 (main=1.472046, smooth=0.795764) | lr=1.273656e-06 | time=116.35s
[Epoch 465] train=2.723455 (main=2.686491, smooth=0.739280) | val=1.517203 (main=1.477377, smooth=0.796508) | lr=1.204162e-06 | time=127.96s
[Epoch 466] train=2.721978 (main=2.685007, smooth=0.739403) | val=1.516957 (main=1.477150, smooth=0.796132) | lr=1.136594e-06 | time=115.15s
[Epoch 467] train=2.727158 (main=2.690197, smooth=0.739217) | val=1.518149 (main=1.478330, smooth=0.796378) | lr=1.070955e-06 | time=119.86s
[Epoch 468] train=2.724550 (main=2.687582, smooth=0.739370) | val=1.516013 (main=1.476233, smooth=0.795606) | lr=1.007247e-06 | time=118.96s
[Epoch 469] train=2.722140 (main=2.685177, smooth=0.739243) | val=1.520820 (main=1.481023, smooth=0.795926) | lr=9.454741e-07 | time=105.31s
[Epoch 470] train=2.727493 (main=2.690522, smooth=0.739421) | val=1.520577 (main=1.480780, smooth=0.795929) | lr=8.856375e-07 | time=87.75s
[Epoch 471] train=2.722054 (main=2.685081, smooth=0.739454) | val=1.519535 (main=1.479755, smooth=0.795604) | lr=8.277398e-07 | time=85.84s
[Epoch 472] train=2.722999 (main=2.686052, smooth=0.738942) | val=1.521046 (main=1.481235, smooth=0.796229) | lr=7.717833e-07 | time=85.88s
[Epoch 473] train=2.726826 (main=2.689866, smooth=0.739188) | val=1.517203 (main=1.477394, smooth=0.796177) | lr=7.177702e-07 | time=86.12s
[Epoch 474] train=2.723687 (main=2.686721, smooth=0.739327) | val=1.516617 (main=1.476814, smooth=0.796065) | lr=6.657028e-07 | time=88.19s
[Epoch 475] train=2.721523 (main=2.684555, smooth=0.739362) | val=1.516794 (main=1.476997, smooth=0.795948) | lr=6.155830e-07 | time=87.85s
[Epoch 476] train=2.721882 (main=2.684909, smooth=0.739441) | val=1.517809 (main=1.478008, smooth=0.796014) | lr=5.674128e-07 | time=85.05s
[Epoch 477] train=2.726231 (main=2.689257, smooth=0.739467) | val=1.517602 (main=1.477810, smooth=0.795834) | lr=5.211941e-07 | time=88.49s
[Epoch 478] train=2.722264 (main=2.685292, smooth=0.739432) | val=1.517318 (main=1.477530, smooth=0.795745) | lr=4.769287e-07 | time=89.41s
[Epoch 479] train=2.723176 (main=2.686211, smooth=0.739302) | val=1.517980 (main=1.478179, smooth=0.796022) | lr=4.346184e-07 | time=84.47s
[Epoch 480] train=2.720543 (main=2.683594, smooth=0.738984) | val=1.523080 (main=1.483292, smooth=0.795754) | lr=3.942649e-07 | time=85.25s
[Epoch 481] train=2.721432 (main=2.684469, smooth=0.739269) | val=1.522369 (main=1.482582, smooth=0.795728) | lr=3.558698e-07 | time=88.09s
[Epoch 482] train=2.724132 (main=2.687189, smooth=0.738857) | val=1.520893 (main=1.481087, smooth=0.796110) | lr=3.194345e-07 | time=86.87s
[Epoch 483] train=2.719904 (main=2.682940, smooth=0.739268) | val=1.520630 (main=1.480828, smooth=0.796029) | lr=2.849605e-07 | time=86.48s
[Epoch 484] train=2.720017 (main=2.683057, smooth=0.739206) | val=1.519577 (main=1.479791, smooth=0.795726) | lr=2.524492e-07 | time=86.04s
[Epoch 485] train=2.725815 (main=2.688858, smooth=0.739124) | val=1.519759 (main=1.479970, smooth=0.795777) | lr=2.219018e-07 | time=86.71s
[Epoch 486] train=2.726604 (main=2.689639, smooth=0.739309) | val=1.520413 (main=1.480607, smooth=0.796117) | lr=1.933195e-07 | time=85.01s
[Epoch 487] train=2.723688 (main=2.686734, smooth=0.739093) | val=1.517761 (main=1.477964, smooth=0.795931) | lr=1.667036e-07 | time=85.54s
[Epoch 488] train=2.723114 (main=2.686155, smooth=0.739177) | val=1.517942 (main=1.478143, smooth=0.795979) | lr=1.420550e-07 | time=85.73s
[Epoch 489] train=2.720139 (main=2.683179, smooth=0.739194) | val=1.517074 (main=1.477276, smooth=0.795942) | lr=1.193747e-07 | time=85.86s
[Epoch 490] train=2.718431 (main=2.681482, smooth=0.738974) | val=1.517428 (main=1.477624, smooth=0.796079) | lr=9.866358e-08 | time=87.17s
[Epoch 491] train=2.721172 (main=2.684208, smooth=0.739281) | val=1.517134 (main=1.477336, smooth=0.795968) | lr=7.992249e-08 | time=86.54s
[Epoch 492] train=2.721418 (main=2.684456, smooth=0.739242) | val=1.516799 (main=1.476999, smooth=0.795996) | lr=6.315217e-08 | time=86.51s
[Epoch 493] train=2.721734 (main=2.684791, smooth=0.738852) | val=1.516751 (main=1.476952, smooth=0.795991) | lr=4.835327e-08 | time=84.81s
[Epoch 494] train=2.717610 (main=2.680660, smooth=0.738997) | val=1.516665 (main=1.476867, smooth=0.795957) | lr=3.552637e-08 | time=87.83s
[Epoch 495] train=2.722031 (main=2.685066, smooth=0.739296) | val=1.516678 (main=1.476883, smooth=0.795898) | lr=2.467198e-08 | time=88.15s
[Epoch 496] train=2.720698 (main=2.683738, smooth=0.739205) | val=1.516682 (main=1.476886, smooth=0.795905) | lr=1.579054e-08 | time=90.78s
[Epoch 497] train=2.720421 (main=2.683458, smooth=0.739255) | val=1.516843 (main=1.477046, smooth=0.795950) | lr=8.882381e-09 | time=85.58s
[Epoch 498] train=2.719454 (main=2.682519, smooth=0.738715) | val=1.516883 (main=1.477086, smooth=0.795953) | lr=3.947790e-09 | time=87.70s
[Epoch 499] train=2.721926 (main=2.684974, smooth=0.739033) | val=1.516892 (main=1.477095, smooth=0.795951) | lr=9.869572e-10 | time=73.10s
[Epoch 500] train=2.720246 (main=2.683315, smooth=0.738601) | val=1.516893 (main=1.477095, smooth=0.795951) | lr=0.000000e+00 | time=61.89s
[INFO] Best epoch=15, best_val_loss=1.299501
[INFO] Test metrics | MAE=64.205704, RMSE=104.237633, R2=0.219325, MAPE=33.296787, valid_ratio=0.8903
[INFO] Prediction subplot groups (experiments): 5
[INFO] Training finished.
