[INFO] Start training with config:
{
  "data_root": "/home/cislab301b/peter/ORAN-Traffic-Prediction/Dataset/colosseum-oran-coloran-dataset",
  "train_dirs": [
    "tr1-5",
    "tr7-14",
    "tr16-26"
  ],
  "val_dirs": [
    "tr0",
    "tr6",
    "tr27"
  ],
  "test_dirs": [
    "tr15"
  ],
  "slice_type": "embb",
  "val_split": 0.2,
  "sequence_length": 30,
  "horizon": 1,
  "chunk_size": 64,
  "batch_size": 1024,
  "epochs": 100,
  "learning_rate": 0.0001,
  "weight_decay": 0.0,
  "scheduler": "cosine",
  "patience": 50,
  "seed": 42,
  "rnn_type": "lstm",
  "lstm_hidden": 128,
  "lstm_layers": 4,
  "lstm_dropout": 0.2,
  "d_model": 128,
  "n_heads": 4,
  "n_layers": 3,
  "dim_feedforward": 512,
  "vit_dropout": 0.2,
  "lambda_smooth": 0.0,
  "loss_type": "mse",
  "weight_alpha": 4.0,
  "weight_quantile": 0.9,
  "weight_upper_quantile": 0.99,
  "lambda_ref_iqr": 104.0,
  "disable_scale_aware_lambda": false,
  "num_workers": 0,
  "device": "auto",
  "output_dir": "/home/cislab301b/peter/ORAN-Traffic-Prediction/model8/results/embb_20260422_143553"
}
[INFO] Device: cuda
[INFO] Val trials (explicit): ['tr0', 'tr6', 'tr27']
[INFO] Slice=embb | train_csv=1699 | val_csv=206 | test_csv=68
[INFO] Loading train CSV files...
[INFO] Loading val CSV files...
[INFO] Loading test CSV files...
[INFO] Use explicit val dirs: train=1699 val=206 (--val_split ignored)
[INFO] Train feature non-zero ratio:
  - dl_buffer: 0.8461
  - tx_brate: 0.8829
  - rx_brate: 0.3725
  - ul_sinr: 0.3043
  - dl_mcs: 0.8826
  - ul_mcs: 0.3043
  - phr: 0.3504
  - tx_pkts: 0.8829
  - rx_pkts: 0.3932
  - dl_cqi: 1.0000
  - rx_errors_ul: 0.2535
  - dl_n_samples: 0.8828
  - ul_n_samples: 0.3932
[INFO] Windows | train=3391963 val=407772 test=136464
[INFO] Input feature dimension: 13 (['dl_buffer', 'tx_brate', 'rx_brate', 'ul_sinr', 'dl_mcs', 'ul_mcs', 'phr', 'tx_pkts', 'rx_pkts', 'dl_cqi', 'rx_errors_ul', 'dl_n_samples', 'ul_n_samples'])
[INFO] lambda_smooth | base=0.000000, effective=0.000000, target_iqr=2502.000000, multiplier=0.203879, scale_aware=on
/home/cislab301b/miniforge3/envs/peter/lib/python3.12/site-packages/torch/nn/modules/transformer.py:392: UserWarning: enable_nested_tensor is True, but self.use_nested_tensor is False because encoder_layer.norm_first was True
  warnings.warn(
[INFO] loss_type=mse (unweighted)
[Epoch 001] train=0.023006 (main=0.023006, smooth=0.087273) | val=0.031779 (main=0.031779, smooth=0.069689) | lr=9.997533e-05 | time=144.97s
[INFO] Saved new best checkpoint at epoch 1.
[Epoch 002] train=0.012340 (main=0.012340, smooth=0.080769) | val=0.028188 (main=0.028188, smooth=0.069854) | lr=9.990134e-05 | time=162.55s
[INFO] Saved new best checkpoint at epoch 2.
[Epoch 003] train=0.011017 (main=0.011017, smooth=0.077504) | val=0.029817 (main=0.029817, smooth=0.070571) | lr=9.977810e-05 | time=164.46s
[Epoch 004] train=0.010523 (main=0.010523, smooth=0.075246) | val=0.033829 (main=0.033829, smooth=0.070639) | lr=9.960574e-05 | time=167.76s
[Epoch 005] train=0.010049 (main=0.010049, smooth=0.073300) | val=0.029105 (main=0.029105, smooth=0.070704) | lr=9.938442e-05 | time=166.55s
[Epoch 006] train=0.009822 (main=0.009822, smooth=0.071494) | val=0.032643 (main=0.032643, smooth=0.070676) | lr=9.911436e-05 | time=164.01s
[Epoch 007] train=0.009468 (main=0.009468, smooth=0.070050) | val=0.038108 (main=0.038108, smooth=0.070679) | lr=9.879584e-05 | time=164.95s
[Epoch 008] train=0.009318 (main=0.009318, smooth=0.068996) | val=0.039633 (main=0.039633, smooth=0.070307) | lr=9.842916e-05 | time=165.52s
[Epoch 009] train=0.009036 (main=0.009036, smooth=0.068131) | val=0.039984 (main=0.039984, smooth=0.070331) | lr=9.801468e-05 | time=161.46s
[Epoch 010] train=0.008938 (main=0.008938, smooth=0.067496) | val=0.043682 (main=0.043682, smooth=0.070010) | lr=9.755283e-05 | time=162.39s
[Epoch 011] train=0.008828 (main=0.008828, smooth=0.067086) | val=0.042833 (main=0.042833, smooth=0.069627) | lr=9.704404e-05 | time=165.36s
[Epoch 012] train=0.008745 (main=0.008745, smooth=0.066709) | val=0.040487 (main=0.040487, smooth=0.069934) | lr=9.648882e-05 | time=167.27s
[Epoch 013] train=0.008664 (main=0.008664, smooth=0.066424) | val=0.047142 (main=0.047142, smooth=0.069760) | lr=9.588773e-05 | time=165.29s
[Epoch 014] train=0.008622 (main=0.008622, smooth=0.066195) | val=0.040875 (main=0.040875, smooth=0.069691) | lr=9.524135e-05 | time=161.49s
[Epoch 015] train=0.008606 (main=0.008606, smooth=0.066026) | val=0.044353 (main=0.044353, smooth=0.069443) | lr=9.455033e-05 | time=161.51s
[Epoch 016] train=0.008486 (main=0.008486, smooth=0.065768) | val=0.044911 (main=0.044911, smooth=0.068961) | lr=9.381533e-05 | time=165.93s
[Epoch 017] train=0.008418 (main=0.008418, smooth=0.065563) | val=0.047695 (main=0.047695, smooth=0.068913) | lr=9.303710e-05 | time=168.74s
[Epoch 018] train=0.008387 (main=0.008387, smooth=0.065469) | val=0.043446 (main=0.043446, smooth=0.069184) | lr=9.221640e-05 | time=167.10s
[Epoch 019] train=0.008377 (main=0.008377, smooth=0.065348) | val=0.041094 (main=0.041094, smooth=0.069177) | lr=9.135403e-05 | time=166.88s
[Epoch 020] train=0.008299 (main=0.008299, smooth=0.065199) | val=0.044828 (main=0.044828, smooth=0.068902) | lr=9.045085e-05 | time=161.98s
[Epoch 021] train=0.008328 (main=0.008328, smooth=0.065124) | val=0.043449 (main=0.043449, smooth=0.068932) | lr=8.950775e-05 | time=166.57s
[Epoch 022] train=0.008244 (main=0.008244, smooth=0.065006) | val=0.043192 (main=0.043192, smooth=0.068773) | lr=8.852566e-05 | time=167.94s
[Epoch 023] train=0.008229 (main=0.008229, smooth=0.064906) | val=0.043809 (main=0.043809, smooth=0.068752) | lr=8.750555e-05 | time=168.51s
[Epoch 024] train=0.008179 (main=0.008179, smooth=0.064809) | val=0.045992 (main=0.045992, smooth=0.068393) | lr=8.644843e-05 | time=169.69s
[Epoch 025] train=0.008174 (main=0.008174, smooth=0.064767) | val=0.036398 (main=0.036398, smooth=0.068707) | lr=8.535534e-05 | time=164.76s
[Epoch 026] train=0.008103 (main=0.008103, smooth=0.064678) | val=0.044277 (main=0.044277, smooth=0.068754) | lr=8.422736e-05 | time=169.37s
[Epoch 027] train=0.008112 (main=0.008112, smooth=0.064649) | val=0.044685 (main=0.044685, smooth=0.068710) | lr=8.306559e-05 | time=163.61s
[Epoch 028] train=0.008079 (main=0.008079, smooth=0.064588) | val=0.041107 (main=0.041107, smooth=0.068666) | lr=8.187120e-05 | time=165.89s
[Epoch 029] train=0.008019 (main=0.008019, smooth=0.064479) | val=0.045838 (main=0.045838, smooth=0.068603) | lr=8.064535e-05 | time=169.46s
[Epoch 030] train=0.008039 (main=0.008039, smooth=0.064431) | val=0.043278 (main=0.043278, smooth=0.068553) | lr=7.938926e-05 | time=165.49s
[Epoch 031] train=0.008021 (main=0.008021, smooth=0.064364) | val=0.046618 (main=0.046618, smooth=0.068625) | lr=7.810417e-05 | time=165.21s
[Epoch 032] train=0.008010 (main=0.008010, smooth=0.064385) | val=0.044682 (main=0.044682, smooth=0.068678) | lr=7.679134e-05 | time=166.89s
[Epoch 033] train=0.007957 (main=0.007957, smooth=0.064250) | val=0.043616 (main=0.043616, smooth=0.068571) | lr=7.545207e-05 | time=164.67s
[Epoch 034] train=0.007943 (main=0.007943, smooth=0.064218) | val=0.041360 (main=0.041360, smooth=0.068434) | lr=7.408768e-05 | time=169.37s
[Epoch 035] train=0.007922 (main=0.007922, smooth=0.064167) | val=0.046356 (main=0.046356, smooth=0.068299) | lr=7.269952e-05 | time=164.80s
[Epoch 036] train=0.007896 (main=0.007896, smooth=0.064092) | val=0.040117 (main=0.040117, smooth=0.068543) | lr=7.128896e-05 | time=168.32s
[Epoch 037] train=0.007923 (main=0.007923, smooth=0.064131) | val=0.047835 (main=0.047835, smooth=0.068208) | lr=6.985739e-05 | time=168.70s
[Epoch 038] train=0.007882 (main=0.007882, smooth=0.064055) | val=0.046055 (main=0.046055, smooth=0.068159) | lr=6.840623e-05 | time=164.87s
[Epoch 039] train=0.007828 (main=0.007828, smooth=0.063966) | val=0.043961 (main=0.043961, smooth=0.068658) | lr=6.693690e-05 | time=169.60s
[Epoch 040] train=0.007876 (main=0.007876, smooth=0.064010) | val=0.047995 (main=0.047995, smooth=0.068157) | lr=6.545085e-05 | time=166.87s
[Epoch 041] train=0.007835 (main=0.007835, smooth=0.063946) | val=0.044349 (main=0.044349, smooth=0.068509) | lr=6.394956e-05 | time=167.02s
[Epoch 042] train=0.007850 (main=0.007850, smooth=0.063921) | val=0.044336 (main=0.044336, smooth=0.068883) | lr=6.243449e-05 | time=169.19s
[Epoch 043] train=0.007770 (main=0.007770, smooth=0.063875) | val=0.044842 (main=0.044842, smooth=0.068252) | lr=6.090716e-05 | time=169.27s
[Epoch 044] train=0.007802 (main=0.007802, smooth=0.063868) | val=0.045384 (main=0.045384, smooth=0.067983) | lr=5.936907e-05 | time=167.72s
[Epoch 045] train=0.007744 (main=0.007744, smooth=0.063771) | val=0.046986 (main=0.046986, smooth=0.068037) | lr=5.782172e-05 | time=169.64s
[Epoch 046] train=0.007717 (main=0.007717, smooth=0.063723) | val=0.047845 (main=0.047845, smooth=0.068270) | lr=5.626666e-05 | time=168.60s
[Epoch 047] train=0.007720 (main=0.007720, smooth=0.063724) | val=0.046775 (main=0.046775, smooth=0.068410) | lr=5.470542e-05 | time=159.50s
[Epoch 048] train=0.007722 (main=0.007722, smooth=0.063750) | val=0.042322 (main=0.042322, smooth=0.068108) | lr=5.313953e-05 | time=165.86s
[Epoch 049] train=0.007706 (main=0.007706, smooth=0.063661) | val=0.044648 (main=0.044648, smooth=0.068129) | lr=5.157054e-05 | time=171.66s
[Epoch 050] train=0.007714 (main=0.007714, smooth=0.063686) | val=0.043200 (main=0.043200, smooth=0.068183) | lr=5.000000e-05 | time=171.32s
[Epoch 051] train=0.007650 (main=0.007650, smooth=0.063616) | val=0.049033 (main=0.049033, smooth=0.068281) | lr=4.842946e-05 | time=166.69s
[Epoch 052] train=0.007664 (main=0.007664, smooth=0.063637) | val=0.045610 (main=0.045610, smooth=0.068313) | lr=4.686047e-05 | time=166.95s
[INFO] Early stopping triggered at epoch 52.
[INFO] Best epoch=2, best_val_loss=0.028188
[INFO] Test metrics | MAE=117.760323, RMSE=163.226501, R2=0.975417, MAPE=6.579445, valid_ratio=0.8977
[INFO] Prediction subplot groups (experiments): 5
[INFO] Training finished.
