[INFO] Start training with config:
{
  "data_root": "/home/cislab301b/peter/ORAN-Traffic-Prediction/Dataset/colosseum-oran-coloran-dataset",
  "train_dirs": [
    "tr0-9",
    "tr11-14",
    "tr16-27"
  ],
  "val_dirs": [
    "tr10"
  ],
  "test_dirs": [
    "tr15"
  ],
  "slice_type": "mmtc",
  "val_split": 0.2,
  "sequence_length": 30,
  "horizon": 1,
  "chunk_size": 64,
  "batch_size": 512,
  "epochs": 100,
  "learning_rate": 1e-05,
  "weight_decay": 0.0,
  "scheduler": "cosine",
  "patience": 20,
  "seed": 42,
  "rnn_type": "bilstm",
  "lstm_hidden": 128,
  "lstm_layers": 2,
  "lstm_dropout": 0.2,
  "d_model": 128,
  "n_heads": 4,
  "n_layers": 3,
  "dim_feedforward": 512,
  "vit_dropout": 0.2,
  "lambda_smooth": 0.0,
  "loss_type": "mse",
  "weight_alpha": 4.0,
  "weight_quantile": 0.9,
  "weight_upper_quantile": 0.99,
  "lambda_ref_iqr": 104.0,
  "disable_scale_aware_lambda": false,
  "num_workers": 0,
  "device": "auto",
  "output_dir": "/home/cislab301b/peter/ORAN-Traffic-Prediction/model8/results/mmtc_20260422_214624"
}
[INFO] Device: cuda
[INFO] Val trials (explicit): ['tr10']
[INFO] Slice=mmtc | train_csv=1820 | val_csv=96 | test_csv=69
[INFO] Loading train CSV files...
[INFO] Loading val CSV files...
[INFO] Loading test CSV files...
[INFO] Use explicit val dirs: train=1820 val=96 (--val_split ignored)
[INFO] Train feature non-zero ratio:
  - dl_buffer: 0.0624
  - ul_buffer: 0.0036
  - tx_brate: 0.8831
  - rx_brate: 0.2668
  - ul_sinr: 0.2497
  - dl_mcs: 0.8810
  - ul_mcs: 0.2497
  - phr: 0.2497
  - tx_pkts: 0.8831
  - rx_pkts: 0.2933
  - dl_cqi: 1.0000
  - rx_errors_ul: 0.1725
  - dl_n_samples: 0.8831
  - ul_n_samples: 0.2933
  - sum_requested_prbs: 0.8831
[INFO] Windows | train=3622141 val=182848 test=140076
[INFO] Input feature dimension: 15 (['dl_buffer', 'ul_buffer', 'tx_brate', 'rx_brate', 'ul_sinr', 'dl_mcs', 'ul_mcs', 'phr', 'tx_pkts', 'rx_pkts', 'dl_cqi', 'rx_errors_ul', 'dl_n_samples', 'ul_n_samples', 'sum_requested_prbs'])
[INFO] lambda_smooth | base=0.000000, effective=0.000000, target_iqr=54.000000, multiplier=1.387777, scale_aware=on
/home/cislab301b/miniforge3/envs/peter/lib/python3.12/site-packages/torch/nn/modules/transformer.py:392: UserWarning: enable_nested_tensor is True, but self.use_nested_tensor is False because encoder_layer.norm_first was True
  warnings.warn(
[INFO] loss_type=mse (unweighted)
[Epoch 001] train=19.696856 (main=19.696856, smooth=0.818292) | val=7.687617 (main=7.687617, smooth=0.837355) | lr=9.997533e-06 | time=170.66s
[INFO] Saved new best checkpoint at epoch 1.
[Epoch 002] train=13.423860 (main=13.423860, smooth=0.826783) | val=2.573803 (main=2.573803, smooth=0.836868) | lr=9.990134e-06 | time=177.38s
[INFO] Saved new best checkpoint at epoch 2.
[Epoch 003] train=9.145999 (main=9.145999, smooth=0.827473) | val=1.073054 (main=1.073054, smooth=0.835112) | lr=9.977810e-06 | time=180.46s
[INFO] Saved new best checkpoint at epoch 3.
[Epoch 004] train=8.608275 (main=8.608275, smooth=0.828968) | val=1.041535 (main=1.041535, smooth=0.835530) | lr=9.960574e-06 | time=182.37s
[INFO] Saved new best checkpoint at epoch 4.
[Epoch 005] train=8.729229 (main=8.729229, smooth=0.829300) | val=1.134765 (main=1.134765, smooth=0.834917) | lr=9.938442e-06 | time=177.85s
