[INFO] Start training with config:
{
  "data_root": "/home/cislab301b/peter/ORAN-Traffic-Prediction/Dataset/colosseum-oran-coloran-dataset",
  "train_dirs": [
    "tr0-26"
  ],
  "test_dirs": [
    "tr27"
  ],
  "slice_type": "embb",
  "val_split": 0.2,
  "sequence_length": 15,
  "horizon": 1,
  "chunk_size": 64,
  "batch_size": 1024,
  "epochs": 500,
  "learning_rate": 0.0001,
  "weight_decay": 0.0,
  "scheduler": "cosine",
  "patience": 0,
  "seed": 42,
  "rnn_type": "lstm",
  "lstm_hidden": 128,
  "lstm_layers": 2,
  "lstm_dropout": 0.2,
  "d_model": 128,
  "n_heads": 4,
  "n_layers": 3,
  "dim_feedforward": 512,
  "vit_dropout": 0.2,
  "lambda_smooth": 0.1,
  "lambda_ref_iqr": 104.0,
  "disable_scale_aware_lambda": false,
  "num_workers": 0,
  "device": "auto",
  "output_dir": "/home/cislab301b/peter/ORAN-Traffic-Prediction/model8/results/embb_20260414_173313"
}
[INFO] Device: cuda
[INFO] Slice=embb | train_csv=1904 | test_csv=69
[INFO] Loading train CSV files...
[INFO] Loading test CSV files...
[INFO] Split train/val by CSV: train=1524 val=380
[INFO] Train feature non-zero ratio:
  - dl_buffer: 0.8424
  - tx_brate: 0.8832
  - rx_brate: 0.3669
  - ul_sinr: 0.3018
  - dl_mcs: 0.8829
  - ul_mcs: 0.3018
  - phr: 0.3442
  - tx_pkts: 0.8832
  - rx_pkts: 0.3880
  - dl_cqi: 1.0000
  - rx_errors_ul: 0.2515
  - dl_n_samples: 0.8832
  - ul_n_samples: 0.3880
[INFO] Windows | train=3062452 val=761927 test=141381
[INFO] Input feature dimension: 13 (['dl_buffer', 'tx_brate', 'rx_brate', 'ul_sinr', 'dl_mcs', 'ul_mcs', 'phr', 'tx_pkts', 'rx_pkts', 'dl_cqi', 'rx_errors_ul', 'dl_n_samples', 'ul_n_samples'])
[INFO] lambda_smooth | base=0.100000, effective=0.020101, target_iqr=2574.000000, multiplier=0.201008, scale_aware=on
/home/cislab301b/miniforge3/envs/peter/lib/python3.12/site-packages/torch/nn/modules/transformer.py:392: UserWarning: enable_nested_tensor is True, but self.use_nested_tensor is False because encoder_layer.norm_first was True
  warnings.warn(
[Epoch 001] train=0.023162 (main=0.021379, smooth=0.088686) | val=0.013571 (main=0.012261, smooth=0.065215) | lr=9.999901e-05 | time=45.73s
[INFO] Saved new best checkpoint at epoch 1.
[Epoch 002] train=0.014171 (main=0.012569, smooth=0.079696) | val=0.013935 (main=0.012634, smooth=0.064734) | lr=9.999605e-05 | time=58.07s
[Epoch 003] train=0.013309 (main=0.011808, smooth=0.074706) | val=0.016074 (main=0.014779, smooth=0.064437) | lr=9.999112e-05 | time=94.64s
[Epoch 004] train=0.012627 (main=0.011186, smooth=0.071682) | val=0.018236 (main=0.016943, smooth=0.064302) | lr=9.998421e-05 | time=94.48s
[Epoch 005] train=0.012362 (main=0.010958, smooth=0.069862) | val=0.015693 (main=0.014403, smooth=0.064187) | lr=9.997533e-05 | time=105.67s
[Epoch 006] train=0.012368 (main=0.010989, smooth=0.068607) | val=0.020682 (main=0.019398, smooth=0.063884) | lr=9.996447e-05 | time=96.14s
[Epoch 007] train=0.011783 (main=0.010425, smooth=0.067584) | val=0.020778 (main=0.019499, smooth=0.063656) | lr=9.995165e-05 | time=93.94s
[Epoch 008] train=0.011624 (main=0.010280, smooth=0.066887) | val=0.019719 (main=0.018439, smooth=0.063699) | lr=9.993685e-05 | time=96.67s
[Epoch 009] train=0.011523 (main=0.010187, smooth=0.066464) | val=0.023939 (main=0.022668, smooth=0.063210) | lr=9.992008e-05 | time=96.71s
[Epoch 010] train=0.011414 (main=0.010084, smooth=0.066135) | val=0.018703 (main=0.017430, smooth=0.063309) | lr=9.990134e-05 | time=104.73s
[Epoch 011] train=0.011330 (main=0.010007, smooth=0.065819) | val=0.019130 (main=0.017862, smooth=0.063103) | lr=9.988063e-05 | time=96.49s
[Epoch 012] train=0.011268 (main=0.009950, smooth=0.065556) | val=0.018497 (main=0.017226, smooth=0.063245) | lr=9.985795e-05 | time=100.91s
[Epoch 013] train=0.011261 (main=0.009946, smooth=0.065430) | val=0.018829 (main=0.017561, smooth=0.063068) | lr=9.983330e-05 | time=102.13s
[Epoch 014] train=0.011172 (main=0.009863, smooth=0.065119) | val=0.019470 (main=0.018200, smooth=0.063179) | lr=9.980668e-05 | time=94.38s
[Epoch 015] train=0.011078 (main=0.009772, smooth=0.064949) | val=0.020355 (main=0.019089, smooth=0.062961) | lr=9.977810e-05 | time=99.93s
[Epoch 016] train=0.010987 (main=0.009685, smooth=0.064784) | val=0.018405 (main=0.017143, smooth=0.062783) | lr=9.974755e-05 | time=94.22s
[Epoch 017] train=0.010956 (main=0.009657, smooth=0.064649) | val=0.019495 (main=0.018234, smooth=0.062729) | lr=9.971504e-05 | time=92.26s
[Epoch 018] train=0.010908 (main=0.009610, smooth=0.064568) | val=0.018931 (main=0.017670, smooth=0.062732) | lr=9.968057e-05 | time=99.31s
[Epoch 019] train=0.010896 (main=0.009601, smooth=0.064445) | val=0.019006 (main=0.017751, smooth=0.062451) | lr=9.964413e-05 | time=98.43s
[Epoch 020] train=0.010804 (main=0.009512, smooth=0.064279) | val=0.018899 (main=0.017643, smooth=0.062476) | lr=9.960574e-05 | time=97.10s
[Epoch 021] train=0.010794 (main=0.009503, smooth=0.064206) | val=0.020265 (main=0.019006, smooth=0.062675) | lr=9.956538e-05 | time=108.96s
[Epoch 022] train=0.010774 (main=0.009486, smooth=0.064099) | val=0.018723 (main=0.017470, smooth=0.062363) | lr=9.952307e-05 | time=106.57s
[Epoch 023] train=0.011003 (main=0.009713, smooth=0.064210) | val=0.019241 (main=0.017987, smooth=0.062352) | lr=9.947881e-05 | time=101.11s
[Epoch 024] train=0.010705 (main=0.009420, smooth=0.063938) | val=0.018976 (main=0.017723, smooth=0.062349) | lr=9.943259e-05 | time=103.56s
[Epoch 025] train=0.010776 (main=0.009489, smooth=0.064024) | val=0.020782 (main=0.019525, smooth=0.062559) | lr=9.938442e-05 | time=102.54s
[Epoch 026] train=0.010653 (main=0.009370, smooth=0.063830) | val=0.018452 (main=0.017190, smooth=0.062764) | lr=9.933430e-05 | time=108.41s
[Epoch 027] train=0.010600 (main=0.009318, smooth=0.063744) | val=0.019710 (main=0.018459, smooth=0.062246) | lr=9.928223e-05 | time=101.93s
[Epoch 028] train=0.010593 (main=0.009312, smooth=0.063724) | val=0.018924 (main=0.017672, smooth=0.062275) | lr=9.922822e-05 | time=115.22s
[Epoch 029] train=0.010552 (main=0.009272, smooth=0.063665) | val=0.019855 (main=0.018605, smooth=0.062158) | lr=9.917226e-05 | time=102.14s
[Epoch 030] train=0.010598 (main=0.009319, smooth=0.063617) | val=0.018469 (main=0.017217, smooth=0.062313) | lr=9.911436e-05 | time=105.48s
[Epoch 031] train=0.010504 (main=0.009227, smooth=0.063523) | val=0.018873 (main=0.017622, smooth=0.062220) | lr=9.905453e-05 | time=97.53s
[Epoch 032] train=0.010461 (main=0.009184, smooth=0.063487) | val=0.017920 (main=0.016668, smooth=0.062307) | lr=9.899275e-05 | time=105.10s
[Epoch 033] train=0.010468 (main=0.009194, smooth=0.063420) | val=0.018448 (main=0.017194, smooth=0.062390) | lr=9.892905e-05 | time=107.04s
[Epoch 034] train=0.010392 (main=0.009117, smooth=0.063406) | val=0.018047 (main=0.016794, smooth=0.062301) | lr=9.886341e-05 | time=109.04s
[Epoch 035] train=0.010419 (main=0.009145, smooth=0.063364) | val=0.020119 (main=0.018867, smooth=0.062284) | lr=9.879584e-05 | time=107.28s
[Epoch 036] train=0.010369 (main=0.009097, smooth=0.063279) | val=0.018131 (main=0.016880, smooth=0.062241) | lr=9.872634e-05 | time=105.61s
[Epoch 037] train=0.010453 (main=0.009182, smooth=0.063260) | val=0.018722 (main=0.017470, smooth=0.062253) | lr=9.865493e-05 | time=102.11s
[Epoch 038] train=0.010335 (main=0.009065, smooth=0.063195) | val=0.018792 (main=0.017542, smooth=0.062198) | lr=9.858159e-05 | time=101.94s
[Epoch 039] train=0.010427 (main=0.009155, smooth=0.063242) | val=0.019617 (main=0.018373, smooth=0.061883) | lr=9.850633e-05 | time=98.46s
[Epoch 040] train=0.010402 (main=0.009131, smooth=0.063196) | val=0.018734 (main=0.017484, smooth=0.062166) | lr=9.842916e-05 | time=100.15s
[Epoch 041] train=0.010346 (main=0.009077, smooth=0.063140) | val=0.019843 (main=0.018598, smooth=0.061941) | lr=9.835007e-05 | time=113.67s
[Epoch 042] train=0.010301 (main=0.009033, smooth=0.063067) | val=0.018163 (main=0.016915, smooth=0.062059) | lr=9.826908e-05 | time=113.88s
[Epoch 043] train=0.010282 (main=0.009015, smooth=0.063057) | val=0.018248 (main=0.017000, smooth=0.062047) | lr=9.818618e-05 | time=113.66s
[Epoch 044] train=0.010323 (main=0.009057, smooth=0.063018) | val=0.019815 (main=0.018567, smooth=0.062062) | lr=9.810138e-05 | time=113.57s
[Epoch 045] train=0.010235 (main=0.008968, smooth=0.062986) | val=0.019371 (main=0.018123, smooth=0.062089) | lr=9.801468e-05 | time=111.98s
[Epoch 046] train=0.010274 (main=0.009009, smooth=0.062950) | val=0.019154 (main=0.017906, smooth=0.062068) | lr=9.792609e-05 | time=110.49s
[Epoch 047] train=0.010233 (main=0.008968, smooth=0.062924) | val=0.019037 (main=0.017791, smooth=0.062006) | lr=9.783560e-05 | time=103.38s
[Epoch 048] train=0.010202 (main=0.008938, smooth=0.062916) | val=0.018973 (main=0.017725, smooth=0.062095) | lr=9.774323e-05 | time=102.83s
[Epoch 049] train=0.010190 (main=0.008926, smooth=0.062849) | val=0.019327 (main=0.018080, smooth=0.062023) | lr=9.764897e-05 | time=112.95s
[Epoch 050] train=0.010252 (main=0.008989, smooth=0.062871) | val=0.019223 (main=0.017976, smooth=0.062029) | lr=9.755283e-05 | time=108.64s
[Epoch 051] train=0.010229 (main=0.008967, smooth=0.062808) | val=0.019779 (main=0.018532, smooth=0.062026) | lr=9.745481e-05 | time=105.15s
[Epoch 052] train=0.010161 (main=0.008898, smooth=0.062843) | val=0.019186 (main=0.017939, smooth=0.062016) | lr=9.735492e-05 | time=109.77s
[Epoch 053] train=0.010194 (main=0.008932, smooth=0.062794) | val=0.019387 (main=0.018143, smooth=0.061881) | lr=9.725315e-05 | time=110.89s
[Epoch 054] train=0.010159 (main=0.008897, smooth=0.062791) | val=0.018087 (main=0.016839, smooth=0.062091) | lr=9.714953e-05 | time=105.48s
[Epoch 055] train=0.010323 (main=0.009061, smooth=0.062822) | val=0.019188 (main=0.017945, smooth=0.061815) | lr=9.704404e-05 | time=111.58s
[Epoch 056] train=0.010303 (main=0.009040, smooth=0.062852) | val=0.019238 (main=0.017996, smooth=0.061815) | lr=9.693669e-05 | time=109.66s
[Epoch 057] train=0.010087 (main=0.008828, smooth=0.062645) | val=0.019025 (main=0.017779, smooth=0.061982) | lr=9.682749e-05 | time=117.14s
[Epoch 058] train=0.010131 (main=0.008870, smooth=0.062717) | val=0.018930 (main=0.017684, smooth=0.062001) | lr=9.671645e-05 | time=114.50s
[Epoch 059] train=0.010140 (main=0.008881, smooth=0.062639) | val=0.019994 (main=0.018749, smooth=0.061916) | lr=9.660356e-05 | time=112.95s
[Epoch 060] train=0.010100 (main=0.008842, smooth=0.062620) | val=0.019307 (main=0.018062, smooth=0.061963) | lr=9.648882e-05 | time=113.45s
[Epoch 061] train=0.010058 (main=0.008799, smooth=0.062657) | val=0.017510 (main=0.016264, smooth=0.061951) | lr=9.637226e-05 | time=115.84s
[Epoch 062] train=0.010053 (main=0.008795, smooth=0.062610) | val=0.018624 (main=0.017381, smooth=0.061833) | lr=9.625386e-05 | time=122.63s
[Epoch 063] train=0.010058 (main=0.008801, smooth=0.062553) | val=0.019099 (main=0.017857, smooth=0.061797) | lr=9.613364e-05 | time=114.15s
[Epoch 064] train=0.010045 (main=0.008788, smooth=0.062526) | val=0.019930 (main=0.018687, smooth=0.061884) | lr=9.601159e-05 | time=113.17s
[Epoch 065] train=0.010099 (main=0.008842, smooth=0.062537) | val=0.018307 (main=0.017064, smooth=0.061803) | lr=9.588773e-05 | time=109.48s
[Epoch 066] train=0.010062 (main=0.008806, smooth=0.062515) | val=0.018668 (main=0.017424, smooth=0.061862) | lr=9.576206e-05 | time=113.19s
[Epoch 067] train=0.010134 (main=0.008877, smooth=0.062526) | val=0.019691 (main=0.018450, smooth=0.061742) | lr=9.563458e-05 | time=106.95s
[Epoch 068] train=0.010013 (main=0.008757, smooth=0.062461) | val=0.019192 (main=0.017950, smooth=0.061799) | lr=9.550530e-05 | time=114.34s
[Epoch 069] train=0.010044 (main=0.008789, smooth=0.062472) | val=0.019248 (main=0.018005, smooth=0.061813) | lr=9.537422e-05 | time=110.32s
[Epoch 070] train=0.010011 (main=0.008755, smooth=0.062467) | val=0.019760 (main=0.018518, smooth=0.061830) | lr=9.524135e-05 | time=103.05s
[Epoch 071] train=0.009975 (main=0.008721, smooth=0.062386) | val=0.020436 (main=0.019194, smooth=0.061802) | lr=9.510670e-05 | time=101.60s
[Epoch 072] train=0.010012 (main=0.008758, smooth=0.062412) | val=0.018423 (main=0.017180, smooth=0.061825) | lr=9.497026e-05 | time=120.82s
[Epoch 073] train=0.009955 (main=0.008702, smooth=0.062348) | val=0.018845 (main=0.017603, smooth=0.061798) | lr=9.483205e-05 | time=117.57s
[Epoch 074] train=0.010004 (main=0.008750, smooth=0.062352) | val=0.019110 (main=0.017868, smooth=0.061755) | lr=9.469207e-05 | time=109.95s
[Epoch 075] train=0.009932 (main=0.008680, smooth=0.062311) | val=0.019738 (main=0.018495, smooth=0.061821) | lr=9.455033e-05 | time=119.23s
[Epoch 076] train=0.009918 (main=0.008666, smooth=0.062302) | val=0.018096 (main=0.016853, smooth=0.061829) | lr=9.440682e-05 | time=121.59s
[Epoch 077] train=0.009951 (main=0.008699, smooth=0.062270) | val=0.019087 (main=0.017846, smooth=0.061747) | lr=9.426157e-05 | time=108.53s
[Epoch 078] train=0.009938 (main=0.008686, smooth=0.062286) | val=0.018983 (main=0.017741, smooth=0.061787) | lr=9.411456e-05 | time=123.42s
[Epoch 079] train=0.009930 (main=0.008679, smooth=0.062245) | val=0.020429 (main=0.019178, smooth=0.062246) | lr=9.396582e-05 | time=108.86s
[Epoch 080] train=0.009905 (main=0.008654, smooth=0.062258) | val=0.018813 (main=0.017572, smooth=0.061762) | lr=9.381533e-05 | time=110.87s
[Epoch 081] train=0.009913 (main=0.008663, smooth=0.062201) | val=0.019044 (main=0.017801, smooth=0.061843) | lr=9.366312e-05 | time=112.17s
[Epoch 082] train=0.009868 (main=0.008619, smooth=0.062148) | val=0.018807 (main=0.017567, smooth=0.061710) | lr=9.350919e-05 | time=120.35s
[Epoch 083] train=0.009920 (main=0.008670, smooth=0.062187) | val=0.018757 (main=0.017515, smooth=0.061791) | lr=9.335354e-05 | time=104.71s
[Epoch 084] train=0.009868 (main=0.008619, smooth=0.062111) | val=0.019498 (main=0.018253, smooth=0.061942) | lr=9.319617e-05 | time=110.75s
[Epoch 085] train=0.009856 (main=0.008606, smooth=0.062167) | val=0.019379 (main=0.018135, smooth=0.061875) | lr=9.303710e-05 | time=117.65s
[Epoch 086] train=0.009912 (main=0.008663, smooth=0.062158) | val=0.019887 (main=0.018647, smooth=0.061671) | lr=9.287633e-05 | time=110.94s
[Epoch 087] train=0.009856 (main=0.008607, smooth=0.062097) | val=0.019619 (main=0.018377, smooth=0.061801) | lr=9.271387e-05 | time=113.21s
[Epoch 088] train=0.009811 (main=0.008562, smooth=0.062119) | val=0.019770 (main=0.018529, smooth=0.061750) | lr=9.254972e-05 | time=127.03s
[Epoch 089] train=0.009843 (main=0.008595, smooth=0.062079) | val=0.020808 (main=0.019568, smooth=0.061684) | lr=9.238390e-05 | time=103.70s
[Epoch 090] train=0.009838 (main=0.008591, smooth=0.062057) | val=0.020116 (main=0.018872, smooth=0.061916) | lr=9.221640e-05 | time=120.59s
[Epoch 091] train=0.009789 (main=0.008541, smooth=0.062079) | val=0.018961 (main=0.017723, smooth=0.061606) | lr=9.204723e-05 | time=115.34s
[Epoch 092] train=0.009830 (main=0.008583, smooth=0.062028) | val=0.018780 (main=0.017542, smooth=0.061623) | lr=9.187640e-05 | time=109.64s
[Epoch 093] train=0.009811 (main=0.008564, smooth=0.062022) | val=0.019392 (main=0.018149, smooth=0.061835) | lr=9.170392e-05 | time=108.13s
[Epoch 094] train=0.009799 (main=0.008553, smooth=0.062024) | val=0.019492 (main=0.018250, smooth=0.061806) | lr=9.152979e-05 | time=123.36s
[Epoch 095] train=0.009844 (main=0.008597, smooth=0.062047) | val=0.019185 (main=0.017942, smooth=0.061878) | lr=9.135403e-05 | time=108.07s
[Epoch 096] train=0.009920 (main=0.008672, smooth=0.062104) | val=0.019688 (main=0.018446, smooth=0.061801) | lr=9.117663e-05 | time=113.66s
[Epoch 097] train=0.009744 (main=0.008498, smooth=0.061978) | val=0.020038 (main=0.018795, smooth=0.061843) | lr=9.099761e-05 | time=120.57s
[Epoch 098] train=0.009756 (main=0.008511, smooth=0.061969) | val=0.020632 (main=0.019386, smooth=0.061984) | lr=9.081696e-05 | time=112.41s
[Epoch 099] train=0.009767 (main=0.008522, smooth=0.061944) | val=0.019223 (main=0.017984, smooth=0.061660) | lr=9.063471e-05 | time=117.24s
[Epoch 100] train=0.009731 (main=0.008486, smooth=0.061962) | val=0.020439 (main=0.019198, smooth=0.061737) | lr=9.045085e-05 | time=116.34s
[Epoch 101] train=0.009693 (main=0.008448, smooth=0.061927) | val=0.019031 (main=0.017791, smooth=0.061671) | lr=9.026539e-05 | time=114.00s
[Epoch 102] train=0.009743 (main=0.008499, smooth=0.061899) | val=0.019494 (main=0.018253, smooth=0.061727) | lr=9.007835e-05 | time=119.54s
[Epoch 103] train=0.009708 (main=0.008464, smooth=0.061899) | val=0.019624 (main=0.018381, smooth=0.061837) | lr=8.988972e-05 | time=105.11s
[Epoch 104] train=0.009698 (main=0.008454, smooth=0.061883) | val=0.019644 (main=0.018405, smooth=0.061663) | lr=8.969952e-05 | time=113.16s
[Epoch 105] train=0.009691 (main=0.008448, smooth=0.061849) | val=0.018509 (main=0.017270, smooth=0.061647) | lr=8.950775e-05 | time=114.34s
[Epoch 106] train=0.009680 (main=0.008437, smooth=0.061841) | val=0.019641 (main=0.018401, smooth=0.061703) | lr=8.931442e-05 | time=122.35s
[Epoch 107] train=0.009673 (main=0.008430, smooth=0.061866) | val=0.019237 (main=0.017995, smooth=0.061803) | lr=8.911954e-05 | time=122.85s
[Epoch 108] train=0.009681 (main=0.008438, smooth=0.061831) | val=0.019161 (main=0.017921, smooth=0.061693) | lr=8.892312e-05 | time=120.71s
[Epoch 109] train=0.009671 (main=0.008430, smooth=0.061760) | val=0.019942 (main=0.018696, smooth=0.061973) | lr=8.872515e-05 | time=119.32s
[Epoch 110] train=0.009678 (main=0.008436, smooth=0.061798) | val=0.018762 (main=0.017523, smooth=0.061666) | lr=8.852566e-05 | time=120.75s
[Epoch 111] train=0.009630 (main=0.008389, smooth=0.061775) | val=0.020512 (main=0.019269, smooth=0.061817) | lr=8.832465e-05 | time=119.14s
[Epoch 112] train=0.009617 (main=0.008375, smooth=0.061761) | val=0.019270 (main=0.018028, smooth=0.061797) | lr=8.812213e-05 | time=110.49s
[Epoch 113] train=0.009624 (main=0.008381, smooth=0.061820) | val=0.019761 (main=0.018516, smooth=0.061934) | lr=8.791810e-05 | time=113.69s
[Epoch 114] train=0.009630 (main=0.008388, smooth=0.061770) | val=0.018925 (main=0.017686, smooth=0.061611) | lr=8.771257e-05 | time=112.40s
[Epoch 115] train=0.009592 (main=0.008351, smooth=0.061735) | val=0.019742 (main=0.018501, smooth=0.061724) | lr=8.750555e-05 | time=117.16s
[Epoch 116] train=0.009605 (main=0.008364, smooth=0.061736) | val=0.019760 (main=0.018520, smooth=0.061724) | lr=8.729706e-05 | time=116.98s
[Epoch 117] train=0.009639 (main=0.008397, smooth=0.061754) | val=0.019217 (main=0.017972, smooth=0.061912) | lr=8.708709e-05 | time=110.32s
[Epoch 118] train=0.009550 (main=0.008311, smooth=0.061652) | val=0.020024 (main=0.018782, smooth=0.061777) | lr=8.687566e-05 | time=107.45s
[Epoch 119] train=0.009541 (main=0.008300, smooth=0.061729) | val=0.018961 (main=0.017720, smooth=0.061722) | lr=8.666277e-05 | time=119.25s
[Epoch 120] train=0.009515 (main=0.008274, smooth=0.061745) | val=0.019859 (main=0.018617, smooth=0.061774) | lr=8.644843e-05 | time=112.50s
[Epoch 121] train=0.009556 (main=0.008317, smooth=0.061665) | val=0.019442 (main=0.018201, smooth=0.061736) | lr=8.623266e-05 | time=126.08s
[Epoch 122] train=0.009509 (main=0.008269, smooth=0.061676) | val=0.019133 (main=0.017889, smooth=0.061901) | lr=8.601545e-05 | time=112.45s
[Epoch 123] train=0.009526 (main=0.008287, smooth=0.061624) | val=0.018985 (main=0.017745, smooth=0.061700) | lr=8.579682e-05 | time=116.56s
[Epoch 124] train=0.009508 (main=0.008269, smooth=0.061667) | val=0.018650 (main=0.017409, smooth=0.061743) | lr=8.557678e-05 | time=119.96s
[Epoch 125] train=0.009498 (main=0.008259, smooth=0.061649) | val=0.018691 (main=0.017452, smooth=0.061644) | lr=8.535534e-05 | time=127.75s
[Epoch 126] train=0.009501 (main=0.008263, smooth=0.061608) | val=0.020563 (main=0.019321, smooth=0.061763) | lr=8.513250e-05 | time=112.64s
[Epoch 127] train=0.009468 (main=0.008230, smooth=0.061554) | val=0.019860 (main=0.018618, smooth=0.061767) | lr=8.490827e-05 | time=112.93s
[Epoch 128] train=0.009487 (main=0.008249, smooth=0.061587) | val=0.018015 (main=0.016776, smooth=0.061649) | lr=8.468267e-05 | time=124.35s
[Epoch 129] train=0.009434 (main=0.008196, smooth=0.061571) | val=0.019939 (main=0.018695, smooth=0.061910) | lr=8.445569e-05 | time=122.93s
[Epoch 130] train=0.009418 (main=0.008181, smooth=0.061546) | val=0.020512 (main=0.019265, smooth=0.061999) | lr=8.422736e-05 | time=117.35s
[Epoch 131] train=0.009433 (main=0.008196, smooth=0.061572) | val=0.018751 (main=0.017511, smooth=0.061685) | lr=8.399767e-05 | time=112.19s
[Epoch 132] train=0.009392 (main=0.008156, smooth=0.061494) | val=0.020357 (main=0.019116, smooth=0.061753) | lr=8.376664e-05 | time=117.95s
[Epoch 133] train=0.009344 (main=0.008107, smooth=0.061536) | val=0.018980 (main=0.017740, smooth=0.061699) | lr=8.353428e-05 | time=113.09s
[Epoch 134] train=0.009386 (main=0.008149, smooth=0.061527) | val=0.019835 (main=0.018593, smooth=0.061813) | lr=8.330059e-05 | time=116.52s
[Epoch 135] train=0.009362 (main=0.008125, smooth=0.061514) | val=0.018927 (main=0.017687, smooth=0.061682) | lr=8.306559e-05 | time=108.81s
[Epoch 136] train=0.009345 (main=0.008108, smooth=0.061539) | val=0.019346 (main=0.018105, smooth=0.061742) | lr=8.282929e-05 | time=114.23s
[Epoch 137] train=0.009352 (main=0.008117, smooth=0.061434) | val=0.018783 (main=0.017540, smooth=0.061812) | lr=8.259169e-05 | time=116.72s
[Epoch 138] train=0.009354 (main=0.008119, smooth=0.061443) | val=0.019245 (main=0.018007, smooth=0.061599) | lr=8.235280e-05 | time=119.46s
[Epoch 139] train=0.009329 (main=0.008093, smooth=0.061481) | val=0.018565 (main=0.017323, smooth=0.061788) | lr=8.211263e-05 | time=119.81s
[Epoch 140] train=0.009313 (main=0.008078, smooth=0.061445) | val=0.019127 (main=0.017886, smooth=0.061725) | lr=8.187120e-05 | time=118.67s
[Epoch 141] train=0.009299 (main=0.008064, smooth=0.061458) | val=0.018881 (main=0.017639, smooth=0.061746) | lr=8.162851e-05 | time=108.96s
[Epoch 142] train=0.009253 (main=0.008019, smooth=0.061432) | val=0.018299 (main=0.017054, smooth=0.061921) | lr=8.138457e-05 | time=106.52s
[Epoch 143] train=0.009265 (main=0.008030, smooth=0.061409) | val=0.019268 (main=0.018023, smooth=0.061897) | lr=8.113939e-05 | time=102.47s
[Epoch 144] train=0.009352 (main=0.008118, smooth=0.061389) | val=0.019598 (main=0.018356, smooth=0.061825) | lr=8.089298e-05 | time=97.71s
[Epoch 145] train=0.009344 (main=0.008112, smooth=0.061338) | val=0.019556 (main=0.018315, smooth=0.061768) | lr=8.064535e-05 | time=100.81s
[Epoch 146] train=0.009307 (main=0.008073, smooth=0.061372) | val=0.019816 (main=0.018572, smooth=0.061896) | lr=8.039651e-05 | time=97.00s
[Epoch 147] train=0.009257 (main=0.008024, smooth=0.061355) | val=0.018788 (main=0.017550, smooth=0.061594) | lr=8.014648e-05 | time=94.63s
[Epoch 148] train=0.009318 (main=0.008086, smooth=0.061327) | val=0.018634 (main=0.017394, smooth=0.061703) | lr=7.989525e-05 | time=98.46s
[Epoch 149] train=0.009197 (main=0.007966, smooth=0.061264) | val=0.018972 (main=0.017731, smooth=0.061728) | lr=7.964284e-05 | time=94.91s
[Epoch 150] train=0.009235 (main=0.008003, smooth=0.061324) | val=0.019387 (main=0.018145, smooth=0.061782) | lr=7.938926e-05 | time=91.60s
[Epoch 151] train=0.009193 (main=0.007960, smooth=0.061342) | val=0.018449 (main=0.017208, smooth=0.061701) | lr=7.913452e-05 | time=96.92s
[Epoch 152] train=0.009211 (main=0.007979, smooth=0.061290) | val=0.018991 (main=0.017750, smooth=0.061746) | lr=7.887864e-05 | time=93.88s
[Epoch 153] train=0.009223 (main=0.007992, smooth=0.061287) | val=0.018514 (main=0.017273, smooth=0.061693) | lr=7.862161e-05 | time=98.54s
[Epoch 154] train=0.009150 (main=0.007920, smooth=0.061214) | val=0.020068 (main=0.018824, smooth=0.061921) | lr=7.836345e-05 | time=99.00s
[Epoch 155] train=0.009140 (main=0.007909, smooth=0.061280) | val=0.019517 (main=0.018272, smooth=0.061944) | lr=7.810417e-05 | time=98.46s
[Epoch 156] train=0.009134 (main=0.007903, smooth=0.061258) | val=0.019623 (main=0.018382, smooth=0.061732) | lr=7.784378e-05 | time=95.49s
[Epoch 157] train=0.009093 (main=0.007862, smooth=0.061234) | val=0.019433 (main=0.018194, smooth=0.061652) | lr=7.758229e-05 | time=92.49s
[Epoch 158] train=0.009079 (main=0.007848, smooth=0.061232) | val=0.020856 (main=0.019609, smooth=0.062037) | lr=7.731972e-05 | time=95.60s
[Epoch 159] train=0.009130 (main=0.007899, smooth=0.061242) | val=0.018944 (main=0.017702, smooth=0.061753) | lr=7.705606e-05 | time=101.73s
[Epoch 160] train=0.009070 (main=0.007839, smooth=0.061219) | val=0.018849 (main=0.017608, smooth=0.061748) | lr=7.679134e-05 | time=99.27s
[Epoch 161] train=0.009107 (main=0.007878, smooth=0.061166) | val=0.018903 (main=0.017662, smooth=0.061761) | lr=7.652556e-05 | time=96.40s
[Epoch 162] train=0.009087 (main=0.007857, smooth=0.061183) | val=0.018899 (main=0.017657, smooth=0.061775) | lr=7.625873e-05 | time=95.20s
[Epoch 163] train=0.009080 (main=0.007851, smooth=0.061156) | val=0.019692 (main=0.018447, smooth=0.061979) | lr=7.599087e-05 | time=93.65s
[Epoch 164] train=0.009050 (main=0.007821, smooth=0.061118) | val=0.019509 (main=0.018262, smooth=0.062051) | lr=7.572198e-05 | time=93.67s
[Epoch 165] train=0.009032 (main=0.007803, smooth=0.061146) | val=0.021491 (main=0.020243, smooth=0.062048) | lr=7.545207e-05 | time=96.41s
[Epoch 166] train=0.009110 (main=0.007880, smooth=0.061176) | val=0.019129 (main=0.017886, smooth=0.061856) | lr=7.518116e-05 | time=111.87s
[Epoch 167] train=0.008998 (main=0.007771, smooth=0.061046) | val=0.019399 (main=0.018159, smooth=0.061683) | lr=7.490926e-05 | time=122.34s
[Epoch 168] train=0.008997 (main=0.007769, smooth=0.061096) | val=0.018209 (main=0.016967, smooth=0.061768) | lr=7.463637e-05 | time=121.19s
[Epoch 169] train=0.009000 (main=0.007773, smooth=0.061076) | val=0.019994 (main=0.018747, smooth=0.062027) | lr=7.436251e-05 | time=123.17s
[Epoch 170] train=0.008962 (main=0.007734, smooth=0.061061) | val=0.019630 (main=0.018388, smooth=0.061812) | lr=7.408768e-05 | time=119.31s
[Epoch 171] train=0.008987 (main=0.007760, smooth=0.061049) | val=0.019074 (main=0.017832, smooth=0.061799) | lr=7.381191e-05 | time=126.73s
[Epoch 172] train=0.008934 (main=0.007707, smooth=0.061045) | val=0.019577 (main=0.018335, smooth=0.061759) | lr=7.353520e-05 | time=118.46s
[Epoch 173] train=0.008953 (main=0.007727, smooth=0.061016) | val=0.018537 (main=0.017295, smooth=0.061751) | lr=7.325755e-05 | time=115.52s
[Epoch 174] train=0.008973 (main=0.007747, smooth=0.061017) | val=0.019308 (main=0.018067, smooth=0.061757) | lr=7.297899e-05 | time=123.68s
[Epoch 175] train=0.008933 (main=0.007706, smooth=0.061017) | val=0.018751 (main=0.017510, smooth=0.061728) | lr=7.269952e-05 | time=120.77s
[Epoch 176] train=0.008928 (main=0.007702, smooth=0.060987) | val=0.018890 (main=0.017647, smooth=0.061853) | lr=7.241916e-05 | time=117.64s
[Epoch 177] train=0.008969 (main=0.007742, smooth=0.061015) | val=0.019469 (main=0.018223, smooth=0.061956) | lr=7.213791e-05 | time=107.81s
[Epoch 178] train=0.008867 (main=0.007642, smooth=0.060929) | val=0.020292 (main=0.019046, smooth=0.061991) | lr=7.185579e-05 | time=130.73s
[Epoch 179] train=0.008918 (main=0.007692, smooth=0.060962) | val=0.019524 (main=0.018283, smooth=0.061740) | lr=7.157280e-05 | time=115.20s
[Epoch 180] train=0.008950 (main=0.007725, smooth=0.060931) | val=0.020085 (main=0.018839, smooth=0.061995) | lr=7.128896e-05 | time=114.68s
[Epoch 181] train=0.008853 (main=0.007628, smooth=0.060902) | val=0.019187 (main=0.017946, smooth=0.061725) | lr=7.100429e-05 | time=105.18s
[Epoch 182] train=0.008846 (main=0.007622, smooth=0.060912) | val=0.020767 (main=0.019519, smooth=0.062096) | lr=7.071878e-05 | time=130.02s
[Epoch 183] train=0.008869 (main=0.007644, smooth=0.060919) | val=0.018746 (main=0.017504, smooth=0.061785) | lr=7.043245e-05 | time=118.52s
[Epoch 184] train=0.008854 (main=0.007630, smooth=0.060900) | val=0.019510 (main=0.018264, smooth=0.061982) | lr=7.014532e-05 | time=115.37s
[Epoch 185] train=0.008786 (main=0.007562, smooth=0.060891) | val=0.018091 (main=0.016849, smooth=0.061787) | lr=6.985739e-05 | time=114.04s
[Epoch 186] train=0.008876 (main=0.007652, smooth=0.060908) | val=0.020089 (main=0.018844, smooth=0.061926) | lr=6.956868e-05 | time=117.98s
[Epoch 187] train=0.008796 (main=0.007573, smooth=0.060862) | val=0.019223 (main=0.017979, smooth=0.061919) | lr=6.927920e-05 | time=109.72s
[Epoch 188] train=0.008781 (main=0.007558, smooth=0.060848) | val=0.018304 (main=0.017064, smooth=0.061714) | lr=6.898895e-05 | time=115.51s
[Epoch 189] train=0.008930 (main=0.007706, smooth=0.060875) | val=0.019156 (main=0.017914, smooth=0.061781) | lr=6.869796e-05 | time=110.56s
[Epoch 190] train=0.008817 (main=0.007595, smooth=0.060803) | val=0.019063 (main=0.017820, smooth=0.061817) | lr=6.840623e-05 | time=113.47s
[Epoch 191] train=0.008771 (main=0.007548, smooth=0.060806) | val=0.019819 (main=0.018572, smooth=0.062020) | lr=6.811377e-05 | time=119.46s
[Epoch 192] train=0.008784 (main=0.007562, smooth=0.060806) | val=0.019783 (main=0.018535, smooth=0.062078) | lr=6.782059e-05 | time=118.32s
[Epoch 193] train=0.008712 (main=0.007490, smooth=0.060811) | val=0.018735 (main=0.017492, smooth=0.061855) | lr=6.752672e-05 | time=116.84s
[Epoch 194] train=0.008757 (main=0.007535, smooth=0.060765) | val=0.019659 (main=0.018414, smooth=0.061934) | lr=6.723215e-05 | time=118.30s
[Epoch 195] train=0.008720 (main=0.007498, smooth=0.060768) | val=0.020793 (main=0.019547, smooth=0.061999) | lr=6.693690e-05 | time=115.40s
[Epoch 196] train=0.008718 (main=0.007496, smooth=0.060778) | val=0.018824 (main=0.017579, smooth=0.061942) | lr=6.664098e-05 | time=120.49s
[Epoch 197] train=0.008724 (main=0.007504, smooth=0.060729) | val=0.018897 (main=0.017650, smooth=0.062034) | lr=6.634440e-05 | time=107.59s
[Epoch 198] train=0.008666 (main=0.007446, smooth=0.060726) | val=0.019694 (main=0.018445, smooth=0.062138) | lr=6.604718e-05 | time=113.86s
[Epoch 199] train=0.008765 (main=0.007544, smooth=0.060728) | val=0.018177 (main=0.016933, smooth=0.061856) | lr=6.574933e-05 | time=119.40s
[Epoch 200] train=0.008684 (main=0.007464, smooth=0.060701) | val=0.019325 (main=0.018079, smooth=0.062008) | lr=6.545085e-05 | time=124.07s
[Epoch 201] train=0.008677 (main=0.007457, smooth=0.060709) | val=0.018197 (main=0.016956, smooth=0.061776) | lr=6.515176e-05 | time=124.41s
[Epoch 202] train=0.008670 (main=0.007450, smooth=0.060698) | val=0.018857 (main=0.017614, smooth=0.061851) | lr=6.485208e-05 | time=112.01s
[Epoch 203] train=0.008667 (main=0.007447, smooth=0.060669) | val=0.018652 (main=0.017408, smooth=0.061915) | lr=6.455181e-05 | time=118.10s
[Epoch 204] train=0.008613 (main=0.007394, smooth=0.060647) | val=0.018949 (main=0.017705, smooth=0.061850) | lr=6.425096e-05 | time=121.14s
[Epoch 205] train=0.008650 (main=0.007430, smooth=0.060679) | val=0.018598 (main=0.017359, smooth=0.061628) | lr=6.394956e-05 | time=124.24s
[Epoch 206] train=0.008624 (main=0.007406, smooth=0.060615) | val=0.019844 (main=0.018600, smooth=0.061895) | lr=6.364760e-05 | time=114.31s
[Epoch 207] train=0.008588 (main=0.007371, smooth=0.060578) | val=0.019449 (main=0.018205, smooth=0.061911) | lr=6.334510e-05 | time=118.36s
[Epoch 208] train=0.008592 (main=0.007375, smooth=0.060565) | val=0.020143 (main=0.018895, smooth=0.062064) | lr=6.304208e-05 | time=120.74s
[Epoch 209] train=0.008609 (main=0.007390, smooth=0.060618) | val=0.018875 (main=0.017633, smooth=0.061757) | lr=6.273854e-05 | time=123.77s
[Epoch 210] train=0.008580 (main=0.007362, smooth=0.060583) | val=0.018625 (main=0.017380, smooth=0.061939) | lr=6.243449e-05 | time=116.00s
[Epoch 211] train=0.008586 (main=0.007368, smooth=0.060577) | val=0.018623 (main=0.017380, smooth=0.061838) | lr=6.212996e-05 | time=112.25s
[Epoch 212] train=0.008579 (main=0.007362, smooth=0.060540) | val=0.019026 (main=0.017784, smooth=0.061821) | lr=6.182495e-05 | time=120.79s
[Epoch 213] train=0.008571 (main=0.007354, smooth=0.060545) | val=0.019002 (main=0.017759, smooth=0.061831) | lr=6.151947e-05 | time=125.21s
[Epoch 214] train=0.008558 (main=0.007342, smooth=0.060537) | val=0.019388 (main=0.018142, smooth=0.061974) | lr=6.121354e-05 | time=121.59s
[Epoch 215] train=0.008545 (main=0.007328, smooth=0.060526) | val=0.017954 (main=0.016708, smooth=0.061990) | lr=6.090716e-05 | time=124.67s
[Epoch 216] train=0.008514 (main=0.007298, smooth=0.060488) | val=0.019067 (main=0.017822, smooth=0.061928) | lr=6.060036e-05 | time=119.36s
[Epoch 217] train=0.008545 (main=0.007328, smooth=0.060533) | val=0.019096 (main=0.017850, smooth=0.061954) | lr=6.029313e-05 | time=119.99s
[Epoch 218] train=0.008517 (main=0.007301, smooth=0.060499) | val=0.018759 (main=0.017514, smooth=0.061922) | lr=5.998550e-05 | time=110.60s
[Epoch 219] train=0.008487 (main=0.007271, smooth=0.060500) | val=0.019260 (main=0.018014, smooth=0.061971) | lr=5.967747e-05 | time=124.05s
[Epoch 220] train=0.008501 (main=0.007285, smooth=0.060469) | val=0.018839 (main=0.017594, smooth=0.061903) | lr=5.936907e-05 | time=123.18s
[Epoch 221] train=0.008545 (main=0.007330, smooth=0.060441) | val=0.018776 (main=0.017531, smooth=0.061958) | lr=5.906029e-05 | time=111.75s
[Epoch 222] train=0.008475 (main=0.007260, smooth=0.060423) | val=0.019391 (main=0.018146, smooth=0.061938) | lr=5.875115e-05 | time=119.89s
[Epoch 223] train=0.008485 (main=0.007270, smooth=0.060434) | val=0.019065 (main=0.017821, smooth=0.061868) | lr=5.844167e-05 | time=113.61s
[Epoch 224] train=0.008450 (main=0.007236, smooth=0.060432) | val=0.019460 (main=0.018214, smooth=0.061952) | lr=5.813186e-05 | time=116.64s
[Epoch 225] train=0.008468 (main=0.007253, smooth=0.060442) | val=0.019186 (main=0.017940, smooth=0.061993) | lr=5.782172e-05 | time=108.18s
[Epoch 226] train=0.008420 (main=0.007206, smooth=0.060405) | val=0.019233 (main=0.017989, smooth=0.061910) | lr=5.751128e-05 | time=127.93s
[Epoch 227] train=0.008437 (main=0.007224, smooth=0.060363) | val=0.019206 (main=0.017959, smooth=0.062039) | lr=5.720054e-05 | time=117.86s
[Epoch 228] train=0.008443 (main=0.007229, smooth=0.060396) | val=0.018974 (main=0.017725, smooth=0.062112) | lr=5.688951e-05 | time=112.35s
[Epoch 229] train=0.008426 (main=0.007212, smooth=0.060396) | val=0.018305 (main=0.017057, smooth=0.062075) | lr=5.657822e-05 | time=105.91s
[Epoch 230] train=0.008393 (main=0.007180, smooth=0.060339) | val=0.019703 (main=0.018455, smooth=0.062079) | lr=5.626666e-05 | time=118.35s
[Epoch 231] train=0.008388 (main=0.007175, smooth=0.060339) | val=0.018789 (main=0.017541, smooth=0.062112) | lr=5.595486e-05 | time=119.81s
[Epoch 232] train=0.008373 (main=0.007161, smooth=0.060316) | val=0.018988 (main=0.017741, smooth=0.062040) | lr=5.564282e-05 | time=120.27s
[Epoch 233] train=0.008382 (main=0.007169, smooth=0.060308) | val=0.018514 (main=0.017269, smooth=0.061958) | lr=5.533056e-05 | time=120.75s
[Epoch 234] train=0.008338 (main=0.007125, smooth=0.060321) | val=0.019060 (main=0.017814, smooth=0.061983) | lr=5.501809e-05 | time=119.19s
[Epoch 235] train=0.008353 (main=0.007141, smooth=0.060330) | val=0.018962 (main=0.017715, smooth=0.062072) | lr=5.470542e-05 | time=108.93s
[Epoch 236] train=0.008355 (main=0.007143, smooth=0.060297) | val=0.018876 (main=0.017631, smooth=0.061955) | lr=5.439256e-05 | time=120.18s
[Epoch 237] train=0.008337 (main=0.007126, smooth=0.060249) | val=0.018242 (main=0.016996, smooth=0.061949) | lr=5.407953e-05 | time=116.14s
[Epoch 238] train=0.008325 (main=0.007113, smooth=0.060281) | val=0.019211 (main=0.017962, smooth=0.062128) | lr=5.376634e-05 | time=124.49s
[Epoch 239] train=0.008310 (main=0.007098, smooth=0.060285) | val=0.019211 (main=0.017962, smooth=0.062114) | lr=5.345300e-05 | time=120.57s
[Epoch 240] train=0.008306 (main=0.007095, smooth=0.060239) | val=0.018843 (main=0.017597, smooth=0.061991) | lr=5.313953e-05 | time=123.50s
[Epoch 241] train=0.008310 (main=0.007098, smooth=0.060282) | val=0.018737 (main=0.017489, smooth=0.062105) | lr=5.282593e-05 | time=120.19s
[Epoch 242] train=0.008285 (main=0.007074, smooth=0.060225) | val=0.019279 (main=0.018030, smooth=0.062114) | lr=5.251222e-05 | time=128.13s
[Epoch 243] train=0.008278 (main=0.007067, smooth=0.060216) | val=0.018479 (main=0.017233, smooth=0.062023) | lr=5.219841e-05 | time=126.24s
[Epoch 244] train=0.008273 (main=0.007063, smooth=0.060168) | val=0.019260 (main=0.018013, smooth=0.062025) | lr=5.188451e-05 | time=117.16s
[Epoch 245] train=0.008257 (main=0.007047, smooth=0.060176) | val=0.019238 (main=0.017992, smooth=0.061972) | lr=5.157054e-05 | time=124.93s
[Epoch 246] train=0.008253 (main=0.007043, smooth=0.060183) | val=0.018468 (main=0.017221, smooth=0.062028) | lr=5.125650e-05 | time=107.31s
[Epoch 247] train=0.008270 (main=0.007060, smooth=0.060180) | val=0.019164 (main=0.017919, smooth=0.061929) | lr=5.094242e-05 | time=119.89s
[Epoch 248] train=0.008237 (main=0.007028, smooth=0.060156) | val=0.019989 (main=0.018741, smooth=0.062089) | lr=5.062830e-05 | time=107.27s
[Epoch 249] train=0.008227 (main=0.007017, smooth=0.060178) | val=0.019267 (main=0.018020, smooth=0.062054) | lr=5.031416e-05 | time=117.87s
[Epoch 250] train=0.008211 (main=0.007001, smooth=0.060175) | val=0.018566 (main=0.017320, smooth=0.061972) | lr=5.000000e-05 | time=114.12s
[Epoch 251] train=0.008236 (main=0.007026, smooth=0.060168) | val=0.019115 (main=0.017867, smooth=0.062097) | lr=4.968584e-05 | time=113.12s
[Epoch 252] train=0.008190 (main=0.006981, smooth=0.060141) | val=0.018692 (main=0.017444, smooth=0.062096) | lr=4.937170e-05 | time=117.30s
[Epoch 253] train=0.008200 (main=0.006991, smooth=0.060146) | val=0.019349 (main=0.018099, smooth=0.062205) | lr=4.905758e-05 | time=104.37s
[Epoch 254] train=0.008221 (main=0.007012, smooth=0.060121) | val=0.019687 (main=0.018438, smooth=0.062128) | lr=4.874350e-05 | time=113.28s
[Epoch 255] train=0.008175 (main=0.006967, smooth=0.060081) | val=0.020018 (main=0.018767, smooth=0.062243) | lr=4.842946e-05 | time=111.19s
[Epoch 256] train=0.008158 (main=0.006950, smooth=0.060099) | val=0.019241 (main=0.017990, smooth=0.062251) | lr=4.811549e-05 | time=111.31s
[Epoch 257] train=0.008177 (main=0.006969, smooth=0.060112) | val=0.018659 (main=0.017412, smooth=0.062025) | lr=4.780159e-05 | time=109.19s
[Epoch 258] train=0.008176 (main=0.006968, smooth=0.060090) | val=0.019642 (main=0.018392, smooth=0.062162) | lr=4.748778e-05 | time=110.17s
[Epoch 259] train=0.008136 (main=0.006928, smooth=0.060081) | val=0.018782 (main=0.017534, smooth=0.062044) | lr=4.717407e-05 | time=96.18s
[Epoch 260] train=0.008114 (main=0.006907, smooth=0.060050) | val=0.019329 (main=0.018082, smooth=0.062036) | lr=4.686047e-05 | time=99.33s
[Epoch 261] train=0.008130 (main=0.006923, smooth=0.060037) | val=0.018857 (main=0.017611, smooth=0.062013) | lr=4.654700e-05 | time=112.91s
[Epoch 262] train=0.008076 (main=0.006871, smooth=0.059984) | val=0.018799 (main=0.017552, smooth=0.062021) | lr=4.623366e-05 | time=117.99s
[Epoch 263] train=0.008163 (main=0.006956, smooth=0.060012) | val=0.018949 (main=0.017702, smooth=0.062046) | lr=4.592047e-05 | time=122.92s
[Epoch 264] train=0.008081 (main=0.006876, smooth=0.059989) | val=0.019499 (main=0.018247, smooth=0.062278) | lr=4.560744e-05 | time=112.54s
[Epoch 265] train=0.008085 (main=0.006879, smooth=0.060005) | val=0.018991 (main=0.017742, smooth=0.062103) | lr=4.529458e-05 | time=111.31s
[Epoch 266] train=0.008063 (main=0.006856, smooth=0.060028) | val=0.018552 (main=0.017304, smooth=0.062093) | lr=4.498191e-05 | time=117.92s
[Epoch 267] train=0.008086 (main=0.006880, smooth=0.059990) | val=0.018216 (main=0.016969, smooth=0.062065) | lr=4.466944e-05 | time=117.35s
[Epoch 268] train=0.008047 (main=0.006842, smooth=0.059963) | val=0.018893 (main=0.017643, smooth=0.062152) | lr=4.435718e-05 | time=116.45s
[Epoch 269] train=0.008050 (main=0.006846, smooth=0.059903) | val=0.018600 (main=0.017352, smooth=0.062069) | lr=4.404514e-05 | time=112.46s
[Epoch 270] train=0.008043 (main=0.006838, smooth=0.059952) | val=0.019096 (main=0.017847, smooth=0.062120) | lr=4.373334e-05 | time=113.78s
[Epoch 271] train=0.008061 (main=0.006857, smooth=0.059938) | val=0.019183 (main=0.017934, smooth=0.062115) | lr=4.342178e-05 | time=118.79s
[Epoch 272] train=0.008041 (main=0.006836, smooth=0.059916) | val=0.019160 (main=0.017911, smooth=0.062107) | lr=4.311049e-05 | time=108.12s
[Epoch 273] train=0.008007 (main=0.006803, smooth=0.059907) | val=0.018840 (main=0.017591, smooth=0.062101) | lr=4.279946e-05 | time=106.06s
[Epoch 274] train=0.008001 (main=0.006797, smooth=0.059906) | val=0.019787 (main=0.018536, smooth=0.062244) | lr=4.248872e-05 | time=112.13s
[Epoch 275] train=0.008024 (main=0.006820, smooth=0.059900) | val=0.019630 (main=0.018377, smooth=0.062349) | lr=4.217828e-05 | time=110.53s
[Epoch 276] train=0.007991 (main=0.006787, smooth=0.059933) | val=0.019357 (main=0.018110, smooth=0.062021) | lr=4.186814e-05 | time=110.89s
[Epoch 277] train=0.007968 (main=0.006764, smooth=0.059878) | val=0.018692 (main=0.017443, smooth=0.062129) | lr=4.155833e-05 | time=113.85s
[Epoch 278] train=0.007962 (main=0.006759, smooth=0.059859) | val=0.019144 (main=0.017893, smooth=0.062253) | lr=4.124885e-05 | time=108.89s
[Epoch 279] train=0.007944 (main=0.006741, smooth=0.059858) | val=0.018851 (main=0.017603, smooth=0.062093) | lr=4.093971e-05 | time=98.00s
[Epoch 280] train=0.007934 (main=0.006731, smooth=0.059844) | val=0.019545 (main=0.018296, smooth=0.062149) | lr=4.063093e-05 | time=117.96s
[Epoch 281] train=0.007978 (main=0.006774, smooth=0.059902) | val=0.019224 (main=0.017974, smooth=0.062139) | lr=4.032253e-05 | time=113.87s
[Epoch 282] train=0.007948 (main=0.006745, smooth=0.059862) | val=0.018906 (main=0.017658, smooth=0.062073) | lr=4.001450e-05 | time=107.98s
[Epoch 283] train=0.007942 (main=0.006738, smooth=0.059872) | val=0.019245 (main=0.017996, smooth=0.062109) | lr=3.970687e-05 | time=104.84s
[Epoch 284] train=0.007916 (main=0.006713, smooth=0.059810) | val=0.018889 (main=0.017640, smooth=0.062167) | lr=3.939964e-05 | time=110.59s
[Epoch 285] train=0.007891 (main=0.006689, smooth=0.059811) | val=0.019593 (main=0.018341, smooth=0.062306) | lr=3.909284e-05 | time=107.98s
[Epoch 286] train=0.007895 (main=0.006692, smooth=0.059850) | val=0.018831 (main=0.017583, smooth=0.062076) | lr=3.878646e-05 | time=108.82s
[Epoch 287] train=0.007898 (main=0.006695, smooth=0.059812) | val=0.018818 (main=0.017570, smooth=0.062084) | lr=3.848053e-05 | time=116.51s
[Epoch 288] train=0.007907 (main=0.006705, smooth=0.059818) | val=0.019691 (main=0.018440, smooth=0.062231) | lr=3.817505e-05 | time=111.72s
[Epoch 289] train=0.007859 (main=0.006657, smooth=0.059759) | val=0.019175 (main=0.017927, smooth=0.062091) | lr=3.787004e-05 | time=114.58s
[Epoch 290] train=0.007883 (main=0.006681, smooth=0.059799) | val=0.018194 (main=0.016945, smooth=0.062112) | lr=3.756551e-05 | time=112.61s
[Epoch 291] train=0.007870 (main=0.006669, smooth=0.059734) | val=0.018859 (main=0.017607, smooth=0.062324) | lr=3.726146e-05 | time=109.26s
[Epoch 292] train=0.007846 (main=0.006645, smooth=0.059777) | val=0.018765 (main=0.017519, smooth=0.061985) | lr=3.695792e-05 | time=112.89s
[Epoch 293] train=0.007873 (main=0.006673, smooth=0.059743) | val=0.018975 (main=0.017725, smooth=0.062191) | lr=3.665490e-05 | time=115.46s
[Epoch 294] train=0.007825 (main=0.006624, smooth=0.059736) | val=0.018747 (main=0.017496, smooth=0.062242) | lr=3.635240e-05 | time=122.33s
[Epoch 295] train=0.007830 (main=0.006628, smooth=0.059759) | val=0.018931 (main=0.017683, smooth=0.062082) | lr=3.605044e-05 | time=107.41s
[Epoch 296] train=0.007818 (main=0.006619, smooth=0.059691) | val=0.018857 (main=0.017607, smooth=0.062183) | lr=3.574904e-05 | time=119.32s
[Epoch 297] train=0.007786 (main=0.006585, smooth=0.059729) | val=0.018943 (main=0.017693, smooth=0.062175) | lr=3.544819e-05 | time=115.54s
[Epoch 298] train=0.007827 (main=0.006626, smooth=0.059728) | val=0.018576 (main=0.017325, smooth=0.062265) | lr=3.514792e-05 | time=105.69s
[Epoch 299] train=0.007775 (main=0.006575, smooth=0.059666) | val=0.019105 (main=0.017855, smooth=0.062205) | lr=3.484824e-05 | time=117.34s
[Epoch 300] train=0.007763 (main=0.006564, smooth=0.059690) | val=0.018771 (main=0.017523, smooth=0.062120) | lr=3.454915e-05 | time=112.06s
[Epoch 301] train=0.007820 (main=0.006620, smooth=0.059705) | val=0.019522 (main=0.018271, smooth=0.062248) | lr=3.425067e-05 | time=106.46s
[Epoch 302] train=0.007773 (main=0.006573, smooth=0.059670) | val=0.019277 (main=0.018026, smooth=0.062252) | lr=3.395282e-05 | time=113.29s
[Epoch 303] train=0.007769 (main=0.006570, smooth=0.059649) | val=0.019685 (main=0.018433, smooth=0.062316) | lr=3.365560e-05 | time=106.96s
[Epoch 304] train=0.007785 (main=0.006585, smooth=0.059717) | val=0.019100 (main=0.017850, smooth=0.062217) | lr=3.335902e-05 | time=118.95s
[Epoch 305] train=0.007767 (main=0.006568, smooth=0.059653) | val=0.018402 (main=0.017152, smooth=0.062204) | lr=3.306310e-05 | time=117.20s
[Epoch 306] train=0.007739 (main=0.006541, smooth=0.059616) | val=0.018940 (main=0.017691, smooth=0.062167) | lr=3.276785e-05 | time=110.08s
[Epoch 307] train=0.007735 (main=0.006536, smooth=0.059657) | val=0.018860 (main=0.017609, smooth=0.062229) | lr=3.247328e-05 | time=124.59s
[Epoch 308] train=0.007703 (main=0.006504, smooth=0.059644) | val=0.018752 (main=0.017502, smooth=0.062200) | lr=3.217941e-05 | time=118.93s
[Epoch 309] train=0.007716 (main=0.006518, smooth=0.059618) | val=0.018544 (main=0.017294, smooth=0.062204) | lr=3.188623e-05 | time=110.52s
[Epoch 310] train=0.007716 (main=0.006518, smooth=0.059621) | val=0.018820 (main=0.017570, smooth=0.062191) | lr=3.159377e-05 | time=112.14s
[Epoch 311] train=0.007718 (main=0.006520, smooth=0.059609) | val=0.019513 (main=0.018263, smooth=0.062207) | lr=3.130204e-05 | time=112.76s
[Epoch 312] train=0.007661 (main=0.006463, smooth=0.059611) | val=0.019245 (main=0.017995, smooth=0.062154) | lr=3.101105e-05 | time=106.11s
[Epoch 313] train=0.007680 (main=0.006483, smooth=0.059554) | val=0.019065 (main=0.017815, smooth=0.062159) | lr=3.072080e-05 | time=119.37s
[Epoch 314] train=0.007690 (main=0.006492, smooth=0.059597) | val=0.018834 (main=0.017584, smooth=0.062150) | lr=3.043132e-05 | time=102.29s
[Epoch 315] train=0.007685 (main=0.006487, smooth=0.059582) | val=0.018554 (main=0.017302, smooth=0.062312) | lr=3.014261e-05 | time=116.33s
[Epoch 316] train=0.007681 (main=0.006484, smooth=0.059577) | val=0.019492 (main=0.018238, smooth=0.062421) | lr=2.985468e-05 | time=120.97s
[Epoch 317] train=0.007651 (main=0.006454, smooth=0.059536) | val=0.018910 (main=0.017657, smooth=0.062310) | lr=2.956755e-05 | time=122.48s
[Epoch 318] train=0.007662 (main=0.006464, smooth=0.059566) | val=0.018799 (main=0.017547, smooth=0.062299) | lr=2.928122e-05 | time=118.10s
[Epoch 319] train=0.007631 (main=0.006435, smooth=0.059515) | val=0.018877 (main=0.017625, smooth=0.062290) | lr=2.899571e-05 | time=117.44s
[Epoch 320] train=0.007642 (main=0.006445, smooth=0.059541) | val=0.018315 (main=0.017062, smooth=0.062334) | lr=2.871104e-05 | time=109.24s
[Epoch 321] train=0.007638 (main=0.006441, smooth=0.059547) | val=0.019237 (main=0.017984, smooth=0.062347) | lr=2.842720e-05 | time=109.64s
[Epoch 322] train=0.007596 (main=0.006400, smooth=0.059498) | val=0.018694 (main=0.017442, smooth=0.062278) | lr=2.814421e-05 | time=112.84s
[Epoch 323] train=0.007648 (main=0.006452, smooth=0.059497) | val=0.019230 (main=0.017977, smooth=0.062339) | lr=2.786209e-05 | time=112.13s
[Epoch 324] train=0.007595 (main=0.006399, smooth=0.059497) | val=0.019053 (main=0.017804, smooth=0.062176) | lr=2.758084e-05 | time=120.95s
[Epoch 325] train=0.007572 (main=0.006377, smooth=0.059469) | val=0.019192 (main=0.017941, smooth=0.062236) | lr=2.730048e-05 | time=118.13s
[Epoch 326] train=0.007621 (main=0.006426, smooth=0.059475) | val=0.019384 (main=0.018132, smooth=0.062264) | lr=2.702101e-05 | time=118.20s
[Epoch 327] train=0.007582 (main=0.006387, smooth=0.059475) | val=0.018631 (main=0.017380, smooth=0.062245) | lr=2.674245e-05 | time=108.33s
[Epoch 328] train=0.007596 (main=0.006400, smooth=0.059491) | val=0.019308 (main=0.018055, smooth=0.062307) | lr=2.646480e-05 | time=117.44s
[Epoch 329] train=0.007577 (main=0.006381, smooth=0.059459) | val=0.018603 (main=0.017352, smooth=0.062253) | lr=2.618809e-05 | time=104.81s
[Epoch 330] train=0.007557 (main=0.006362, smooth=0.059461) | val=0.018675 (main=0.017423, smooth=0.062263) | lr=2.591232e-05 | time=111.13s
[Epoch 331] train=0.007595 (main=0.006399, smooth=0.059468) | val=0.018663 (main=0.017410, smooth=0.062304) | lr=2.563749e-05 | time=109.14s
[Epoch 332] train=0.007558 (main=0.006362, smooth=0.059466) | val=0.019068 (main=0.017817, smooth=0.062248) | lr=2.536363e-05 | time=118.86s
[Epoch 333] train=0.007525 (main=0.006331, smooth=0.059430) | val=0.019679 (main=0.018423, smooth=0.062519) | lr=2.509074e-05 | time=108.23s
[Epoch 334] train=0.007546 (main=0.006351, smooth=0.059435) | val=0.018893 (main=0.017642, smooth=0.062222) | lr=2.481884e-05 | time=114.22s
[Epoch 335] train=0.007548 (main=0.006354, smooth=0.059408) | val=0.019048 (main=0.017796, smooth=0.062287) | lr=2.454793e-05 | time=118.24s
[Epoch 336] train=0.007540 (main=0.006346, smooth=0.059418) | val=0.019155 (main=0.017902, smooth=0.062296) | lr=2.427802e-05 | time=107.87s
[Epoch 337] train=0.007530 (main=0.006336, smooth=0.059412) | val=0.019175 (main=0.017923, smooth=0.062276) | lr=2.400913e-05 | time=114.37s
[Epoch 338] train=0.007524 (main=0.006330, smooth=0.059402) | val=0.019325 (main=0.018072, smooth=0.062322) | lr=2.374127e-05 | time=115.46s
[Epoch 339] train=0.007494 (main=0.006300, smooth=0.059391) | val=0.018914 (main=0.017664, smooth=0.062190) | lr=2.347444e-05 | time=114.51s
[Epoch 340] train=0.007492 (main=0.006299, smooth=0.059350) | val=0.018816 (main=0.017564, smooth=0.062309) | lr=2.320866e-05 | time=100.37s
[Epoch 341] train=0.007494 (main=0.006301, smooth=0.059322) | val=0.019079 (main=0.017826, smooth=0.062349) | lr=2.294394e-05 | time=107.52s
[Epoch 342] train=0.007491 (main=0.006296, smooth=0.059424) | val=0.019061 (main=0.017811, smooth=0.062182) | lr=2.268028e-05 | time=124.25s
[Epoch 343] train=0.007480 (main=0.006287, smooth=0.059355) | val=0.019499 (main=0.018246, smooth=0.062343) | lr=2.241771e-05 | time=104.35s
[Epoch 344] train=0.007482 (main=0.006289, smooth=0.059392) | val=0.018686 (main=0.017435, smooth=0.062243) | lr=2.215622e-05 | time=122.84s
[Epoch 345] train=0.007459 (main=0.006266, smooth=0.059350) | val=0.019163 (main=0.017912, smooth=0.062270) | lr=2.189583e-05 | time=111.88s
[Epoch 346] train=0.007453 (main=0.006260, smooth=0.059333) | val=0.019360 (main=0.018107, smooth=0.062346) | lr=2.163655e-05 | time=104.84s
[Epoch 347] train=0.007478 (main=0.006285, smooth=0.059376) | val=0.018906 (main=0.017655, smooth=0.062210) | lr=2.137839e-05 | time=119.72s
[Epoch 348] train=0.007466 (main=0.006274, smooth=0.059323) | val=0.019290 (main=0.018037, smooth=0.062350) | lr=2.112136e-05 | time=95.10s
[Epoch 349] train=0.007464 (main=0.006272, smooth=0.059304) | val=0.018744 (main=0.017492, smooth=0.062292) | lr=2.086548e-05 | time=105.09s
[Epoch 350] train=0.007435 (main=0.006243, smooth=0.059307) | val=0.019037 (main=0.017785, smooth=0.062312) | lr=2.061074e-05 | time=103.22s
[Epoch 351] train=0.007473 (main=0.006281, smooth=0.059322) | val=0.019298 (main=0.018047, smooth=0.062249) | lr=2.035716e-05 | time=105.33s
[Epoch 352] train=0.007441 (main=0.006249, smooth=0.059320) | val=0.019159 (main=0.017908, smooth=0.062256) | lr=2.010475e-05 | time=109.95s
[Epoch 353] train=0.007442 (main=0.006250, smooth=0.059314) | val=0.019069 (main=0.017816, smooth=0.062315) | lr=1.985352e-05 | time=102.15s
[Epoch 354] train=0.007407 (main=0.006216, smooth=0.059257) | val=0.018727 (main=0.017475, smooth=0.062307) | lr=1.960349e-05 | time=114.03s
[Epoch 355] train=0.007438 (main=0.006246, smooth=0.059304) | val=0.018945 (main=0.017693, smooth=0.062253) | lr=1.935465e-05 | time=95.48s
[Epoch 356] train=0.007407 (main=0.006215, smooth=0.059292) | val=0.019011 (main=0.017760, smooth=0.062265) | lr=1.910702e-05 | time=119.70s
[Epoch 357] train=0.007411 (main=0.006219, smooth=0.059293) | val=0.018950 (main=0.017698, smooth=0.062298) | lr=1.886061e-05 | time=106.86s
[Epoch 358] train=0.007409 (main=0.006218, smooth=0.059257) | val=0.018828 (main=0.017576, smooth=0.062326) | lr=1.861543e-05 | time=105.33s
[Epoch 359] train=0.007404 (main=0.006213, smooth=0.059258) | val=0.018513 (main=0.017262, smooth=0.062233) | lr=1.837149e-05 | time=107.33s
[Epoch 360] train=0.007376 (main=0.006185, smooth=0.059243) | val=0.018779 (main=0.017528, smooth=0.062234) | lr=1.812880e-05 | time=113.18s
[Epoch 361] train=0.007412 (main=0.006222, smooth=0.059225) | val=0.018909 (main=0.017656, smooth=0.062336) | lr=1.788737e-05 | time=107.83s
[Epoch 362] train=0.007377 (main=0.006187, smooth=0.059226) | val=0.018978 (main=0.017724, smooth=0.062368) | lr=1.764720e-05 | time=112.04s
[Epoch 363] train=0.007387 (main=0.006196, smooth=0.059247) | val=0.018996 (main=0.017743, smooth=0.062329) | lr=1.740831e-05 | time=114.14s
[Epoch 364] train=0.007372 (main=0.006181, smooth=0.059219) | val=0.018745 (main=0.017493, smooth=0.062293) | lr=1.717071e-05 | time=119.86s
[Epoch 365] train=0.007359 (main=0.006169, smooth=0.059209) | val=0.019023 (main=0.017771, smooth=0.062290) | lr=1.693441e-05 | time=113.82s
[Epoch 366] train=0.007384 (main=0.006193, smooth=0.059233) | val=0.018958 (main=0.017704, smooth=0.062385) | lr=1.669941e-05 | time=108.05s
[Epoch 367] train=0.007363 (main=0.006173, smooth=0.059198) | val=0.019077 (main=0.017825, smooth=0.062305) | lr=1.646572e-05 | time=101.42s
[Epoch 368] train=0.007381 (main=0.006190, smooth=0.059223) | val=0.019105 (main=0.017852, smooth=0.062333) | lr=1.623336e-05 | time=111.08s
[Epoch 369] train=0.007337 (main=0.006147, smooth=0.059168) | val=0.018974 (main=0.017723, smooth=0.062231) | lr=1.600233e-05 | time=105.32s
[Epoch 370] train=0.007359 (main=0.006169, smooth=0.059189) | val=0.019153 (main=0.017901, smooth=0.062312) | lr=1.577264e-05 | time=116.18s
[Epoch 371] train=0.007362 (main=0.006172, smooth=0.059196) | val=0.018994 (main=0.017741, smooth=0.062338) | lr=1.554431e-05 | time=102.09s
[Epoch 372] train=0.007345 (main=0.006155, smooth=0.059199) | val=0.019169 (main=0.017917, smooth=0.062312) | lr=1.531733e-05 | time=112.72s
[Epoch 373] train=0.007333 (main=0.006143, smooth=0.059194) | val=0.019020 (main=0.017768, smooth=0.062291) | lr=1.509173e-05 | time=112.26s
[Epoch 374] train=0.007338 (main=0.006148, smooth=0.059201) | val=0.019016 (main=0.017764, smooth=0.062291) | lr=1.486750e-05 | time=106.07s
[Epoch 375] train=0.007331 (main=0.006142, smooth=0.059152) | val=0.019078 (main=0.017824, smooth=0.062387) | lr=1.464466e-05 | time=121.10s
[Epoch 376] train=0.007319 (main=0.006129, smooth=0.059199) | val=0.018909 (main=0.017656, smooth=0.062361) | lr=1.442322e-05 | time=113.66s
[Epoch 377] train=0.007330 (main=0.006141, smooth=0.059155) | val=0.019001 (main=0.017747, smooth=0.062383) | lr=1.420318e-05 | time=105.84s
[Epoch 378] train=0.007329 (main=0.006140, smooth=0.059158) | val=0.018912 (main=0.017658, smooth=0.062365) | lr=1.398455e-05 | time=96.38s
[Epoch 379] train=0.007313 (main=0.006124, smooth=0.059157) | val=0.019245 (main=0.017992, smooth=0.062359) | lr=1.376734e-05 | time=113.27s
[Epoch 380] train=0.007313 (main=0.006124, smooth=0.059150) | val=0.018842 (main=0.017589, smooth=0.062345) | lr=1.355157e-05 | time=108.63s
[Epoch 381] train=0.007296 (main=0.006107, smooth=0.059120) | val=0.018728 (main=0.017475, smooth=0.062340) | lr=1.333723e-05 | time=109.02s
[Epoch 382] train=0.007306 (main=0.006117, smooth=0.059127) | val=0.018876 (main=0.017623, smooth=0.062333) | lr=1.312434e-05 | time=108.88s
[Epoch 383] train=0.007292 (main=0.006103, smooth=0.059131) | val=0.019021 (main=0.017768, smooth=0.062307) | lr=1.291291e-05 | time=117.40s
[Epoch 384] train=0.007290 (main=0.006101, smooth=0.059104) | val=0.018817 (main=0.017565, smooth=0.062279) | lr=1.270294e-05 | time=100.05s
[Epoch 385] train=0.007279 (main=0.006091, smooth=0.059113) | val=0.018819 (main=0.017566, smooth=0.062350) | lr=1.249445e-05 | time=108.23s
[Epoch 386] train=0.007279 (main=0.006090, smooth=0.059115) | val=0.018573 (main=0.017318, smooth=0.062414) | lr=1.228743e-05 | time=107.68s
[Epoch 387] train=0.007286 (main=0.006097, smooth=0.059126) | val=0.018835 (main=0.017582, smooth=0.062307) | lr=1.208190e-05 | time=115.89s
[Epoch 388] train=0.007281 (main=0.006092, smooth=0.059130) | val=0.018976 (main=0.017722, smooth=0.062373) | lr=1.187787e-05 | time=109.33s
[Epoch 389] train=0.007282 (main=0.006094, smooth=0.059098) | val=0.019137 (main=0.017885, smooth=0.062286) | lr=1.167535e-05 | time=116.39s
[Epoch 390] train=0.007282 (main=0.006094, smooth=0.059095) | val=0.019107 (main=0.017852, smooth=0.062396) | lr=1.147434e-05 | time=103.05s
[Epoch 391] train=0.007280 (main=0.006092, smooth=0.059114) | val=0.019004 (main=0.017751, smooth=0.062346) | lr=1.127485e-05 | time=117.19s
[Epoch 392] train=0.007251 (main=0.006063, smooth=0.059079) | val=0.018870 (main=0.017616, smooth=0.062360) | lr=1.107688e-05 | time=109.62s
[Epoch 393] train=0.007269 (main=0.006081, smooth=0.059086) | val=0.019129 (main=0.017875, smooth=0.062345) | lr=1.088046e-05 | time=105.75s
[Epoch 394] train=0.007255 (main=0.006067, smooth=0.059080) | val=0.019291 (main=0.018038, smooth=0.062338) | lr=1.068558e-05 | time=104.43s
[Epoch 395] train=0.007270 (main=0.006082, smooth=0.059089) | val=0.019141 (main=0.017887, smooth=0.062383) | lr=1.049225e-05 | time=108.78s
[Epoch 396] train=0.007253 (main=0.006066, smooth=0.059080) | val=0.019251 (main=0.017997, smooth=0.062372) | lr=1.030048e-05 | time=104.85s
[Epoch 397] train=0.007247 (main=0.006060, smooth=0.059049) | val=0.019018 (main=0.017764, smooth=0.062410) | lr=1.011028e-05 | time=120.87s
[Epoch 398] train=0.007251 (main=0.006064, smooth=0.059069) | val=0.019323 (main=0.018070, smooth=0.062299) | lr=9.921651e-06 | time=111.03s
[Epoch 399] train=0.007255 (main=0.006068, smooth=0.059044) | val=0.019212 (main=0.017959, smooth=0.062336) | lr=9.734606e-06 | time=105.48s
[Epoch 400] train=0.007243 (main=0.006057, smooth=0.059032) | val=0.018946 (main=0.017693, smooth=0.062343) | lr=9.549150e-06 | time=113.49s
[Epoch 401] train=0.007237 (main=0.006051, smooth=0.059039) | val=0.019274 (main=0.018020, smooth=0.062363) | lr=9.365292e-06 | time=107.41s
[Epoch 402] train=0.007216 (main=0.006030, smooth=0.059035) | val=0.018772 (main=0.017519, smooth=0.062347) | lr=9.183037e-06 | time=118.30s
[Epoch 403] train=0.007227 (main=0.006041, smooth=0.059031) | val=0.018903 (main=0.017650, smooth=0.062352) | lr=9.002395e-06 | time=104.63s
[Epoch 404] train=0.007238 (main=0.006052, smooth=0.059042) | val=0.018900 (main=0.017646, smooth=0.062375) | lr=8.823370e-06 | time=112.86s
[Epoch 405] train=0.007227 (main=0.006041, smooth=0.059025) | val=0.018976 (main=0.017722, smooth=0.062393) | lr=8.645971e-06 | time=108.35s
[Epoch 406] train=0.007216 (main=0.006029, smooth=0.059011) | val=0.019145 (main=0.017891, smooth=0.062365) | lr=8.470205e-06 | time=112.15s
[Epoch 407] train=0.007223 (main=0.006037, smooth=0.059020) | val=0.018939 (main=0.017686, smooth=0.062329) | lr=8.296078e-06 | time=111.41s
[Epoch 408] train=0.007229 (main=0.006043, smooth=0.059017) | val=0.019110 (main=0.017856, smooth=0.062408) | lr=8.123598e-06 | time=120.35s
[Epoch 409] train=0.007214 (main=0.006027, smooth=0.059021) | val=0.019070 (main=0.017816, smooth=0.062355) | lr=7.952771e-06 | time=113.96s
[Epoch 410] train=0.007203 (main=0.006018, smooth=0.058970) | val=0.019022 (main=0.017768, smooth=0.062355) | lr=7.783604e-06 | time=103.67s
[Epoch 411] train=0.007216 (main=0.006031, smooth=0.058973) | val=0.019422 (main=0.018169, smooth=0.062368) | lr=7.616103e-06 | time=113.51s
[Epoch 412] train=0.007205 (main=0.006019, smooth=0.059003) | val=0.019131 (main=0.017877, smooth=0.062398) | lr=7.450276e-06 | time=112.67s
[Epoch 413] train=0.007212 (main=0.006026, smooth=0.059015) | val=0.019165 (main=0.017912, smooth=0.062351) | lr=7.286128e-06 | time=109.60s
[Epoch 414] train=0.007203 (main=0.006018, smooth=0.058993) | val=0.019049 (main=0.017795, smooth=0.062394) | lr=7.123667e-06 | time=103.38s
[Epoch 415] train=0.007198 (main=0.006013, smooth=0.058973) | val=0.018923 (main=0.017668, smooth=0.062455) | lr=6.962899e-06 | time=105.00s
[Epoch 416] train=0.007199 (main=0.006013, smooth=0.059011) | val=0.019023 (main=0.017770, smooth=0.062353) | lr=6.803829e-06 | time=100.27s
[Epoch 417] train=0.007188 (main=0.006002, smooth=0.058977) | val=0.019093 (main=0.017840, smooth=0.062356) | lr=6.646465e-06 | time=103.79s
[Epoch 418] train=0.007195 (main=0.006010, smooth=0.058939) | val=0.019008 (main=0.017755, smooth=0.062353) | lr=6.490812e-06 | time=116.26s
[Epoch 419] train=0.007186 (main=0.006001, smooth=0.058961) | val=0.018985 (main=0.017731, smooth=0.062393) | lr=6.336877e-06 | time=117.26s
[Epoch 420] train=0.007201 (main=0.006015, smooth=0.059031) | val=0.019248 (main=0.017994, smooth=0.062374) | lr=6.184666e-06 | time=114.96s
[Epoch 421] train=0.007193 (main=0.006008, smooth=0.058949) | val=0.018890 (main=0.017634, smooth=0.062471) | lr=6.034184e-06 | time=100.22s
[Epoch 422] train=0.007193 (main=0.006007, smooth=0.058982) | val=0.019271 (main=0.018016, smooth=0.062406) | lr=5.885439e-06 | time=113.11s
[Epoch 423] train=0.007187 (main=0.006002, smooth=0.058980) | val=0.018883 (main=0.017628, smooth=0.062450) | lr=5.738434e-06 | time=102.68s
[Epoch 424] train=0.007186 (main=0.006001, smooth=0.058969) | val=0.019002 (main=0.017748, smooth=0.062406) | lr=5.593178e-06 | time=120.56s
[Epoch 425] train=0.007195 (main=0.006010, smooth=0.058969) | val=0.019005 (main=0.017751, smooth=0.062405) | lr=5.449674e-06 | time=105.55s
[Epoch 426] train=0.007185 (main=0.006000, smooth=0.058961) | val=0.019053 (main=0.017800, smooth=0.062362) | lr=5.307929e-06 | time=109.01s
[Epoch 427] train=0.007179 (main=0.005994, smooth=0.058949) | val=0.019188 (main=0.017935, smooth=0.062372) | lr=5.167948e-06 | time=111.90s
[Epoch 428] train=0.007187 (main=0.006002, smooth=0.058940) | val=0.019024 (main=0.017770, smooth=0.062397) | lr=5.029737e-06 | time=107.46s
[Epoch 429] train=0.007195 (main=0.006009, smooth=0.058984) | val=0.019148 (main=0.017895, smooth=0.062368) | lr=4.893302e-06 | time=109.01s
[Epoch 430] train=0.007171 (main=0.005987, smooth=0.058931) | val=0.019045 (main=0.017791, smooth=0.062399) | lr=4.758647e-06 | time=107.94s
[Epoch 431] train=0.007175 (main=0.005990, smooth=0.058960) | val=0.019158 (main=0.017905, smooth=0.062364) | lr=4.625779e-06 | time=113.47s
[Epoch 432] train=0.007148 (main=0.005964, smooth=0.058904) | val=0.019157 (main=0.017903, smooth=0.062400) | lr=4.494701e-06 | time=113.21s
[Epoch 433] train=0.007175 (main=0.005990, smooth=0.058970) | val=0.019076 (main=0.017823, smooth=0.062361) | lr=4.365421e-06 | time=108.64s
[Epoch 434] train=0.007160 (main=0.005975, smooth=0.058975) | val=0.019071 (main=0.017817, smooth=0.062366) | lr=4.237941e-06 | time=103.93s
[Epoch 435] train=0.007168 (main=0.005983, smooth=0.058964) | val=0.019093 (main=0.017838, smooth=0.062401) | lr=4.112269e-06 | time=111.96s
[Epoch 436] train=0.007168 (main=0.005983, smooth=0.058956) | val=0.019100 (main=0.017846, smooth=0.062383) | lr=3.988408e-06 | time=107.62s
[Epoch 437] train=0.007159 (main=0.005974, smooth=0.058972) | val=0.019174 (main=0.017920, smooth=0.062391) | lr=3.866363e-06 | time=116.29s
[Epoch 438] train=0.007154 (main=0.005969, smooth=0.058921) | val=0.019128 (main=0.017874, smooth=0.062410) | lr=3.746140e-06 | time=118.57s
[Epoch 439] train=0.007159 (main=0.005975, smooth=0.058937) | val=0.019032 (main=0.017778, smooth=0.062395) | lr=3.627742e-06 | time=114.55s
[Epoch 440] train=0.007165 (main=0.005981, smooth=0.058935) | val=0.019062 (main=0.017808, smooth=0.062372) | lr=3.511176e-06 | time=101.14s
[Epoch 441] train=0.007150 (main=0.005966, smooth=0.058930) | val=0.019128 (main=0.017875, smooth=0.062369) | lr=3.396444e-06 | time=105.27s
[Epoch 442] train=0.007149 (main=0.005964, smooth=0.058920) | val=0.019064 (main=0.017810, smooth=0.062353) | lr=3.283553e-06 | time=115.49s
[Epoch 443] train=0.007154 (main=0.005970, smooth=0.058911) | val=0.019000 (main=0.017746, smooth=0.062382) | lr=3.172506e-06 | time=107.96s
[Epoch 444] train=0.007146 (main=0.005962, smooth=0.058927) | val=0.019087 (main=0.017833, smooth=0.062364) | lr=3.063307e-06 | time=112.61s
[Epoch 445] train=0.007154 (main=0.005970, smooth=0.058911) | val=0.019030 (main=0.017775, smooth=0.062409) | lr=2.955962e-06 | time=106.81s
[Epoch 446] train=0.007144 (main=0.005960, smooth=0.058910) | val=0.019133 (main=0.017879, smooth=0.062378) | lr=2.850473e-06 | time=115.21s
[Epoch 447] train=0.007142 (main=0.005958, smooth=0.058918) | val=0.019057 (main=0.017804, smooth=0.062376) | lr=2.746846e-06 | time=110.53s
[Epoch 448] train=0.007155 (main=0.005970, smooth=0.058917) | val=0.018962 (main=0.017708, smooth=0.062388) | lr=2.645085e-06 | time=107.65s
[Epoch 449] train=0.007144 (main=0.005960, smooth=0.058925) | val=0.019127 (main=0.017873, smooth=0.062378) | lr=2.545193e-06 | time=109.59s
[Epoch 450] train=0.007143 (main=0.005959, smooth=0.058898) | val=0.019089 (main=0.017835, smooth=0.062398) | lr=2.447174e-06 | time=114.75s
[Epoch 451] train=0.007134 (main=0.005951, smooth=0.058893) | val=0.019116 (main=0.017862, smooth=0.062393) | lr=2.351033e-06 | time=103.21s
[Epoch 452] train=0.007142 (main=0.005958, smooth=0.058900) | val=0.019179 (main=0.017924, smooth=0.062397) | lr=2.256773e-06 | time=104.30s
[Epoch 453] train=0.007143 (main=0.005959, smooth=0.058910) | val=0.019024 (main=0.017770, smooth=0.062390) | lr=2.164397e-06 | time=101.31s
[Epoch 454] train=0.007141 (main=0.005958, smooth=0.058897) | val=0.019133 (main=0.017879, smooth=0.062382) | lr=2.073911e-06 | time=111.90s
[Epoch 455] train=0.007145 (main=0.005961, smooth=0.058911) | val=0.019039 (main=0.017785, smooth=0.062404) | lr=1.985316e-06 | time=105.39s
[Epoch 456] train=0.007151 (main=0.005967, smooth=0.058920) | val=0.019093 (main=0.017839, smooth=0.062399) | lr=1.898616e-06 | time=102.00s
[Epoch 457] train=0.007132 (main=0.005949, smooth=0.058865) | val=0.019181 (main=0.017927, smooth=0.062412) | lr=1.813816e-06 | time=119.21s
[Epoch 458] train=0.007138 (main=0.005955, smooth=0.058887) | val=0.019062 (main=0.017808, smooth=0.062386) | lr=1.730918e-06 | time=114.40s
[Epoch 459] train=0.007138 (main=0.005955, smooth=0.058885) | val=0.019184 (main=0.017930, smooth=0.062386) | lr=1.649926e-06 | time=108.81s
[Epoch 460] train=0.007125 (main=0.005941, smooth=0.058884) | val=0.019038 (main=0.017785, smooth=0.062382) | lr=1.570842e-06 | time=106.99s
[Epoch 461] train=0.007119 (main=0.005936, smooth=0.058863) | val=0.018967 (main=0.017713, smooth=0.062396) | lr=1.493670e-06 | time=111.35s
[Epoch 462] train=0.007133 (main=0.005950, smooth=0.058883) | val=0.019012 (main=0.017758, smooth=0.062390) | lr=1.418413e-06 | time=111.29s
[Epoch 463] train=0.007136 (main=0.005953, smooth=0.058888) | val=0.019046 (main=0.017792, smooth=0.062380) | lr=1.345074e-06 | time=106.40s
[Epoch 464] train=0.007139 (main=0.005955, smooth=0.058918) | val=0.019101 (main=0.017847, smooth=0.062388) | lr=1.273656e-06 | time=120.64s
[Epoch 465] train=0.007133 (main=0.005949, smooth=0.058871) | val=0.019068 (main=0.017815, smooth=0.062376) | lr=1.204162e-06 | time=117.08s
[Epoch 466] train=0.007127 (main=0.005943, smooth=0.058884) | val=0.019113 (main=0.017859, smooth=0.062389) | lr=1.136594e-06 | time=102.60s
[Epoch 467] train=0.007125 (main=0.005942, smooth=0.058867) | val=0.019034 (main=0.017780, smooth=0.062385) | lr=1.070955e-06 | time=116.42s
[Epoch 468] train=0.007134 (main=0.005951, smooth=0.058882) | val=0.019015 (main=0.017761, smooth=0.062389) | lr=1.007247e-06 | time=122.32s
[Epoch 469] train=0.007128 (main=0.005944, smooth=0.058879) | val=0.019096 (main=0.017842, smooth=0.062378) | lr=9.454741e-07 | time=114.40s
[Epoch 470] train=0.007113 (main=0.005930, smooth=0.058877) | val=0.019086 (main=0.017832, smooth=0.062379) | lr=8.856375e-07 | time=110.43s
[Epoch 471] train=0.007117 (main=0.005934, smooth=0.058845) | val=0.019081 (main=0.017827, smooth=0.062384) | lr=8.277398e-07 | time=117.28s
[Epoch 472] train=0.007129 (main=0.005945, smooth=0.058880) | val=0.019022 (main=0.017768, smooth=0.062385) | lr=7.717833e-07 | time=115.24s
[Epoch 473] train=0.007123 (main=0.005940, smooth=0.058859) | val=0.019046 (main=0.017792, smooth=0.062384) | lr=7.177702e-07 | time=105.73s
[Epoch 474] train=0.007132 (main=0.005948, smooth=0.058888) | val=0.019076 (main=0.017822, smooth=0.062370) | lr=6.657028e-07 | time=105.59s
[Epoch 475] train=0.007117 (main=0.005934, smooth=0.058866) | val=0.019029 (main=0.017775, smooth=0.062384) | lr=6.155830e-07 | time=107.36s
[Epoch 476] train=0.007133 (main=0.005949, smooth=0.058878) | val=0.019028 (main=0.017773, smooth=0.062390) | lr=5.674128e-07 | time=117.39s
[Epoch 477] train=0.007132 (main=0.005948, smooth=0.058900) | val=0.019038 (main=0.017784, smooth=0.062387) | lr=5.211941e-07 | time=114.58s
[Epoch 478] train=0.007120 (main=0.005937, smooth=0.058843) | val=0.019053 (main=0.017799, smooth=0.062377) | lr=4.769287e-07 | time=112.07s
[Epoch 479] train=0.007128 (main=0.005945, smooth=0.058878) | val=0.019036 (main=0.017782, smooth=0.062385) | lr=4.346184e-07 | time=103.60s
[Epoch 480] train=0.007122 (main=0.005939, smooth=0.058875) | val=0.019073 (main=0.017819, smooth=0.062385) | lr=3.942649e-07 | time=101.17s
[Epoch 481] train=0.007137 (main=0.005953, smooth=0.058897) | val=0.019065 (main=0.017811, smooth=0.062385) | lr=3.558698e-07 | time=110.16s
[Epoch 482] train=0.007130 (main=0.005946, smooth=0.058905) | val=0.019080 (main=0.017826, smooth=0.062390) | lr=3.194345e-07 | time=102.78s
[Epoch 483] train=0.007127 (main=0.005944, smooth=0.058870) | val=0.019078 (main=0.017824, smooth=0.062387) | lr=2.849605e-07 | time=115.97s
[Epoch 484] train=0.007139 (main=0.005956, smooth=0.058894) | val=0.019077 (main=0.017823, smooth=0.062388) | lr=2.524492e-07 | time=107.77s
[Epoch 485] train=0.007136 (main=0.005952, smooth=0.058886) | val=0.019044 (main=0.017790, smooth=0.062388) | lr=2.219018e-07 | time=113.06s
[Epoch 486] train=0.007114 (main=0.005931, smooth=0.058864) | val=0.019059 (main=0.017805, smooth=0.062386) | lr=1.933195e-07 | time=112.44s
[Epoch 487] train=0.007124 (main=0.005941, smooth=0.058866) | val=0.019059 (main=0.017805, smooth=0.062389) | lr=1.667036e-07 | time=105.14s
[Epoch 488] train=0.007123 (main=0.005940, smooth=0.058859) | val=0.019056 (main=0.017802, smooth=0.062388) | lr=1.420550e-07 | time=110.38s
[Epoch 489] train=0.007121 (main=0.005937, smooth=0.058886) | val=0.019051 (main=0.017797, smooth=0.062388) | lr=1.193747e-07 | time=107.02s
[Epoch 490] train=0.007124 (main=0.005941, smooth=0.058867) | val=0.019063 (main=0.017809, smooth=0.062387) | lr=9.866358e-08 | time=111.42s
[Epoch 491] train=0.007122 (main=0.005939, smooth=0.058853) | val=0.019061 (main=0.017807, smooth=0.062389) | lr=7.992249e-08 | time=117.53s
[Epoch 492] train=0.007122 (main=0.005939, smooth=0.058879) | val=0.019059 (main=0.017805, smooth=0.062388) | lr=6.315217e-08 | time=109.96s
[Epoch 493] train=0.007123 (main=0.005939, smooth=0.058860) | val=0.019063 (main=0.017809, smooth=0.062389) | lr=4.835327e-08 | time=103.11s
[Epoch 494] train=0.007118 (main=0.005935, smooth=0.058831) | val=0.019069 (main=0.017815, smooth=0.062389) | lr=3.552637e-08 | time=104.56s
[Epoch 495] train=0.007111 (main=0.005928, smooth=0.058839) | val=0.019068 (main=0.017814, smooth=0.062388) | lr=2.467198e-08 | time=108.79s
[Epoch 496] train=0.007115 (main=0.005932, smooth=0.058848) | val=0.019072 (main=0.017818, smooth=0.062388) | lr=1.579054e-08 | time=91.33s
[Epoch 497] train=0.007113 (main=0.005931, smooth=0.058838) | val=0.019072 (main=0.017818, smooth=0.062388) | lr=8.882381e-09 | time=108.36s
[Epoch 498] train=0.007123 (main=0.005940, smooth=0.058881) | val=0.019072 (main=0.017818, smooth=0.062388) | lr=3.947790e-09 | time=112.56s
[Epoch 499] train=0.007120 (main=0.005936, smooth=0.058887) | val=0.019072 (main=0.017818, smooth=0.062388) | lr=9.869572e-10 | time=107.94s
[Epoch 500] train=0.007126 (main=0.005943, smooth=0.058876) | val=0.019072 (main=0.017818, smooth=0.062388) | lr=0.000000e+00 | time=116.34s
[INFO] Best epoch=1, best_val_loss=0.013571
[INFO] Test metrics | MAE=52.659790, RMSE=76.811180, R2=0.967181, MAPE=13.790563, valid_ratio=0.8937
[INFO] Prediction subplot groups (experiments): 5
[INFO] Training finished.
