[INFO] Start training with config:
{
  "data_root": "/home/cislab301b/peter/ORAN-Traffic-Prediction/Dataset/colosseum-oran-coloran-dataset",
  "train_dirs": [
    "tr0-9",
    "tr11-14",
    "tr16-27"
  ],
  "val_dirs": [
    "tr10"
  ],
  "test_dirs": [
    "tr15"
  ],
  "slice_type": "embb",
  "val_split": 0.2,
  "sequence_length": 30,
  "horizon": 1,
  "chunk_size": 64,
  "batch_size": 1024,
  "epochs": 100,
  "learning_rate": 0.0001,
  "weight_decay": 0.0,
  "scheduler": "cosine",
  "patience": 30,
  "seed": 42,
  "rnn_type": "lstm",
  "lstm_hidden": 128,
  "lstm_layers": 2,
  "lstm_dropout": 0.2,
  "d_model": 128,
  "n_heads": 4,
  "n_layers": 3,
  "dim_feedforward": 512,
  "vit_dropout": 0.2,
  "lambda_smooth": 0.0,
  "loss_type": "mse",
  "weight_alpha": 4.0,
  "weight_quantile": 0.9,
  "weight_upper_quantile": 0.99,
  "lambda_ref_iqr": 104.0,
  "disable_scale_aware_lambda": false,
  "num_workers": 0,
  "device": "auto",
  "output_dir": "/home/cislab301b/peter/ORAN-Traffic-Prediction/model8/results/embb_20260422_201528"
}
[INFO] Device: cuda
[INFO] Val trials (explicit): ['tr10']
[INFO] Slice=embb | train_csv=1810 | val_csv=95 | test_csv=68
[INFO] Loading train CSV files...
[INFO] Loading val CSV files...
[INFO] Loading test CSV files...
[INFO] Use explicit val dirs: train=1810 val=95 (--val_split ignored)
[INFO] Train feature non-zero ratio:
  - dl_buffer: 0.8416
  - ul_buffer: 0.0067
  - tx_brate: 0.8828
  - rx_brate: 0.3706
  - ul_sinr: 0.3041
  - dl_mcs: 0.8826
  - ul_mcs: 0.3041
  - phr: 0.3490
  - tx_pkts: 0.8828
  - rx_pkts: 0.3920
  - dl_cqi: 1.0000
  - rx_errors_ul: 0.2545
  - dl_n_samples: 0.8828
  - ul_n_samples: 0.3920
  - sum_requested_prbs: 0.1603
[INFO] Windows | train=3612577 val=187158 test=136464
[INFO] Input feature dimension: 15 (['dl_buffer', 'ul_buffer', 'tx_brate', 'rx_brate', 'ul_sinr', 'dl_mcs', 'ul_mcs', 'phr', 'tx_pkts', 'rx_pkts', 'dl_cqi', 'rx_errors_ul', 'dl_n_samples', 'ul_n_samples', 'sum_requested_prbs'])
[INFO] lambda_smooth | base=0.000000, effective=0.000000, target_iqr=2520.000000, multiplier=0.203150, scale_aware=on
/home/cislab301b/miniforge3/envs/peter/lib/python3.12/site-packages/torch/nn/modules/transformer.py:392: UserWarning: enable_nested_tensor is True, but self.use_nested_tensor is False because encoder_layer.norm_first was True
  warnings.warn(
[INFO] loss_type=mse (unweighted)
[Epoch 001] train=0.034671 (main=0.034671, smooth=0.089205) | val=0.018740 (main=0.018740, smooth=0.083432) | lr=9.997533e-05 | time=134.08s
[INFO] Saved new best checkpoint at epoch 1.
[Epoch 002] train=0.025389 (main=0.025389, smooth=0.079947) | val=0.017301 (main=0.017301, smooth=0.082668) | lr=9.990134e-05 | time=137.69s
[INFO] Saved new best checkpoint at epoch 2.
[Epoch 003] train=0.025186 (main=0.025186, smooth=0.076606) | val=0.017577 (main=0.017577, smooth=0.082523) | lr=9.977810e-05 | time=136.60s
[Epoch 004] train=0.024218 (main=0.024218, smooth=0.074561) | val=0.017913 (main=0.017913, smooth=0.082428) | lr=9.960574e-05 | time=136.51s
[Epoch 005] train=0.024169 (main=0.024169, smooth=0.072796) | val=0.020158 (main=0.020158, smooth=0.082285) | lr=9.938442e-05 | time=137.99s
[Epoch 006] train=0.023754 (main=0.023754, smooth=0.071579) | val=0.020685 (main=0.020685, smooth=0.082251) | lr=9.911436e-05 | time=138.24s
[Epoch 007] train=0.020532 (main=0.020532, smooth=0.071504) | val=0.022611 (main=0.022611, smooth=0.082723) | lr=9.879584e-05 | time=138.90s
[Epoch 008] train=0.018858 (main=0.018858, smooth=0.070387) | val=0.019501 (main=0.019501, smooth=0.082256) | lr=9.842916e-05 | time=139.16s
[Epoch 009] train=0.018353 (main=0.018353, smooth=0.069438) | val=0.025168 (main=0.025168, smooth=0.082431) | lr=9.801468e-05 | time=138.30s
[Epoch 010] train=0.018132 (main=0.018132, smooth=0.069048) | val=0.021518 (main=0.021518, smooth=0.082674) | lr=9.755283e-05 | time=134.81s
[Epoch 011] train=0.017891 (main=0.017891, smooth=0.068550) | val=0.022866 (main=0.022866, smooth=0.082206) | lr=9.704404e-05 | time=137.93s
[Epoch 012] train=0.017550 (main=0.017550, smooth=0.068240) | val=0.023763 (main=0.023763, smooth=0.082099) | lr=9.648882e-05 | time=136.16s
[Epoch 013] train=0.017451 (main=0.017451, smooth=0.067917) | val=0.020324 (main=0.020324, smooth=0.082229) | lr=9.588773e-05 | time=137.84s
[Epoch 014] train=0.017410 (main=0.017410, smooth=0.067613) | val=0.021373 (main=0.021373, smooth=0.082155) | lr=9.524135e-05 | time=140.82s
[Epoch 015] train=0.016885 (main=0.016885, smooth=0.067072) | val=0.019484 (main=0.019484, smooth=0.082221) | lr=9.455033e-05 | time=139.64s
[Epoch 016] train=0.016782 (main=0.016782, smooth=0.066829) | val=0.022570 (main=0.022570, smooth=0.082299) | lr=9.381533e-05 | time=139.89s
[Epoch 017] train=0.016605 (main=0.016605, smooth=0.066708) | val=0.019354 (main=0.019354, smooth=0.082117) | lr=9.303710e-05 | time=136.94s
[Epoch 018] train=0.016542 (main=0.016542, smooth=0.066587) | val=0.021395 (main=0.021395, smooth=0.082151) | lr=9.221640e-05 | time=138.23s
[Epoch 019] train=0.016208 (main=0.016208, smooth=0.066379) | val=0.023320 (main=0.023320, smooth=0.082246) | lr=9.135403e-05 | time=141.01s
[Epoch 020] train=0.016223 (main=0.016223, smooth=0.066267) | val=0.020415 (main=0.020415, smooth=0.082310) | lr=9.045085e-05 | time=140.27s
[Epoch 021] train=0.016154 (main=0.016154, smooth=0.066211) | val=0.022202 (main=0.022202, smooth=0.082346) | lr=8.950775e-05 | time=140.63s
[Epoch 022] train=0.016149 (main=0.016149, smooth=0.066000) | val=0.023953 (main=0.023953, smooth=0.082218) | lr=8.852566e-05 | time=136.00s
[Epoch 023] train=0.015966 (main=0.015966, smooth=0.065912) | val=0.021442 (main=0.021442, smooth=0.082205) | lr=8.750555e-05 | time=142.05s
[Epoch 024] train=0.015812 (main=0.015812, smooth=0.065751) | val=0.022036 (main=0.022036, smooth=0.082165) | lr=8.644843e-05 | time=138.02s
[Epoch 025] train=0.015755 (main=0.015755, smooth=0.065866) | val=0.022645 (main=0.022645, smooth=0.082150) | lr=8.535534e-05 | time=136.24s
[Epoch 026] train=0.015682 (main=0.015682, smooth=0.065744) | val=0.020756 (main=0.020756, smooth=0.082428) | lr=8.422736e-05 | time=144.95s
[Epoch 027] train=0.015605 (main=0.015605, smooth=0.065589) | val=0.022579 (main=0.022579, smooth=0.082258) | lr=8.306559e-05 | time=133.43s
[Epoch 028] train=0.015418 (main=0.015418, smooth=0.065577) | val=0.024009 (main=0.024009, smooth=0.082331) | lr=8.187120e-05 | time=137.60s
[Epoch 029] train=0.015443 (main=0.015443, smooth=0.065485) | val=0.021352 (main=0.021352, smooth=0.082258) | lr=8.064535e-05 | time=141.11s
[Epoch 030] train=0.015323 (main=0.015323, smooth=0.065497) | val=0.021209 (main=0.021209, smooth=0.082163) | lr=7.938926e-05 | time=141.43s
[Epoch 031] train=0.015201 (main=0.015201, smooth=0.065417) | val=0.024929 (main=0.024929, smooth=0.082150) | lr=7.810417e-05 | time=136.94s
[Epoch 032] train=0.015248 (main=0.015248, smooth=0.065380) | val=0.024345 (main=0.024345, smooth=0.082366) | lr=7.679134e-05 | time=138.45s
[INFO] Early stopping triggered at epoch 32.
[INFO] Best epoch=2, best_val_loss=0.017301
[INFO] Test metrics | MAE=137.248810, RMSE=200.177795, R2=0.963027, MAPE=6.988363, valid_ratio=0.8977
[INFO] Prediction subplot groups (experiments): 5
[INFO] Training finished.
