[INFO] Start training with config:
{
  "data_root": "/home/cislab301b/peter/ORAN-Traffic-Prediction/Dataset/colosseum-oran-coloran-dataset",
  "train_dirs": [
    "tr1-5",
    "tr7-14",
    "tr16-26"
  ],
  "val_dirs": [
    "tr0",
    "tr6",
    "tr27"
  ],
  "test_dirs": [
    "tr15"
  ],
  "slice_type": "embb",
  "val_split": 0.2,
  "sequence_length": 30,
  "horizon": 1,
  "chunk_size": 64,
  "batch_size": 1024,
  "epochs": 100,
  "learning_rate": 0.0001,
  "weight_decay": 0.0,
  "scheduler": "cosine",
  "patience": 50,
  "seed": 42,
  "rnn_type": "lstm",
  "lstm_hidden": 128,
  "lstm_layers": 2,
  "lstm_dropout": 0.2,
  "d_model": 128,
  "n_heads": 4,
  "n_layers": 3,
  "dim_feedforward": 512,
  "vit_dropout": 0.2,
  "lambda_smooth": 0.1,
  "loss_type": "mse",
  "weight_alpha": 4.0,
  "weight_quantile": 0.9,
  "weight_upper_quantile": 0.99,
  "lambda_ref_iqr": 104.0,
  "disable_scale_aware_lambda": false,
  "num_workers": 0,
  "device": "auto",
  "output_dir": "/home/cislab301b/peter/ORAN-Traffic-Prediction/model8/results/embb_20260421_195228"
}
[INFO] Device: cuda
[INFO] Val trials (explicit): ['tr0', 'tr6', 'tr27']
[INFO] Slice=embb | train_csv=1699 | val_csv=206 | test_csv=68
[INFO] Loading train CSV files...
[INFO] Loading val CSV files...
[INFO] Loading test CSV files...
[INFO] Use explicit val dirs: train=1699 val=206 (--val_split ignored)
[INFO] Train feature non-zero ratio:
  - dl_buffer: 0.8461
  - tx_brate: 0.8829
  - rx_brate: 0.3725
  - ul_sinr: 0.3043
  - dl_mcs: 0.8826
  - ul_mcs: 0.3043
  - phr: 0.3504
  - tx_pkts: 0.8829
  - rx_pkts: 0.3932
  - dl_cqi: 1.0000
  - rx_errors_ul: 0.2535
  - dl_n_samples: 0.8828
  - ul_n_samples: 0.3932
[INFO] Windows | train=3391963 val=407772 test=136464
[INFO] Input feature dimension: 13 (['dl_buffer', 'tx_brate', 'rx_brate', 'ul_sinr', 'dl_mcs', 'ul_mcs', 'phr', 'tx_pkts', 'rx_pkts', 'dl_cqi', 'rx_errors_ul', 'dl_n_samples', 'ul_n_samples'])
[INFO] lambda_smooth | base=0.100000, effective=0.020388, target_iqr=2502.000000, multiplier=0.203879, scale_aware=on
/home/cislab301b/miniforge3/envs/peter/lib/python3.12/site-packages/torch/nn/modules/transformer.py:392: UserWarning: enable_nested_tensor is True, but self.use_nested_tensor is False because encoder_layer.norm_first was True
  warnings.warn(
[INFO] loss_type=mse (unweighted)
[Epoch 001] train=0.020177 (main=0.018411, smooth=0.086616) | val=0.030933 (main=0.029492, smooth=0.070642) | lr=9.997533e-05 | time=133.02s
[INFO] Saved new best checkpoint at epoch 1.
[Epoch 002] train=0.012681 (main=0.011095, smooth=0.077758) | val=0.030836 (main=0.029398, smooth=0.070541) | lr=9.990134e-05 | time=129.67s
[INFO] Saved new best checkpoint at epoch 2.
[Epoch 003] train=0.011577 (main=0.010100, smooth=0.072484) | val=0.036917 (main=0.035477, smooth=0.070596) | lr=9.977810e-05 | time=129.23s
[Epoch 004] train=0.011191 (main=0.009768, smooth=0.069827) | val=0.040037 (main=0.038608, smooth=0.070114) | lr=9.960574e-05 | time=131.42s
[Epoch 005] train=0.010687 (main=0.009295, smooth=0.068267) | val=0.033933 (main=0.032504, smooth=0.070097) | lr=9.938442e-05 | time=130.39s
[Epoch 006] train=0.010475 (main=0.009105, smooth=0.067194) | val=0.039773 (main=0.038351, smooth=0.069786) | lr=9.911436e-05 | time=128.94s
[Epoch 007] train=0.010230 (main=0.008877, smooth=0.066333) | val=0.042113 (main=0.040697, smooth=0.069409) | lr=9.879584e-05 | time=126.35s
[Epoch 008] train=0.010122 (main=0.008779, smooth=0.065869) | val=0.043080 (main=0.041674, smooth=0.068987) | lr=9.842916e-05 | time=131.06s
[Epoch 009] train=0.009935 (main=0.008601, smooth=0.065442) | val=0.042982 (main=0.041576, smooth=0.068973) | lr=9.801468e-05 | time=132.59s
[Epoch 010] train=0.009941 (main=0.008612, smooth=0.065195) | val=0.045060 (main=0.043654, smooth=0.068981) | lr=9.755283e-05 | time=128.82s
[Epoch 011] train=0.009812 (main=0.008489, smooth=0.064919) | val=0.045155 (main=0.043758, smooth=0.068537) | lr=9.704404e-05 | time=128.78s
[Epoch 012] train=0.009822 (main=0.008502, smooth=0.064770) | val=0.042881 (main=0.041480, smooth=0.068714) | lr=9.648882e-05 | time=128.83s
[Epoch 013] train=0.009661 (main=0.008345, smooth=0.064546) | val=0.046914 (main=0.045519, smooth=0.068420) | lr=9.588773e-05 | time=134.44s
[Epoch 014] train=0.009609 (main=0.008296, smooth=0.064403) | val=0.042601 (main=0.041206, smooth=0.068424) | lr=9.524135e-05 | time=135.01s
[Epoch 015] train=0.009765 (main=0.008452, smooth=0.064368) | val=0.047510 (main=0.046113, smooth=0.068490) | lr=9.455033e-05 | time=130.89s
[Epoch 016] train=0.009532 (main=0.008223, smooth=0.064173) | val=0.044473 (main=0.043086, smooth=0.068011) | lr=9.381533e-05 | time=139.01s
[Epoch 017] train=0.009532 (main=0.008225, smooth=0.064107) | val=0.046321 (main=0.044930, smooth=0.068235) | lr=9.303710e-05 | time=130.75s
[Epoch 018] train=0.009512 (main=0.008207, smooth=0.064042) | val=0.044935 (main=0.043542, smooth=0.068307) | lr=9.221640e-05 | time=133.55s
[Epoch 019] train=0.009453 (main=0.008150, smooth=0.063912) | val=0.042652 (main=0.041265, smooth=0.068030) | lr=9.135403e-05 | time=132.54s
[Epoch 020] train=0.009431 (main=0.008130, smooth=0.063794) | val=0.043773 (main=0.042380, smooth=0.068355) | lr=9.045085e-05 | time=134.47s
[Epoch 021] train=0.009366 (main=0.008066, smooth=0.063762) | val=0.043620 (main=0.042229, smooth=0.068197) | lr=8.950775e-05 | time=132.08s
[Epoch 022] train=0.009390 (main=0.008092, smooth=0.063645) | val=0.040219 (main=0.038824, smooth=0.068423) | lr=8.852566e-05 | time=137.01s
[Epoch 023] train=0.009286 (main=0.007990, smooth=0.063552) | val=0.042172 (main=0.040788, smooth=0.067875) | lr=8.750555e-05 | time=133.02s
[Epoch 024] train=0.009297 (main=0.008002, smooth=0.063558) | val=0.042017 (main=0.040630, smooth=0.068039) | lr=8.644843e-05 | time=137.35s
[Epoch 025] train=0.009250 (main=0.007957, smooth=0.063383) | val=0.043288 (main=0.041901, smooth=0.068066) | lr=8.535534e-05 | time=135.06s
[Epoch 026] train=0.009237 (main=0.007947, smooth=0.063277) | val=0.044492 (main=0.043110, smooth=0.067810) | lr=8.422736e-05 | time=134.08s
[Epoch 027] train=0.009247 (main=0.007957, smooth=0.063252) | val=0.044913 (main=0.043526, smooth=0.068019) | lr=8.306559e-05 | time=133.10s
[Epoch 028] train=0.009192 (main=0.007903, smooth=0.063215) | val=0.041473 (main=0.040090, smooth=0.067812) | lr=8.187120e-05 | time=133.90s
[Epoch 029] train=0.009212 (main=0.007924, smooth=0.063185) | val=0.044070 (main=0.042683, smooth=0.068042) | lr=8.064535e-05 | time=133.43s
[Epoch 030] train=0.009167 (main=0.007881, smooth=0.063073) | val=0.044223 (main=0.042845, smooth=0.067583) | lr=7.938926e-05 | time=134.59s
[Epoch 031] train=0.009151 (main=0.007866, smooth=0.063003) | val=0.043181 (main=0.041796, smooth=0.067918) | lr=7.810417e-05 | time=132.13s
[Epoch 032] train=0.009124 (main=0.007839, smooth=0.063025) | val=0.044604 (main=0.043219, smooth=0.067930) | lr=7.679134e-05 | time=130.20s
[Epoch 033] train=0.009097 (main=0.007814, smooth=0.062952) | val=0.042888 (main=0.041510, smooth=0.067569) | lr=7.545207e-05 | time=135.24s
[Epoch 034] train=0.009150 (main=0.007867, smooth=0.062947) | val=0.043797 (main=0.042421, smooth=0.067460) | lr=7.408768e-05 | time=132.76s
[Epoch 035] train=0.009194 (main=0.007909, smooth=0.062990) | val=0.043955 (main=0.042572, smooth=0.067834) | lr=7.269952e-05 | time=133.34s
[Epoch 036] train=0.009061 (main=0.007780, smooth=0.062842) | val=0.046621 (main=0.045243, smooth=0.067595) | lr=7.128896e-05 | time=137.01s
[Epoch 037] train=0.009065 (main=0.007783, smooth=0.062845) | val=0.045589 (main=0.044212, smooth=0.067522) | lr=6.985739e-05 | time=137.60s
[Epoch 038] train=0.009077 (main=0.007797, smooth=0.062791) | val=0.044646 (main=0.043272, smooth=0.067413) | lr=6.840623e-05 | time=137.52s
[Epoch 039] train=0.008997 (main=0.007718, smooth=0.062711) | val=0.045661 (main=0.044286, smooth=0.067457) | lr=6.693690e-05 | time=138.05s
[Epoch 040] train=0.009003 (main=0.007725, smooth=0.062678) | val=0.045344 (main=0.043967, smooth=0.067556) | lr=6.545085e-05 | time=130.16s
[Epoch 041] train=0.008961 (main=0.007684, smooth=0.062663) | val=0.046105 (main=0.044726, smooth=0.067626) | lr=6.394956e-05 | time=136.00s
[Epoch 042] train=0.008966 (main=0.007688, smooth=0.062662) | val=0.046782 (main=0.045405, smooth=0.067524) | lr=6.243449e-05 | time=132.32s
[Epoch 043] train=0.008939 (main=0.007662, smooth=0.062630) | val=0.045887 (main=0.044513, smooth=0.067386) | lr=6.090716e-05 | time=136.50s
[Epoch 044] train=0.008942 (main=0.007666, smooth=0.062560) | val=0.047142 (main=0.045764, smooth=0.067580) | lr=5.936907e-05 | time=134.45s
[Epoch 045] train=0.008902 (main=0.007628, smooth=0.062504) | val=0.048721 (main=0.047341, smooth=0.067666) | lr=5.782172e-05 | time=137.42s
[Epoch 046] train=0.008924 (main=0.007650, smooth=0.062496) | val=0.047225 (main=0.045849, smooth=0.067497) | lr=5.626666e-05 | time=133.98s
[Epoch 047] train=0.008893 (main=0.007620, smooth=0.062454) | val=0.046398 (main=0.045021, smooth=0.067546) | lr=5.470542e-05 | time=138.85s
[Epoch 048] train=0.008889 (main=0.007616, smooth=0.062446) | val=0.043532 (main=0.042157, smooth=0.067450) | lr=5.313953e-05 | time=135.94s
[Epoch 049] train=0.008855 (main=0.007582, smooth=0.062402) | val=0.044465 (main=0.043087, smooth=0.067597) | lr=5.157054e-05 | time=136.59s
[Epoch 050] train=0.008893 (main=0.007621, smooth=0.062388) | val=0.046164 (main=0.044791, smooth=0.067388) | lr=5.000000e-05 | time=132.33s
[Epoch 051] train=0.008862 (main=0.007591, smooth=0.062344) | val=0.047149 (main=0.045767, smooth=0.067751) | lr=4.842946e-05 | time=133.10s
[Epoch 052] train=0.008838 (main=0.007568, smooth=0.062303) | val=0.044163 (main=0.042787, smooth=0.067534) | lr=4.686047e-05 | time=134.17s
[INFO] Early stopping triggered at epoch 52.
[INFO] Best epoch=2, best_val_loss=0.030836
[INFO] Test metrics | MAE=121.759682, RMSE=166.222168, R2=0.974506, MAPE=7.163297, valid_ratio=0.8977
[INFO] Prediction subplot groups (experiments): 5
[INFO] Training finished.
