[INFO] Start training with config:
{
  "data_root": "/home/cislab301b/peter/ORAN-Traffic-Prediction/Dataset/colosseum-oran-coloran-dataset",
  "train_dirs": [
    "tr0-26"
  ],
  "test_dirs": [
    "tr27"
  ],
  "slice_type": "mmtc",
  "val_split": 0.2,
  "sequence_length": 15,
  "horizon": 1,
  "chunk_size": 64,
  "batch_size": 1024,
  "epochs": 80,
  "learning_rate": 0.0001,
  "weight_decay": 0.0,
  "scheduler": "none",
  "patience": 0,
  "seed": 42,
  "rnn_type": "lstm",
  "lstm_hidden": 128,
  "lstm_layers": 2,
  "lstm_dropout": 0.3,
  "d_model": 128,
  "n_heads": 4,
  "n_layers": 3,
  "dim_feedforward": 512,
  "vit_dropout": 0.3,
  "lambda_smooth": 0.03,
  "loss_type": "weighted_mse",
  "weight_alpha": 4.0,
  "weight_quantile": 0.9,
  "weight_upper_quantile": 0.99,
  "lambda_ref_iqr": 104.0,
  "disable_scale_aware_lambda": true,
  "num_workers": 0,
  "device": "auto",
  "output_dir": "/home/cislab301b/peter/ORAN-Traffic-Prediction/model8/results/mmtc_20260415_172042"
}
[INFO] Device: cuda
[INFO] Slice=mmtc | train_csv=1916 | test_csv=69
[INFO] Loading train CSV files...
[INFO] Loading test CSV files...
[INFO] Split train/val by CSV: train=1533 val=383
[INFO] Train feature non-zero ratio:
  - dl_buffer: 0.0563
  - tx_brate: 0.8832
  - rx_brate: 0.2665
  - ul_sinr: 0.2494
  - dl_mcs: 0.8809
  - ul_mcs: 0.2494
  - phr: 0.2497
  - tx_pkts: 0.8832
  - rx_pkts: 0.2928
  - dl_cqi: 1.0000
  - rx_errors_ul: 0.1714
  - dl_n_samples: 0.8832
  - ul_n_samples: 0.2928
[INFO] Windows | train=3064217 val=769522 test=140979
[INFO] Input feature dimension: 13 (['dl_buffer', 'tx_brate', 'rx_brate', 'ul_sinr', 'dl_mcs', 'ul_mcs', 'phr', 'tx_pkts', 'rx_pkts', 'dl_cqi', 'rx_errors_ul', 'dl_n_samples', 'ul_n_samples'])
[INFO] lambda_smooth | base=0.030000, effective=0.030000, target_iqr=51.000000, multiplier=1.000000, scale_aware=off
/home/cislab301b/miniforge3/envs/peter/lib/python3.12/site-packages/torch/nn/modules/transformer.py:392: UserWarning: enable_nested_tensor is True, but self.use_nested_tensor is False because encoder_layer.norm_first was True
  warnings.warn(
[INFO] weighted_mse | q_low(q0.90)=1.411765, q_high(q0.99)=5.117647, alpha=4.00 (weight in [1, 5.00])
[Epoch 001] train=70.716167 (main=70.688748, smooth=0.913956) | val=19.919444 (main=19.892930, smooth=0.883815) | lr=1.000000e-04 | time=46.98s
[INFO] Saved new best checkpoint at epoch 1.
[Epoch 002] train=51.410153 (main=51.382319, smooth=0.927767) | val=16.474735 (main=16.448171, smooth=0.885471) | lr=1.000000e-04 | time=49.71s
[INFO] Saved new best checkpoint at epoch 2.
[Epoch 003] train=46.563264 (main=46.535476, smooth=0.926262) | val=21.493904 (main=21.467275, smooth=0.887593) | lr=1.000000e-04 | time=47.55s
[Epoch 004] train=56.175711 (main=56.148074, smooth=0.921230) | val=18.534854 (main=18.508627, smooth=0.874252) | lr=1.000000e-04 | time=53.03s
[Epoch 005] train=46.679716 (main=46.652146, smooth=0.919014) | val=17.810961 (main=17.784296, smooth=0.888829) | lr=1.000000e-04 | time=86.41s
