[INFO] Start training with config:
{
  "data_root": "/home/cislab301b/peter/ORAN-Traffic-Prediction/Dataset/colosseum-oran-coloran-dataset",
  "train_dirs": [
    "tr0-26"
  ],
  "test_dirs": [
    "tr27"
  ],
  "slice_type": "urllc",
  "val_split": 0.2,
  "sequence_length": 15,
  "horizon": 1,
  "chunk_size": 64,
  "batch_size": 1024,
  "epochs": 80,
  "learning_rate": 0.0001,
  "weight_decay": 0.0,
  "scheduler": "cosine",
  "patience": 20,
  "seed": 42,
  "rnn_type": "lstm",
  "lstm_hidden": 128,
  "lstm_layers": 2,
  "lstm_dropout": 0.3,
  "d_model": 128,
  "n_heads": 4,
  "n_layers": 3,
  "dim_feedforward": 512,
  "vit_dropout": 0.3,
  "lambda_smooth": 0.03,
  "loss_type": "weighted_mse",
  "weight_alpha": 1.5,
  "weight_quantile": 0.9,
  "weight_upper_quantile": 0.99,
  "lambda_ref_iqr": 104.0,
  "disable_scale_aware_lambda": true,
  "num_workers": 0,
  "device": "auto",
  "output_dir": "/home/cislab301b/peter/ORAN-Traffic-Prediction/model8/results/urllc_20260416_161905"
}
[INFO] Device: cuda
[INFO] Slice=urllc | train_csv=1896 | test_csv=67
[INFO] Loading train CSV files...
[INFO] Loading test CSV files...
[INFO] Split train/val by CSV: train=1517 val=379
[INFO] Train feature non-zero ratio:
  - dl_buffer: 0.0902
  - tx_brate: 0.8815
  - rx_brate: 0.2698
  - ul_sinr: 0.2542
  - dl_mcs: 0.8812
  - ul_mcs: 0.2542
  - phr: 0.2505
  - tx_pkts: 0.8815
  - rx_pkts: 0.3007
  - dl_cqi: 1.0000
  - rx_errors_ul: 0.1798
  - dl_n_samples: 0.8815
  - ul_n_samples: 0.3007
[INFO] Windows | train=3068069 val=774066 test=137173
[INFO] Input feature dimension: 13 (['dl_buffer', 'tx_brate', 'rx_brate', 'ul_sinr', 'dl_mcs', 'ul_mcs', 'phr', 'tx_pkts', 'rx_pkts', 'dl_cqi', 'rx_errors_ul', 'dl_n_samples', 'ul_n_samples'])
[INFO] lambda_smooth | base=0.030000, effective=0.030000, target_iqr=104.000000, multiplier=1.000000, scale_aware=off
/home/cislab301b/miniforge3/envs/peter/lib/python3.12/site-packages/torch/nn/modules/transformer.py:392: UserWarning: enable_nested_tensor is True, but self.use_nested_tensor is False because encoder_layer.norm_first was True
  warnings.warn(
[INFO] weighted_mse | q_low(q0.90)=1.596154, q_high(q0.99)=5.192307, alpha=1.50 (weight in [1, 2.50])
[Epoch 001] train=7.785902 (main=7.760932, smooth=0.832337) | val=2.638621 (main=2.614686, smooth=0.797816) | lr=9.996145e-05 | time=91.95s
[INFO] Saved new best checkpoint at epoch 1.
[Epoch 002] train=6.498078 (main=6.472987, smooth=0.836377) | val=2.800192 (main=2.776099, smooth=0.803104) | lr=9.984587e-05 | time=94.32s
[Epoch 003] train=6.569754 (main=6.544737, smooth=0.833891) | val=2.736663 (main=2.712650, smooth=0.800442) | lr=9.965342e-05 | time=109.34s
[Epoch 004] train=6.428721 (main=6.403731, smooth=0.833012) | val=2.357119 (main=2.333061, smooth=0.801933) | lr=9.938442e-05 | time=95.64s
[INFO] Saved new best checkpoint at epoch 4.
[Epoch 005] train=6.378391 (main=6.353488, smooth=0.830096) | val=2.385909 (main=2.361968, smooth=0.798041) | lr=9.903926e-05 | time=99.87s
[Epoch 006] train=6.379396 (main=6.354529, smooth=0.828907) | val=2.451128 (main=2.427067, smooth=0.802019) | lr=9.861850e-05 | time=104.22s
[Epoch 007] train=6.295118 (main=6.270344, smooth=0.825812) | val=2.301363 (main=2.277165, smooth=0.806593) | lr=9.812276e-05 | time=104.59s
[INFO] Saved new best checkpoint at epoch 7.
[Epoch 008] train=6.357780 (main=6.333050, smooth=0.824333) | val=2.619690 (main=2.595653, smooth=0.801249) | lr=9.755283e-05 | time=97.19s
[Epoch 009] train=6.395732 (main=6.371021, smooth=0.823687) | val=2.230596 (main=2.206639, smooth=0.798539) | lr=9.690957e-05 | time=103.23s
[INFO] Saved new best checkpoint at epoch 9.
[Epoch 010] train=6.288716 (main=6.263983, smooth=0.824438) | val=2.427041 (main=2.402925, smooth=0.803869) | lr=9.619398e-05 | time=108.60s
[Epoch 011] train=6.344967 (main=6.320283, smooth=0.822797) | val=2.486178 (main=2.462202, smooth=0.799201) | lr=9.540716e-05 | time=106.36s
[Epoch 012] train=6.310892 (main=6.286219, smooth=0.822418) | val=2.557955 (main=2.533969, smooth=0.799523) | lr=9.455033e-05 | time=107.55s
[Epoch 013] train=6.320981 (main=6.296304, smooth=0.822577) | val=2.495156 (main=2.471122, smooth=0.801150) | lr=9.362480e-05 | time=99.16s
[Epoch 014] train=6.337016 (main=6.312332, smooth=0.822797) | val=2.551059 (main=2.527066, smooth=0.799792) | lr=9.263201e-05 | time=93.78s
[Epoch 015] train=6.274343 (main=6.249691, smooth=0.821745) | val=2.207366 (main=2.183335, smooth=0.801053) | lr=9.157348e-05 | time=92.43s
[INFO] Saved new best checkpoint at epoch 15.
[Epoch 016] train=6.295099 (main=6.270427, smooth=0.822415) | val=2.418194 (main=2.394008, smooth=0.806191) | lr=9.045085e-05 | time=99.70s
[Epoch 017] train=6.306727 (main=6.282058, smooth=0.822295) | val=2.217837 (main=2.193827, smooth=0.800344) | lr=8.926585e-05 | time=108.41s
[Epoch 018] train=6.302248 (main=6.277592, smooth=0.821841) | val=2.708465 (main=2.684394, smooth=0.802356) | lr=8.802030e-05 | time=97.48s
[Epoch 019] train=6.316906 (main=6.292240, smooth=0.822201) | val=2.317100 (main=2.293005, smooth=0.803161) | lr=8.671613e-05 | time=102.41s
[Epoch 020] train=6.293073 (main=6.268454, smooth=0.820631) | val=2.674240 (main=2.650147, smooth=0.803126) | lr=8.535534e-05 | time=107.61s
[Epoch 021] train=6.601212 (main=6.576580, smooth=0.821082) | val=2.511422 (main=2.487452, smooth=0.799019) | lr=8.394004e-05 | time=94.45s
[Epoch 022] train=6.265864 (main=6.241217, smooth=0.821585) | val=2.341739 (main=2.317541, smooth=0.806633) | lr=8.247240e-05 | time=69.83s
[Epoch 023] train=6.251044 (main=6.226434, smooth=0.820324) | val=2.469563 (main=2.445496, smooth=0.802238) | lr=8.095470e-05 | time=67.91s
[Epoch 024] train=6.278183 (main=6.253578, smooth=0.820148) | val=2.290955 (main=2.266736, smooth=0.807303) | lr=7.938926e-05 | time=75.59s
[Epoch 025] train=6.251753 (main=6.227148, smooth=0.820160) | val=2.433667 (main=2.409577, smooth=0.802990) | lr=7.777851e-05 | time=69.52s
[Epoch 026] train=6.234840 (main=6.210252, smooth=0.819600) | val=2.650452 (main=2.626298, smooth=0.805137) | lr=7.612493e-05 | time=72.34s
[Epoch 027] train=6.227233 (main=6.202626, smooth=0.820232) | val=2.374784 (main=2.350661, smooth=0.804103) | lr=7.443106e-05 | time=75.11s
[Epoch 028] train=6.255323 (main=6.230734, smooth=0.819622) | val=2.220397 (main=2.196233, smooth=0.805485) | lr=7.269952e-05 | time=75.17s
[Epoch 029] train=6.197580 (main=6.173014, smooth=0.818843) | val=2.830946 (main=2.806817, smooth=0.804302) | lr=7.093299e-05 | time=73.26s
[Epoch 030] train=6.186528 (main=6.161942, smooth=0.819535) | val=2.204703 (main=2.180599, smooth=0.803451) | lr=6.913417e-05 | time=70.42s
[INFO] Saved new best checkpoint at epoch 30.
[Epoch 031] train=6.232631 (main=6.208070, smooth=0.818676) | val=2.475439 (main=2.451367, smooth=0.802417) | lr=6.730585e-05 | time=74.24s
[Epoch 032] train=6.190254 (main=6.165676, smooth=0.819264) | val=2.410158 (main=2.386012, smooth=0.804876) | lr=6.545085e-05 | time=71.15s
[Epoch 033] train=6.200451 (main=6.175869, smooth=0.819382) | val=2.250166 (main=2.226061, smooth=0.803509) | lr=6.357202e-05 | time=70.85s
[Epoch 034] train=6.170802 (main=6.146245, smooth=0.818551) | val=2.607737 (main=2.583592, smooth=0.804820) | lr=6.167227e-05 | time=72.61s
[Epoch 035] train=6.194819 (main=6.170230, smooth=0.819623) | val=2.436973 (main=2.412881, smooth=0.803083) | lr=5.975452e-05 | time=75.97s
[Epoch 036] train=6.168886 (main=6.144336, smooth=0.818319) | val=2.505436 (main=2.481444, smooth=0.799716) | lr=5.782172e-05 | time=69.41s
[Epoch 037] train=6.212680 (main=6.188133, smooth=0.818250) | val=2.454811 (main=2.430688, smooth=0.804122) | lr=5.587687e-05 | time=49.57s
[Epoch 038] train=6.149581 (main=6.125026, smooth=0.818508) | val=2.292976 (main=2.268792, smooth=0.806135) | lr=5.392295e-05 | time=48.06s
[Epoch 039] train=6.179728 (main=6.155177, smooth=0.818365) | val=2.430775 (main=2.406734, smooth=0.801354) | lr=5.196299e-05 | time=50.95s
[Epoch 040] train=6.195659 (main=6.171115, smooth=0.818121) | val=2.397395 (main=2.373166, smooth=0.807643) | lr=5.000000e-05 | time=51.74s
[Epoch 041] train=6.172591 (main=6.148046, smooth=0.818156) | val=2.405121 (main=2.380869, smooth=0.808379) | lr=4.803701e-05 | time=49.82s
[Epoch 042] train=6.142723 (main=6.118169, smooth=0.818474) | val=2.684498 (main=2.660304, smooth=0.806480) | lr=4.607705e-05 | time=51.03s
[Epoch 043] train=6.178649 (main=6.154099, smooth=0.818324) | val=2.536445 (main=2.512362, smooth=0.802766) | lr=4.412313e-05 | time=49.12s
[Epoch 044] train=6.178776 (main=6.154240, smooth=0.817851) | val=2.353545 (main=2.329346, smooth=0.806621) | lr=4.217828e-05 | time=48.93s
[Epoch 045] train=6.087556 (main=6.063017, smooth=0.817972) | val=2.850110 (main=2.825939, smooth=0.805678) | lr=4.024548e-05 | time=48.04s
[Epoch 046] train=6.231954 (main=6.207405, smooth=0.818293) | val=2.415563 (main=2.391438, smooth=0.804164) | lr=3.832773e-05 | time=48.86s
[Epoch 047] train=6.129034 (main=6.104503, smooth=0.817715) | val=2.414767 (main=2.390636, smooth=0.804363) | lr=3.642798e-05 | time=48.94s
[Epoch 048] train=6.113508 (main=6.088967, smooth=0.818038) | val=2.249401 (main=2.225371, smooth=0.800993) | lr=3.454915e-05 | time=49.26s
[Epoch 049] train=6.133687 (main=6.109166, smooth=0.817381) | val=2.242530 (main=2.218391, smooth=0.804606) | lr=3.269415e-05 | time=51.46s
[Epoch 050] train=6.148374 (main=6.123856, smooth=0.817294) | val=2.342396 (main=2.318293, smooth=0.803444) | lr=3.086583e-05 | time=53.20s
[INFO] Early stopping triggered at epoch 50.
[INFO] Best epoch=30, best_val_loss=2.204703
[INFO] Test metrics | MAE=69.040100, RMSE=105.417694, R2=0.201549, MAPE=38.219082, valid_ratio=0.8903
[INFO] Prediction subplot groups (experiments): 5
[INFO] Training finished.
