[INFO] Start training with config:
{
  "data_root": "/home/cislab301b/peter/ORAN-Traffic-Prediction/Dataset/colosseum-oran-coloran-dataset",
  "train_dirs": [
    "tr0-26"
  ],
  "test_dirs": [
    "tr27"
  ],
  "slice_type": "urllc",
  "val_split": 0.2,
  "sequence_length": 15,
  "horizon": 1,
  "chunk_size": 64,
  "batch_size": 1024,
  "epochs": 1,
  "learning_rate": 0.0001,
  "weight_decay": 0.0,
  "scheduler": "cosine",
  "patience": 1,
  "seed": 42,
  "rnn_type": "lstm",
  "lstm_hidden": 128,
  "lstm_layers": 2,
  "lstm_dropout": 0.2,
  "d_model": 128,
  "n_heads": 4,
  "n_layers": 3,
  "dim_feedforward": 512,
  "vit_dropout": 0.2,
  "lambda_smooth": 0.1,
  "disable_scale_aware_lambda": false,
  "num_workers": 0,
  "device": "auto",
  "output_dir": "/home/cislab301b/peter/ORAN-Traffic-Prediction/model8/results/urllc_20260414_170607"
}
[INFO] Device: cuda
[INFO] Slice=urllc | train_csv=1896 | test_csv=67
[INFO] Loading train CSV files...
[INFO] Loading test CSV files...
[INFO] Split train/val by CSV: train=1517 val=379
[INFO] Train feature non-zero ratio:
  - dl_buffer: 0.0902
  - tx_brate: 0.8815
  - rx_brate: 0.2698
  - ul_sinr: 0.2542
  - dl_mcs: 0.8812
  - ul_mcs: 0.2542
  - phr: 0.2505
  - tx_pkts: 0.8815
  - rx_pkts: 0.3007
  - dl_cqi: 1.0000
  - rx_errors_ul: 0.1798
  - dl_n_samples: 0.8815
  - ul_n_samples: 0.3007
[INFO] Windows | train=3068069 val=774066 test=137173
[INFO] Input feature dimension: 13 (['dl_buffer', 'tx_brate', 'rx_brate', 'ul_sinr', 'dl_mcs', 'ul_mcs', 'phr', 'tx_pkts', 'rx_pkts', 'dl_cqi', 'rx_errors_ul', 'dl_n_samples', 'ul_n_samples'])
[INFO] lambda_smooth | base=0.100000, effective=0.100000, target_iqr=104.000000, multiplier=1.000000, scale_aware=on
/home/cislab301b/miniforge3/envs/peter/lib/python3.12/site-packages/torch/nn/modules/transformer.py:392: UserWarning: enable_nested_tensor is True, but self.use_nested_tensor is False because encoder_layer.norm_first was True
  warnings.warn(
[Epoch 001] train=3.667297 (main=3.586515, smooth=0.807823) | val=1.585458 (main=1.506503, smooth=0.789547) | lr=0.000000e+00 | time=71.87s
[INFO] Saved new best checkpoint at epoch 1.
[INFO] Best epoch=1, best_val_loss=1.585458
[INFO] Test metrics | MAE=66.889130, RMSE=106.241821, R2=0.189016, MAPE=35.471119, valid_ratio=0.8903
[INFO] Prediction subplot groups (experiments): 5
[INFO] Training finished.
