[INFO] Start training with config:
{
  "data_root": "/home/cislab301b/peter/ORAN-Traffic-Prediction/Dataset/colosseum-oran-coloran-dataset",
  "train_dirs": [
    "tr0-9",
    "tr11-14",
    "tr16-27"
  ],
  "val_dirs": [
    "tr10"
  ],
  "test_dirs": [
    "tr15"
  ],
  "slice_type": "embb",
  "val_split": 0.2,
  "sequence_length": 30,
  "horizon": 1,
  "chunk_size": 64,
  "batch_size": 1024,
  "epochs": 100,
  "learning_rate": 0.0001,
  "weight_decay": 0.0,
  "scheduler": "cosine",
  "patience": 30,
  "seed": 42,
  "rnn_type": "lstm",
  "lstm_hidden": 128,
  "lstm_layers": 2,
  "lstm_dropout": 0.2,
  "d_model": 128,
  "n_heads": 4,
  "n_layers": 3,
  "dim_feedforward": 512,
  "vit_dropout": 0.2,
  "lambda_smooth": 0.0,
  "loss_type": "mse",
  "weight_alpha": 4.0,
  "weight_quantile": 0.9,
  "weight_upper_quantile": 0.99,
  "lambda_ref_iqr": 104.0,
  "disable_scale_aware_lambda": false,
  "num_workers": 0,
  "device": "auto",
  "output_dir": "/home/cislab301b/peter/ORAN-Traffic-Prediction/model8/results/embb_20260422_180025"
}
[INFO] Device: cuda
[INFO] Val trials (explicit): ['tr10']
[INFO] Slice=embb | train_csv=1810 | val_csv=95 | test_csv=68
[INFO] Loading train CSV files...
[INFO] Loading val CSV files...
[INFO] Loading test CSV files...
[INFO] Use explicit val dirs: train=1810 val=95 (--val_split ignored)
[INFO] Train feature non-zero ratio:
  - dl_buffer: 0.8416
  - tx_brate: 0.8828
  - rx_brate: 0.3706
  - ul_sinr: 0.3041
  - dl_mcs: 0.8826
  - ul_mcs: 0.3041
  - phr: 0.3490
  - tx_pkts: 0.8828
  - rx_pkts: 0.3920
  - dl_cqi: 1.0000
  - rx_errors_ul: 0.2545
  - dl_n_samples: 0.8828
  - ul_n_samples: 0.3920
[INFO] Windows | train=3612577 val=187158 test=136464
[INFO] Input feature dimension: 13 (['dl_buffer', 'tx_brate', 'rx_brate', 'ul_sinr', 'dl_mcs', 'ul_mcs', 'phr', 'tx_pkts', 'rx_pkts', 'dl_cqi', 'rx_errors_ul', 'dl_n_samples', 'ul_n_samples'])
[INFO] lambda_smooth | base=0.000000, effective=0.000000, target_iqr=2520.000000, multiplier=0.203150, scale_aware=on
/home/cislab301b/miniforge3/envs/peter/lib/python3.12/site-packages/torch/nn/modules/transformer.py:392: UserWarning: enable_nested_tensor is True, but self.use_nested_tensor is False because encoder_layer.norm_first was True
  warnings.warn(
[INFO] loss_type=mse (unweighted)
[Epoch 001] train=0.020468 (main=0.020468, smooth=0.086602) | val=0.013760 (main=0.013760, smooth=0.083415) | lr=9.997533e-05 | time=98.50s
[INFO] Saved new best checkpoint at epoch 1.
[Epoch 002] train=0.012830 (main=0.012830, smooth=0.078122) | val=0.012034 (main=0.012034, smooth=0.083129) | lr=9.990134e-05 | time=139.48s
[INFO] Saved new best checkpoint at epoch 2.
[Epoch 003] train=0.012110 (main=0.012110, smooth=0.073775) | val=0.018251 (main=0.018251, smooth=0.082944) | lr=9.977810e-05 | time=147.92s
[Epoch 004] train=0.011538 (main=0.011538, smooth=0.070949) | val=0.015531 (main=0.015531, smooth=0.082764) | lr=9.960574e-05 | time=146.57s
[Epoch 005] train=0.011138 (main=0.011138, smooth=0.069305) | val=0.023332 (main=0.023332, smooth=0.082493) | lr=9.938442e-05 | time=148.76s
[Epoch 006] train=0.010863 (main=0.010863, smooth=0.068027) | val=0.019107 (main=0.019107, smooth=0.082199) | lr=9.911436e-05 | time=128.17s
[Epoch 007] train=0.010749 (main=0.010749, smooth=0.067197) | val=0.019598 (main=0.019598, smooth=0.082317) | lr=9.879584e-05 | time=140.66s
[Epoch 008] train=0.010464 (main=0.010464, smooth=0.066487) | val=0.018558 (main=0.018558, smooth=0.082103) | lr=9.842916e-05 | time=143.33s
[Epoch 009] train=0.010333 (main=0.010333, smooth=0.065926) | val=0.026207 (main=0.026207, smooth=0.081871) | lr=9.801468e-05 | time=141.68s
[Epoch 010] train=0.010339 (main=0.010339, smooth=0.065689) | val=0.023047 (main=0.023047, smooth=0.082126) | lr=9.755283e-05 | time=141.13s
[Epoch 011] train=0.010200 (main=0.010200, smooth=0.065310) | val=0.022284 (main=0.022284, smooth=0.081514) | lr=9.704404e-05 | time=138.13s
[Epoch 012] train=0.010181 (main=0.010181, smooth=0.065076) | val=0.022152 (main=0.022152, smooth=0.081474) | lr=9.648882e-05 | time=139.33s
[Epoch 013] train=0.010069 (main=0.010069, smooth=0.064871) | val=0.022881 (main=0.022881, smooth=0.081582) | lr=9.588773e-05 | time=142.92s
[Epoch 014] train=0.010015 (main=0.010015, smooth=0.064646) | val=0.019161 (main=0.019161, smooth=0.081326) | lr=9.524135e-05 | time=138.84s
[Epoch 015] train=0.009905 (main=0.009905, smooth=0.064419) | val=0.022397 (main=0.022397, smooth=0.081430) | lr=9.455033e-05 | time=142.40s
[Epoch 016] train=0.009820 (main=0.009820, smooth=0.064282) | val=0.021079 (main=0.021079, smooth=0.081130) | lr=9.381533e-05 | time=140.28s
[Epoch 017] train=0.009759 (main=0.009759, smooth=0.064114) | val=0.018852 (main=0.018852, smooth=0.081281) | lr=9.303710e-05 | time=141.22s
[Epoch 018] train=0.009802 (main=0.009802, smooth=0.064110) | val=0.022027 (main=0.022027, smooth=0.081376) | lr=9.221640e-05 | time=140.79s
[Epoch 019] train=0.009743 (main=0.009743, smooth=0.064046) | val=0.020992 (main=0.020992, smooth=0.081187) | lr=9.135403e-05 | time=139.85s
[Epoch 020] train=0.009658 (main=0.009658, smooth=0.063854) | val=0.018612 (main=0.018612, smooth=0.080804) | lr=9.045085e-05 | time=146.77s
[Epoch 021] train=0.009819 (main=0.009819, smooth=0.063856) | val=0.020502 (main=0.020502, smooth=0.080845) | lr=8.950775e-05 | time=139.95s
[Epoch 022] train=0.009583 (main=0.009583, smooth=0.063741) | val=0.022517 (main=0.022517, smooth=0.080798) | lr=8.852566e-05 | time=139.20s
[Epoch 023] train=0.009770 (main=0.009770, smooth=0.063909) | val=0.020136 (main=0.020136, smooth=0.080833) | lr=8.750555e-05 | time=144.93s
[Epoch 024] train=0.009635 (main=0.009635, smooth=0.063728) | val=0.021214 (main=0.021214, smooth=0.080919) | lr=8.644843e-05 | time=145.16s
[Epoch 025] train=0.009548 (main=0.009548, smooth=0.063639) | val=0.020057 (main=0.020057, smooth=0.080845) | lr=8.535534e-05 | time=113.33s
[Epoch 026] train=0.009592 (main=0.009592, smooth=0.063556) | val=0.018727 (main=0.018727, smooth=0.081105) | lr=8.422736e-05 | time=137.72s
[Epoch 027] train=0.009511 (main=0.009511, smooth=0.063471) | val=0.019096 (main=0.019096, smooth=0.080922) | lr=8.306559e-05 | time=139.35s
[Epoch 028] train=0.009496 (main=0.009496, smooth=0.063454) | val=0.019197 (main=0.019197, smooth=0.081035) | lr=8.187120e-05 | time=142.25s
[Epoch 029] train=0.009426 (main=0.009426, smooth=0.063384) | val=0.019099 (main=0.019099, smooth=0.080905) | lr=8.064535e-05 | time=137.62s
[Epoch 030] train=0.009523 (main=0.009523, smooth=0.063371) | val=0.019338 (main=0.019338, smooth=0.081121) | lr=7.938926e-05 | time=137.64s
[Epoch 031] train=0.009349 (main=0.009349, smooth=0.063287) | val=0.019745 (main=0.019745, smooth=0.080846) | lr=7.810417e-05 | time=144.87s
[Epoch 032] train=0.009365 (main=0.009365, smooth=0.063250) | val=0.020568 (main=0.020568, smooth=0.080833) | lr=7.679134e-05 | time=136.36s
[INFO] Early stopping triggered at epoch 32.
[INFO] Best epoch=2, best_val_loss=0.012034
[INFO] Test metrics | MAE=124.152740, RMSE=167.086426, R2=0.974241, MAPE=6.576717, valid_ratio=0.8977
[INFO] Prediction subplot groups (experiments): 5
[INFO] Training finished.
