[INFO] Start training with config:
{
  "data_root": "/home/cislab301b/peter/ORAN-Traffic-Prediction/Dataset/colosseum-oran-coloran-dataset",
  "train_dirs": [
    "tr0-9",
    "tr11-14",
    "tr16-27"
  ],
  "val_dirs": [
    "tr10"
  ],
  "test_dirs": [
    "tr15"
  ],
  "slice_type": "urllc",
  "val_split": 0.2,
  "sequence_length": 30,
  "horizon": 1,
  "chunk_size": 64,
  "batch_size": 512,
  "epochs": 100,
  "learning_rate": 1e-05,
  "weight_decay": 0.0,
  "scheduler": "cosine",
  "patience": 20,
  "seed": 42,
  "rnn_type": "bilstm",
  "lstm_hidden": 128,
  "lstm_layers": 2,
  "lstm_dropout": 0.2,
  "d_model": 128,
  "n_heads": 4,
  "n_layers": 3,
  "dim_feedforward": 512,
  "vit_dropout": 0.2,
  "lambda_smooth": 0.0,
  "loss_type": "mse",
  "weight_alpha": 4.0,
  "weight_quantile": 0.9,
  "weight_upper_quantile": 0.99,
  "lambda_ref_iqr": 104.0,
  "disable_scale_aware_lambda": false,
  "num_workers": 0,
  "device": "auto",
  "output_dir": "/home/cislab301b/peter/ORAN-Traffic-Prediction/model8/results/urllc_20260422_214635"
}
[INFO] Device: cuda
[INFO] Val trials (explicit): ['tr10']
[INFO] Slice=urllc | train_csv=1800 | val_csv=94 | test_csv=69
[INFO] Loading train CSV files...
[INFO] Loading val CSV files...
[INFO] Loading test CSV files...
[INFO] Use explicit val dirs: train=1800 val=94 (--val_split ignored)
[INFO] Train feature non-zero ratio:
  - dl_buffer: 0.0905
  - ul_buffer: 0.0036
  - tx_brate: 0.8822
  - rx_brate: 0.2708
  - ul_sinr: 0.2552
  - dl_mcs: 0.8819
  - ul_mcs: 0.2552
  - phr: 0.2525
  - tx_pkts: 0.8822
  - rx_pkts: 0.3029
  - dl_cqi: 1.0000
  - rx_errors_ul: 0.1811
  - dl_n_samples: 0.8822
  - ul_n_samples: 0.3029
  - sum_requested_prbs: 0.8822
[INFO] Windows | train=3621873 val=187544 test=140561
[INFO] Input feature dimension: 15 (['dl_buffer', 'ul_buffer', 'tx_brate', 'rx_brate', 'ul_sinr', 'dl_mcs', 'ul_mcs', 'phr', 'tx_pkts', 'rx_pkts', 'dl_cqi', 'rx_errors_ul', 'dl_n_samples', 'ul_n_samples', 'sum_requested_prbs'])
[INFO] lambda_smooth | base=0.000000, effective=0.000000, target_iqr=103.000000, multiplier=1.004843, scale_aware=on
/home/cislab301b/miniforge3/envs/peter/lib/python3.12/site-packages/torch/nn/modules/transformer.py:392: UserWarning: enable_nested_tensor is True, but self.use_nested_tensor is False because encoder_layer.norm_first was True
  warnings.warn(
[INFO] loss_type=mse (unweighted)
[Epoch 001] train=4.365378 (main=4.365378, smooth=0.816729) | val=1.020095 (main=1.020095, smooth=0.800823) | lr=9.997533e-06 | time=175.11s
[INFO] Saved new best checkpoint at epoch 1.
[Epoch 002] train=2.985220 (main=2.985220, smooth=0.826121) | val=1.247312 (main=1.247312, smooth=0.798641) | lr=9.990134e-06 | time=181.24s
[Epoch 003] train=2.770419 (main=2.770419, smooth=0.825859) | val=1.124950 (main=1.124950, smooth=0.798575) | lr=9.977810e-06 | time=175.72s
[Epoch 004] train=2.838699 (main=2.838699, smooth=0.825911) | val=1.598719 (main=1.598719, smooth=0.798888) | lr=9.960574e-06 | time=177.44s
[Epoch 005] train=2.731134 (main=2.731134, smooth=0.822760) | val=1.524826 (main=1.524826, smooth=0.797713) | lr=9.938442e-06 | time=176.03s
[Epoch 006] train=2.736511 (main=2.736511, smooth=0.822554) | val=1.599597 (main=1.599597, smooth=0.799610) | lr=9.911436e-06 | time=175.76s
[Epoch 007] train=2.737953 (main=2.737953, smooth=0.821749) | val=1.540639 (main=1.540639, smooth=0.796826) | lr=9.879584e-06 | time=183.10s
[Epoch 008] train=2.737457 (main=2.737457, smooth=0.820939) | val=1.408224 (main=1.408224, smooth=0.797392) | lr=9.842916e-06 | time=174.97s
[Epoch 009] train=2.724844 (main=2.724844, smooth=0.820237) | val=1.338090 (main=1.338090, smooth=0.798908) | lr=9.801468e-06 | time=177.53s
[Epoch 010] train=2.708066 (main=2.708066, smooth=0.820271) | val=1.587616 (main=1.587616, smooth=0.797323) | lr=9.755283e-06 | time=181.80s
[Epoch 011] train=2.712062 (main=2.712062, smooth=0.819569) | val=1.579680 (main=1.579680, smooth=0.796847) | lr=9.704404e-06 | time=178.51s
[Epoch 012] train=2.700243 (main=2.700243, smooth=0.819703) | val=1.486970 (main=1.486970, smooth=0.797678) | lr=9.648882e-06 | time=182.18s
[Epoch 013] train=2.698640 (main=2.698640, smooth=0.819044) | val=1.467055 (main=1.467055, smooth=0.798875) | lr=9.588773e-06 | time=179.18s
[Epoch 014] train=2.705134 (main=2.705134, smooth=0.818853) | val=1.387080 (main=1.387080, smooth=0.799784) | lr=9.524135e-06 | time=182.06s
[Epoch 015] train=2.698597 (main=2.698597, smooth=0.818582) | val=1.448277 (main=1.448277, smooth=0.798261) | lr=9.455033e-06 | time=173.52s
[Epoch 016] train=2.685978 (main=2.685978, smooth=0.818534) | val=1.452590 (main=1.452590, smooth=0.797108) | lr=9.381533e-06 | time=176.36s
[Epoch 017] train=2.686910 (main=2.686910, smooth=0.818107) | val=1.663162 (main=1.663162, smooth=0.798080) | lr=9.303710e-06 | time=178.39s
[Epoch 018] train=2.711313 (main=2.711313, smooth=0.817828) | val=1.623736 (main=1.623736, smooth=0.797428) | lr=9.221640e-06 | time=178.47s
[Epoch 019] train=2.692525 (main=2.692525, smooth=0.817463) | val=1.506722 (main=1.506722, smooth=0.798607) | lr=9.135403e-06 | time=175.91s
[Epoch 020] train=2.683244 (main=2.683244, smooth=0.817255) | val=1.479887 (main=1.479887, smooth=0.797110) | lr=9.045085e-06 | time=177.48s
[Epoch 021] train=2.703939 (main=2.703939, smooth=0.816866) | val=1.382498 (main=1.382498, smooth=0.797217) | lr=8.950775e-06 | time=186.24s
[INFO] Early stopping triggered at epoch 21.
[INFO] Best epoch=1, best_val_loss=1.020095
[INFO] Test metrics | MAE=82.733162, RMSE=151.237183, R2=0.413309, MAPE=40.390690, valid_ratio=0.8988
[INFO] Prediction subplot groups (experiments): 5
[INFO] Training finished.
