[INFO] Start training with config:
{
  "data_root": "/home/cislab301b/peter/ORAN-Traffic-Prediction/Dataset/colosseum-oran-coloran-dataset",
  "train_dirs": [
    "tr0-9",
    "tr11-14",
    "tr16-27"
  ],
  "val_dirs": [
    "tr10"
  ],
  "test_dirs": [
    "tr15"
  ],
  "slice_type": "mmtc",
  "val_split": 0.2,
  "sequence_length": 30,
  "horizon": 1,
  "chunk_size": 64,
  "batch_size": 1024,
  "epochs": 100,
  "learning_rate": 0.0001,
  "weight_decay": 0.0,
  "scheduler": "cosine",
  "patience": 30,
  "seed": 42,
  "num_workers": 0,
  "device": "auto",
  "loss_type": "mse",
  "huber_delta": 1.0,
  "weight_alpha": 4.0,
  "weight_quantile": 0.9,
  "weight_upper_quantile": 0.99,
  "lambda_smooth": 0.0,
  "lambda_ref_iqr": 104.0,
  "disable_scale_aware_lambda": false,
  "rnn_type": "bilstm",
  "lstm_hidden": 64,
  "lstm_layers": 2,
  "lstm_dropout": 0.2,
  "hidden_dim": 64,
  "include_target_history": true,
  "readout": "mean",
  "bilstm_input_proj_dim": 16,
  "fft_hidden": 64,
  "fft_n_heads": 4,
  "fft_n_layers": 2,
  "fft_dim_feedforward": 256,
  "fft_dropout": 0.1,
  "fft_readout": "mean",
  "adj_type": "binary_selfloop",
  "adj_corr_threshold": 0.3,
  "gat_hidden": 64,
  "gat_heads": 4,
  "gat_layers": 2,
  "gat_dropout": 0.1,
  "gat_input_proj_dim": 32,
  "gat_head_merge": "concat",
  "gat_final_head_merge": "mean",
  "chebyshev_k": 3.0,
  "anomaly_error_mode": "both",
  "anomaly_extra_k": [
    2.0,
    3.0
  ],
  "output_dir": "/home/cislab301b/peter/ORAN-Traffic-Prediction/model9/results/mmtc_20260423_110339"
}
[INFO] Device: cuda
[INFO] Val trials (explicit): ['tr10']
[INFO] Slice=mmtc | train_csv=1820 | val_csv=96 | test_csv=69 | num_nodes=16
[INFO] Loading train CSV files...
[INFO] Loading val CSV files...
[INFO] Loading test CSV files...
[INFO] Use explicit val dirs: train=1820 val=96 (--val_split ignored)
[INFO] Train feature non-zero ratio:
  - dl_buffer: 0.0624
  - ul_buffer: 0.0036
  - tx_brate: 0.8831
  - rx_brate: 0.2668
  - ul_sinr: 0.2497
  - dl_mcs: 0.8810
  - ul_mcs: 0.2497
  - phr: 0.2497
  - tx_pkts: 0.8831
  - rx_pkts: 0.2933
  - dl_cqi: 1.0000
  - rx_errors_ul: 0.1725
  - dl_n_samples: 0.8831
  - ul_n_samples: 0.2933
  - sum_requested_prbs: 0.8831
  - sum_granted_prbs: 0.8857
[INFO] Windows | train=3622141 val=182848 test=140076
[INFO] Input feature dimension: 16 (['dl_buffer', 'ul_buffer', 'tx_brate', 'rx_brate', 'ul_sinr', 'dl_mcs', 'ul_mcs', 'phr', 'tx_pkts', 'rx_pkts', 'dl_cqi', 'rx_errors_ul', 'dl_n_samples', 'ul_n_samples', 'sum_requested_prbs', 'sum_granted_prbs'])
[INFO] Adjacency | type=binary_selfloop, shape=(16, 16), density=1.0000
[INFO] lambda_smooth | base=0.000000, effective=0.000000, target_iqr=54.000000, multiplier=1.387777, scale_aware=on
/home/cislab301b/miniforge3/envs/peter/lib/python3.12/site-packages/torch/nn/modules/transformer.py:392: UserWarning: enable_nested_tensor is True, but self.use_nested_tensor is False because encoder_layer.norm_first was True
  warnings.warn(
[INFO] loss_type=mse (unweighted)
[Epoch 001] train=33.977383 (main=33.977383, smooth=1.341618) | val=23.370749 (main=23.370749, smooth=1.297348) | lr=9.997533e-05 | time=939.94s
[INFO] Saved new best checkpoint at epoch 1.
[Epoch 002] train=13.399952 (main=13.399952, smooth=1.035388) | val=6.741631 (main=6.741631, smooth=0.986301) | lr=9.990134e-05 | time=940.90s
[INFO] Saved new best checkpoint at epoch 2.
